2017-09-28 20:33:23.956 [pid:6434] - error: uncaughtException: Cannot read property 'release' of undefined 
{ date: 'Thu Sep 28 2017 20:33:23 GMT-0400 (EDT)',
  process: 
   { pid: 6434,
     uid: 0,
     gid: 0,
     cwd: '/opt/www/banana',
     execPath: '/usr/bin/node',
     version: 'v6.11.1',
     argv: [ '/usr/bin/node', '/opt/www/banana/bin/www' ],
     memoryUsage: 
      { rss: 36683776,
        heapTotal: 20971520,
        heapUsed: 17591600,
        external: 583905 } },
  os: 
   { loadavg: [ 0.11328125, 0.08544921875, 0.0966796875 ],
     uptime: 28561647 },
  trace: 
   [ { column: 34,
       file: '/opt/www/banana/common/db_helper.js',
       function: null,
       line: 45,
       method: null,
       native: false },
     { column: 9,
       file: '/opt/www/banana/node_modules/mysql/lib/Pool.js',
       function: 'Handshake.onConnect',
       line: 58,
       method: 'onConnect',
       native: false },
     { column: 24,
       file: '/opt/www/banana/node_modules/mysql/lib/protocol/sequences/Sequence.js',
       function: 'Handshake.Sequence.end',
       line: 88,
       method: 'end',
       native: false },
     { column: 14,
       file: '/opt/www/banana/node_modules/mysql/lib/protocol/Protocol.js',
       function: 'Protocol.handleNetworkError',
       line: 363,
       method: 'handleNetworkError',
       native: false },
     { column: 18,
       file: '/opt/www/banana/node_modules/mysql/lib/Connection.js',
       function: 'PoolConnection.Connection._handleNetworkError',
       line: 428,
       method: '_handleNetworkError',
       native: false },
     { column: 8,
       file: '/opt/www/banana/node_modules/mysql/lib/Connection.js',
       function: 'PoolConnection.Connection._handleConnectTimeout',
       line: 424,
       method: '_handleConnectTimeout',
       native: false },
     { column: 16,
       file: 'events.js',
       function: 'Socket.g',
       line: 292,
       method: 'g',
       native: false },
     { column: 13,
       file: 'events.js',
       function: 'emitNone',
       line: 86,
       method: null,
       native: false },
     { column: 7,
       file: 'events.js',
       function: 'Socket.emit',
       line: 185,
       method: 'emit',
       native: false },
     { column: 8,
       file: 'net.js',
       function: 'Socket._onTimeout',
       line: 338,
       method: '_onTimeout',
       native: false } ],
  stack: 
   [ 'TypeError: Cannot read property \'release\' of undefined',
     '    at /opt/www/banana/common/db_helper.js:45:34',
     '    at Handshake.onConnect (/opt/www/banana/node_modules/mysql/lib/Pool.js:58:9)',
     '    at Handshake.Sequence.end (/opt/www/banana/node_modules/mysql/lib/protocol/sequences/Sequence.js:88:24)',
     '    at Protocol.handleNetworkError (/opt/www/banana/node_modules/mysql/lib/protocol/Protocol.js:363:14)',
     '    at PoolConnection.Connection._handleNetworkError (/opt/www/banana/node_modules/mysql/lib/Connection.js:428:18)',
     '    at PoolConnection.Connection._handleConnectTimeout (/opt/www/banana/node_modules/mysql/lib/Connection.js:424:8)',
     '    at Socket.g (events.js:292:16)',
     '    at emitNone (events.js:86:13)',
     '    at Socket.emit (events.js:185:7)',
     '    at Socket._onTimeout (net.js:338:8)' ] }
2017-09-28 21:10:31.504 [pid:21219] - error: uncaughtException: Cannot read property 'release' of undefined 
{ date: 'Thu Sep 28 2017 21:10:31 GMT-0400 (EDT)',
  process: 
   { pid: 21219,
     uid: 0,
     gid: 0,
     cwd: '/opt/www/banana',
     execPath: '/usr/bin/node',
     version: 'v6.11.1',
     argv: [ '/usr/bin/node', '/opt/www/banana/bin/www' ],
     memoryUsage: 
      { rss: 40411136,
        heapTotal: 22020096,
        heapUsed: 17582584,
        external: 133115 } },
  os: 
   { loadavg: [ 0.23486328125, 0.19384765625, 0.15673828125 ],
     uptime: 28563874 },
  trace: 
   [ { column: 34,
       file: '/opt/www/banana/common/db_helper.js',
       function: null,
       line: 45,
       method: null,
       native: false },
     { column: 9,
       file: '/opt/www/banana/node_modules/mysql/lib/Pool.js',
       function: 'Handshake.onConnect',
       line: 58,
       method: 'onConnect',
       native: false },
     { column: 24,
       file: '/opt/www/banana/node_modules/mysql/lib/protocol/sequences/Sequence.js',
       function: 'Handshake.Sequence.end',
       line: 88,
       method: 'end',
       native: false },
     { column: 14,
       file: '/opt/www/banana/node_modules/mysql/lib/protocol/Protocol.js',
       function: 'Protocol.handleNetworkError',
       line: 363,
       method: 'handleNetworkError',
       native: false },
     { column: 18,
       file: '/opt/www/banana/node_modules/mysql/lib/Connection.js',
       function: 'PoolConnection.Connection._handleNetworkError',
       line: 428,
       method: '_handleNetworkError',
       native: false },
     { column: 8,
       file: '/opt/www/banana/node_modules/mysql/lib/Connection.js',
       function: 'PoolConnection.Connection._handleConnectTimeout',
       line: 424,
       method: '_handleConnectTimeout',
       native: false },
     { column: 16,
       file: 'events.js',
       function: 'Socket.g',
       line: 292,
       method: 'g',
       native: false },
     { column: 13,
       file: 'events.js',
       function: 'emitNone',
       line: 86,
       method: null,
       native: false },
     { column: 7,
       file: 'events.js',
       function: 'Socket.emit',
       line: 185,
       method: 'emit',
       native: false },
     { column: 8,
       file: 'net.js',
       function: 'Socket._onTimeout',
       line: 338,
       method: '_onTimeout',
       native: false } ],
  stack: 
   [ 'TypeError: Cannot read property \'release\' of undefined',
     '    at /opt/www/banana/common/db_helper.js:45:34',
     '    at Handshake.onConnect (/opt/www/banana/node_modules/mysql/lib/Pool.js:58:9)',
     '    at Handshake.Sequence.end (/opt/www/banana/node_modules/mysql/lib/protocol/sequences/Sequence.js:88:24)',
     '    at Protocol.handleNetworkError (/opt/www/banana/node_modules/mysql/lib/protocol/Protocol.js:363:14)',
     '    at PoolConnection.Connection._handleNetworkError (/opt/www/banana/node_modules/mysql/lib/Connection.js:428:18)',
     '    at PoolConnection.Connection._handleConnectTimeout (/opt/www/banana/node_modules/mysql/lib/Connection.js:424:8)',
     '    at Socket.g (events.js:292:16)',
     '    at emitNone (events.js:86:13)',
     '    at Socket.emit (events.js:185:7)',
     '    at Socket._onTimeout (net.js:338:8)' ] }
2017-09-28 21:12:21.138 [pid:16079] - error: uncaughtException: Cannot read property 'release' of undefined 
{ date: 'Thu Sep 28 2017 21:12:21 GMT-0400 (EDT)',
  process: 
   { pid: 16079,
     uid: 0,
     gid: 0,
     cwd: '/opt/www/banana',
     execPath: '/usr/bin/node',
     version: 'v6.11.1',
     argv: [ '/usr/bin/node', '/opt/www/banana/bin/www' ],
     memoryUsage: 
      { rss: 34230272,
        heapTotal: 19922944,
        heapUsed: 17899296,
        external: 583905 } },
  os: 
   { loadavg: [ 0.146484375, 0.18798828125, 0.15673828125 ],
     uptime: 28563984 },
  trace: 
   [ { column: 34,
       file: '/opt/www/banana/common/db_helper.js',
       function: null,
       line: 45,
       method: null,
       native: false },
     { column: 9,
       file: '/opt/www/banana/node_modules/mysql/lib/Pool.js',
       function: 'Handshake.onConnect',
       line: 58,
       method: 'onConnect',
       native: false },
     { column: 24,
       file: '/opt/www/banana/node_modules/mysql/lib/protocol/sequences/Sequence.js',
       function: 'Handshake.Sequence.end',
       line: 88,
       method: 'end',
       native: false },
     { column: 14,
       file: '/opt/www/banana/node_modules/mysql/lib/protocol/Protocol.js',
       function: 'Protocol.handleNetworkError',
       line: 363,
       method: 'handleNetworkError',
       native: false },
     { column: 18,
       file: '/opt/www/banana/node_modules/mysql/lib/Connection.js',
       function: 'PoolConnection.Connection._handleNetworkError',
       line: 428,
       method: '_handleNetworkError',
       native: false },
     { column: 8,
       file: '/opt/www/banana/node_modules/mysql/lib/Connection.js',
       function: 'PoolConnection.Connection._handleConnectTimeout',
       line: 424,
       method: '_handleConnectTimeout',
       native: false },
     { column: 16,
       file: 'events.js',
       function: 'Socket.g',
       line: 292,
       method: 'g',
       native: false },
     { column: 13,
       file: 'events.js',
       function: 'emitNone',
       line: 86,
       method: null,
       native: false },
     { column: 7,
       file: 'events.js',
       function: 'Socket.emit',
       line: 185,
       method: 'emit',
       native: false },
     { column: 8,
       file: 'net.js',
       function: 'Socket._onTimeout',
       line: 338,
       method: '_onTimeout',
       native: false } ],
  stack: 
   [ 'TypeError: Cannot read property \'release\' of undefined',
     '    at /opt/www/banana/common/db_helper.js:45:34',
     '    at Handshake.onConnect (/opt/www/banana/node_modules/mysql/lib/Pool.js:58:9)',
     '    at Handshake.Sequence.end (/opt/www/banana/node_modules/mysql/lib/protocol/sequences/Sequence.js:88:24)',
     '    at Protocol.handleNetworkError (/opt/www/banana/node_modules/mysql/lib/protocol/Protocol.js:363:14)',
     '    at PoolConnection.Connection._handleNetworkError (/opt/www/banana/node_modules/mysql/lib/Connection.js:428:18)',
     '    at PoolConnection.Connection._handleConnectTimeout (/opt/www/banana/node_modules/mysql/lib/Connection.js:424:8)',
     '    at Socket.g (events.js:292:16)',
     '    at emitNone (events.js:86:13)',
     '    at Socket.emit (events.js:185:7)',
     '    at Socket._onTimeout (net.js:338:8)' ] }
2017-09-28 21:22:02.052 [pid:23174] - error: uncaughtException: Cannot read property 'release' of undefined 
{ date: 'Thu Sep 28 2017 21:22:02 GMT-0400 (EDT)',
  process: 
   { pid: 23174,
     uid: 0,
     gid: 0,
     cwd: '/opt/www/banana',
     execPath: '/usr/bin/node',
     version: 'v6.11.1',
     argv: [ '/usr/bin/node', '/opt/www/banana/bin/www' ],
     memoryUsage: 
      { rss: 35966976,
        heapTotal: 22020096,
        heapUsed: 15519856,
        external: 50357 } },
  os: 
   { loadavg: [ 0.0908203125, 0.1455078125, 0.1357421875 ],
     uptime: 28564565 },
  trace: 
   [ { column: 34,
       file: '/opt/www/banana/common/db_helper.js',
       function: null,
       line: 45,
       method: null,
       native: false },
     { column: 9,
       file: '/opt/www/banana/node_modules/mysql/lib/Pool.js',
       function: 'Handshake.onConnect',
       line: 58,
       method: 'onConnect',
       native: false },
     { column: 24,
       file: '/opt/www/banana/node_modules/mysql/lib/protocol/sequences/Sequence.js',
       function: 'Handshake.Sequence.end',
       line: 88,
       method: 'end',
       native: false },
     { column: 14,
       file: '/opt/www/banana/node_modules/mysql/lib/protocol/Protocol.js',
       function: 'Protocol.handleNetworkError',
       line: 363,
       method: 'handleNetworkError',
       native: false },
     { column: 18,
       file: '/opt/www/banana/node_modules/mysql/lib/Connection.js',
       function: 'PoolConnection.Connection._handleNetworkError',
       line: 428,
       method: '_handleNetworkError',
       native: false },
     { column: 8,
       file: '/opt/www/banana/node_modules/mysql/lib/Connection.js',
       function: 'PoolConnection.Connection._handleConnectTimeout',
       line: 424,
       method: '_handleConnectTimeout',
       native: false },
     { column: 16,
       file: 'events.js',
       function: 'Socket.g',
       line: 292,
       method: 'g',
       native: false },
     { column: 13,
       file: 'events.js',
       function: 'emitNone',
       line: 86,
       method: null,
       native: false },
     { column: 7,
       file: 'events.js',
       function: 'Socket.emit',
       line: 185,
       method: 'emit',
       native: false },
     { column: 8,
       file: 'net.js',
       function: 'Socket._onTimeout',
       line: 338,
       method: '_onTimeout',
       native: false } ],
  stack: 
   [ 'TypeError: Cannot read property \'release\' of undefined',
     '    at /opt/www/banana/common/db_helper.js:45:34',
     '    at Handshake.onConnect (/opt/www/banana/node_modules/mysql/lib/Pool.js:58:9)',
     '    at Handshake.Sequence.end (/opt/www/banana/node_modules/mysql/lib/protocol/sequences/Sequence.js:88:24)',
     '    at Protocol.handleNetworkError (/opt/www/banana/node_modules/mysql/lib/protocol/Protocol.js:363:14)',
     '    at PoolConnection.Connection._handleNetworkError (/opt/www/banana/node_modules/mysql/lib/Connection.js:428:18)',
     '    at PoolConnection.Connection._handleConnectTimeout (/opt/www/banana/node_modules/mysql/lib/Connection.js:424:8)',
     '    at Socket.g (events.js:292:16)',
     '    at emitNone (events.js:86:13)',
     '    at Socket.emit (events.js:185:7)',
     '    at Socket._onTimeout (net.js:338:8)' ] }
