2017-09-17 22:45:26.268 [pid:6562] - error: uncaughtException: case_when_phrase2 is not defined 
{ date: 'Sun Sep 17 2017 22:45:26 GMT-0400 (EDT)',
  process: 
   { pid: 6562,
     uid: 0,
     gid: 0,
     cwd: '/opt/www/banana',
     execPath: '/usr/bin/node',
     version: 'v6.11.1',
     argv: [ '/usr/bin/node', '/opt/www/banana/bin/www' ],
     memoryUsage: 
      { rss: 41979904,
        heapTotal: 34603008,
        heapUsed: 22197128,
        external: 667777 } },
  os: 
   { loadavg: [ 0.048828125, 0.08251953125, 0.12060546875 ],
     uptime: 27619169 },
  trace: 
   [ { column: 13,
       file: '/opt/www/banana/models/naver_shopping_adgroup_model.js',
       function: null,
       line: 122,
       method: null,
       native: false },
     { column: 9,
       file: '/opt/www/banana/common/db_helper.js',
       function: null,
       line: 129,
       method: null,
       native: false },
     { column: 21,
       file: '/opt/www/banana/common/db_helper.js',
       function: null,
       line: 51,
       method: null,
       native: false },
     { column: 7,
       file: '/opt/www/banana/node_modules/mysql/lib/Pool.js',
       function: 'Handshake.onConnect',
       line: 64,
       method: 'onConnect',
       native: false },
     { column: 24,
       file: '/opt/www/banana/node_modules/mysql/lib/protocol/sequences/Sequence.js',
       function: 'Handshake.Sequence.end',
       line: 88,
       method: 'end',
       native: false },
     { column: 8,
       file: '/opt/www/banana/node_modules/mysql/lib/protocol/sequences/Sequence.js',
       function: 'Handshake.Sequence.OkPacket',
       line: 97,
       method: 'OkPacket',
       native: false },
     { column: 23,
       file: '/opt/www/banana/node_modules/mysql/lib/protocol/Protocol.js',
       function: 'Protocol._parsePacket',
       line: 279,
       method: '_parsePacket',
       native: false },
     { column: 12,
       file: '/opt/www/banana/node_modules/mysql/lib/protocol/Parser.js',
       function: 'Parser.write',
       line: 76,
       method: 'write',
       native: false },
     { column: 16,
       file: '/opt/www/banana/node_modules/mysql/lib/protocol/Protocol.js',
       function: 'Protocol.write',
       line: 39,
       method: 'write',
       native: false },
     { column: 28,
       file: '/opt/www/banana/node_modules/mysql/lib/Connection.js',
       function: null,
       line: 103,
       method: null,
       native: false } ],
  stack: 
   [ 'ReferenceError: case_when_phrase2 is not defined',
     '    at /opt/www/banana/models/naver_shopping_adgroup_model.js:122:13',
     '    at /opt/www/banana/common/db_helper.js:129:9',
     '    at /opt/www/banana/common/db_helper.js:51:21',
     '    at Handshake.onConnect (/opt/www/banana/node_modules/mysql/lib/Pool.js:64:7)',
     '    at Handshake.Sequence.end (/opt/www/banana/node_modules/mysql/lib/protocol/sequences/Sequence.js:88:24)',
     '    at Handshake.Sequence.OkPacket (/opt/www/banana/node_modules/mysql/lib/protocol/sequences/Sequence.js:97:8)',
     '    at Protocol._parsePacket (/opt/www/banana/node_modules/mysql/lib/protocol/Protocol.js:279:23)',
     '    at Parser.write (/opt/www/banana/node_modules/mysql/lib/protocol/Parser.js:76:12)',
     '    at Protocol.write (/opt/www/banana/node_modules/mysql/lib/protocol/Protocol.js:39:16)',
     '    at Socket.<anonymous> (/opt/www/banana/node_modules/mysql/lib/Connection.js:103:28)' ] }
2017-09-17 22:46:01.953 [pid:7924] - error: uncaughtException: adgroup_id_arr is not defined 
{ date: 'Sun Sep 17 2017 22:46:01 GMT-0400 (EDT)',
  process: 
   { pid: 7924,
     uid: 0,
     gid: 0,
     cwd: '/opt/www/banana',
     execPath: '/usr/bin/node',
     version: 'v6.11.1',
     argv: [ '/usr/bin/node', '/opt/www/banana/bin/www' ],
     memoryUsage: 
      { rss: 44085248,
        heapTotal: 34603008,
        heapUsed: 22223128,
        external: 667777 } },
  os: 
   { loadavg: [ 0.08984375, 0.0888671875, 0.12255859375 ],
     uptime: 27619205 },
  trace: 
   [ { column: 35,
       file: '/opt/www/banana/models/naver_shopping_adgroup_model.js',
       function: null,
       line: 123,
       method: null,
       native: false },
     { column: 9,
       file: '/opt/www/banana/common/db_helper.js',
       function: null,
       line: 129,
       method: null,
       native: false },
     { column: 21,
       file: '/opt/www/banana/common/db_helper.js',
       function: null,
       line: 51,
       method: null,
       native: false },
     { column: 7,
       file: '/opt/www/banana/node_modules/mysql/lib/Pool.js',
       function: 'Handshake.onConnect',
       line: 64,
       method: 'onConnect',
       native: false },
     { column: 24,
       file: '/opt/www/banana/node_modules/mysql/lib/protocol/sequences/Sequence.js',
       function: 'Handshake.Sequence.end',
       line: 88,
       method: 'end',
       native: false },
     { column: 8,
       file: '/opt/www/banana/node_modules/mysql/lib/protocol/sequences/Sequence.js',
       function: 'Handshake.Sequence.OkPacket',
       line: 97,
       method: 'OkPacket',
       native: false },
     { column: 23,
       file: '/opt/www/banana/node_modules/mysql/lib/protocol/Protocol.js',
       function: 'Protocol._parsePacket',
       line: 279,
       method: '_parsePacket',
       native: false },
     { column: 12,
       file: '/opt/www/banana/node_modules/mysql/lib/protocol/Parser.js',
       function: 'Parser.write',
       line: 76,
       method: 'write',
       native: false },
     { column: 16,
       file: '/opt/www/banana/node_modules/mysql/lib/protocol/Protocol.js',
       function: 'Protocol.write',
       line: 39,
       method: 'write',
       native: false },
     { column: 28,
       file: '/opt/www/banana/node_modules/mysql/lib/Connection.js',
       function: null,
       line: 103,
       method: null,
       native: false } ],
  stack: 
   [ 'ReferenceError: adgroup_id_arr is not defined',
     '    at /opt/www/banana/models/naver_shopping_adgroup_model.js:123:35',
     '    at /opt/www/banana/common/db_helper.js:129:9',
     '    at /opt/www/banana/common/db_helper.js:51:21',
     '    at Handshake.onConnect (/opt/www/banana/node_modules/mysql/lib/Pool.js:64:7)',
     '    at Handshake.Sequence.end (/opt/www/banana/node_modules/mysql/lib/protocol/sequences/Sequence.js:88:24)',
     '    at Handshake.Sequence.OkPacket (/opt/www/banana/node_modules/mysql/lib/protocol/sequences/Sequence.js:97:8)',
     '    at Protocol._parsePacket (/opt/www/banana/node_modules/mysql/lib/protocol/Protocol.js:279:23)',
     '    at Parser.write (/opt/www/banana/node_modules/mysql/lib/protocol/Parser.js:76:12)',
     '    at Protocol.write (/opt/www/banana/node_modules/mysql/lib/protocol/Protocol.js:39:16)',
     '    at Socket.<anonymous> (/opt/www/banana/node_modules/mysql/lib/Connection.js:103:28)' ] }
2017-09-17 22:46:22.987 [pid:8962] - error: uncaughtException: adgroup_id_arr is not defined 
{ date: 'Sun Sep 17 2017 22:46:22 GMT-0400 (EDT)',
  process: 
   { pid: 8962,
     uid: 0,
     gid: 0,
     cwd: '/opt/www/banana',
     execPath: '/usr/bin/node',
     version: 'v6.11.1',
     argv: [ '/usr/bin/node', '/opt/www/banana/bin/www' ],
     memoryUsage: 
      { rss: 42110976,
        heapTotal: 34603008,
        heapUsed: 22170112,
        external: 667777 } },
  os: 
   { loadavg: [ 0.064453125, 0.0830078125, 0.12060546875 ],
     uptime: 27619226 },
  trace: 
   [ { column: 35,
       file: '/opt/www/banana/models/naver_shopping_adgroup_model.js',
       function: null,
       line: 123,
       method: null,
       native: false },
     { column: 9,
       file: '/opt/www/banana/common/db_helper.js',
       function: null,
       line: 129,
       method: null,
       native: false },
     { column: 21,
       file: '/opt/www/banana/common/db_helper.js',
       function: null,
       line: 51,
       method: null,
       native: false },
     { column: 7,
       file: '/opt/www/banana/node_modules/mysql/lib/Pool.js',
       function: 'Handshake.onConnect',
       line: 64,
       method: 'onConnect',
       native: false },
     { column: 24,
       file: '/opt/www/banana/node_modules/mysql/lib/protocol/sequences/Sequence.js',
       function: 'Handshake.Sequence.end',
       line: 88,
       method: 'end',
       native: false },
     { column: 8,
       file: '/opt/www/banana/node_modules/mysql/lib/protocol/sequences/Sequence.js',
       function: 'Handshake.Sequence.OkPacket',
       line: 97,
       method: 'OkPacket',
       native: false },
     { column: 23,
       file: '/opt/www/banana/node_modules/mysql/lib/protocol/Protocol.js',
       function: 'Protocol._parsePacket',
       line: 279,
       method: '_parsePacket',
       native: false },
     { column: 12,
       file: '/opt/www/banana/node_modules/mysql/lib/protocol/Parser.js',
       function: 'Parser.write',
       line: 76,
       method: 'write',
       native: false },
     { column: 16,
       file: '/opt/www/banana/node_modules/mysql/lib/protocol/Protocol.js',
       function: 'Protocol.write',
       line: 39,
       method: 'write',
       native: false },
     { column: 28,
       file: '/opt/www/banana/node_modules/mysql/lib/Connection.js',
       function: null,
       line: 103,
       method: null,
       native: false } ],
  stack: 
   [ 'ReferenceError: adgroup_id_arr is not defined',
     '    at /opt/www/banana/models/naver_shopping_adgroup_model.js:123:35',
     '    at /opt/www/banana/common/db_helper.js:129:9',
     '    at /opt/www/banana/common/db_helper.js:51:21',
     '    at Handshake.onConnect (/opt/www/banana/node_modules/mysql/lib/Pool.js:64:7)',
     '    at Handshake.Sequence.end (/opt/www/banana/node_modules/mysql/lib/protocol/sequences/Sequence.js:88:24)',
     '    at Handshake.Sequence.OkPacket (/opt/www/banana/node_modules/mysql/lib/protocol/sequences/Sequence.js:97:8)',
     '    at Protocol._parsePacket (/opt/www/banana/node_modules/mysql/lib/protocol/Protocol.js:279:23)',
     '    at Parser.write (/opt/www/banana/node_modules/mysql/lib/protocol/Parser.js:76:12)',
     '    at Protocol.write (/opt/www/banana/node_modules/mysql/lib/protocol/Protocol.js:39:16)',
     '    at Socket.<anonymous> (/opt/www/banana/node_modules/mysql/lib/Connection.js:103:28)' ] }
2017-09-17 22:46:41.475 [pid:9800] - error: uncaughtException: case_when_phrase2 is not defined 
{ date: 'Sun Sep 17 2017 22:46:41 GMT-0400 (EDT)',
  process: 
   { pid: 9800,
     uid: 0,
     gid: 0,
     cwd: '/opt/www/banana',
     execPath: '/usr/bin/node',
     version: 'v6.11.1',
     argv: [ '/usr/bin/node', '/opt/www/banana/bin/www' ],
     memoryUsage: 
      { rss: 44314624,
        heapTotal: 34603008,
        heapUsed: 22172032,
        external: 667777 } },
  os: 
   { loadavg: [ 0.0458984375, 0.0771484375, 0.11865234375 ],
     uptime: 27619244 },
  trace: 
   [ { column: 35,
       file: '/opt/www/banana/models/naver_shopping_adgroup_model.js',
       function: null,
       line: 132,
       method: null,
       native: false },
     { column: 9,
       file: '/opt/www/banana/common/db_helper.js',
       function: null,
       line: 129,
       method: null,
       native: false },
     { column: 21,
       file: '/opt/www/banana/common/db_helper.js',
       function: null,
       line: 51,
       method: null,
       native: false },
     { column: 7,
       file: '/opt/www/banana/node_modules/mysql/lib/Pool.js',
       function: 'Handshake.onConnect',
       line: 64,
       method: 'onConnect',
       native: false },
     { column: 24,
       file: '/opt/www/banana/node_modules/mysql/lib/protocol/sequences/Sequence.js',
       function: 'Handshake.Sequence.end',
       line: 88,
       method: 'end',
       native: false },
     { column: 8,
       file: '/opt/www/banana/node_modules/mysql/lib/protocol/sequences/Sequence.js',
       function: 'Handshake.Sequence.OkPacket',
       line: 97,
       method: 'OkPacket',
       native: false },
     { column: 23,
       file: '/opt/www/banana/node_modules/mysql/lib/protocol/Protocol.js',
       function: 'Protocol._parsePacket',
       line: 279,
       method: '_parsePacket',
       native: false },
     { column: 12,
       file: '/opt/www/banana/node_modules/mysql/lib/protocol/Parser.js',
       function: 'Parser.write',
       line: 76,
       method: 'write',
       native: false },
     { column: 16,
       file: '/opt/www/banana/node_modules/mysql/lib/protocol/Protocol.js',
       function: 'Protocol.write',
       line: 39,
       method: 'write',
       native: false },
     { column: 28,
       file: '/opt/www/banana/node_modules/mysql/lib/Connection.js',
       function: null,
       line: 103,
       method: null,
       native: false } ],
  stack: 
   [ 'ReferenceError: case_when_phrase2 is not defined',
     '    at /opt/www/banana/models/naver_shopping_adgroup_model.js:132:35',
     '    at /opt/www/banana/common/db_helper.js:129:9',
     '    at /opt/www/banana/common/db_helper.js:51:21',
     '    at Handshake.onConnect (/opt/www/banana/node_modules/mysql/lib/Pool.js:64:7)',
     '    at Handshake.Sequence.end (/opt/www/banana/node_modules/mysql/lib/protocol/sequences/Sequence.js:88:24)',
     '    at Handshake.Sequence.OkPacket (/opt/www/banana/node_modules/mysql/lib/protocol/sequences/Sequence.js:97:8)',
     '    at Protocol._parsePacket (/opt/www/banana/node_modules/mysql/lib/protocol/Protocol.js:279:23)',
     '    at Parser.write (/opt/www/banana/node_modules/mysql/lib/protocol/Parser.js:76:12)',
     '    at Protocol.write (/opt/www/banana/node_modules/mysql/lib/protocol/Protocol.js:39:16)',
     '    at Socket.<anonymous> (/opt/www/banana/node_modules/mysql/lib/Connection.js:103:28)' ] }
2017-09-18 03:23:59.287 [pid:3449] - error: uncaughtException: Can't set headers after they are sent. 
{ date: 'Mon Sep 18 2017 03:23:59 GMT-0400 (EDT)',
  process: 
   { pid: 3449,
     uid: 0,
     gid: 0,
     cwd: '/opt/www/banana',
     execPath: '/usr/bin/node',
     version: 'v6.11.1',
     argv: [ '/usr/bin/node', '/opt/www/banana/bin/www' ],
     memoryUsage: 
      { rss: 44605440,
        heapTotal: 35651584,
        heapUsed: 23487856,
        external: 680402 } },
  os: 
   { loadavg: [ 0.06640625, 0.103515625, 0.12939453125 ],
     uptime: 27635882 },
  trace: 
   [ { column: 11,
       file: '_http_outgoing.js',
       function: 'ServerResponse.OutgoingMessage.setHeader',
       line: 357,
       method: 'setHeader',
       native: false },
     { column: 10,
       file: '/opt/www/banana/node_modules/express/lib/response.js',
       function: 'ServerResponse.header',
       line: 730,
       method: 'header',
       native: false },
     { column: 12,
       file: '/opt/www/banana/node_modules/express/lib/response.js',
       function: 'ServerResponse.send',
       line: 170,
       method: 'send',
       native: false },
     { column: 15,
       file: '/opt/www/banana/node_modules/express/lib/response.js',
       function: 'ServerResponse.json',
       line: 256,
       method: 'json',
       native: false },
     { column: 21,
       file: '/opt/www/banana/node_modules/express/lib/response.js',
       function: 'ServerResponse.send',
       line: 158,
       method: 'send',
       native: false },
     { column: 30,
       file: '/opt/www/banana/common/web_helper.js',
       function: 'ServerResponse.res.sendApi',
       line: 75,
       method: 'sendApi',
       native: false },
     { column: 21,
       file: '/opt/www/banana/models/naver_shopping_ad_model.js',
       function: null,
       line: 78,
       method: null,
       native: false },
     { column: 21,
       file: '/opt/www/banana/common/db_helper.js',
       function: 'Query._callback',
       line: 119,
       method: '_callback',
       native: false },
     { column: 24,
       file: '/opt/www/banana/node_modules/mysql/lib/protocol/sequences/Sequence.js',
       function: 'Query.Sequence.end',
       line: 88,
       method: 'end',
       native: false },
     { column: 8,
       file: '/opt/www/banana/node_modules/mysql/lib/protocol/sequences/Query.js',
       function: 'Query._handleFinalResultPacket',
       line: 139,
       method: '_handleFinalResultPacket',
       native: false } ],
  stack: 
   [ 'Error: Can\'t set headers after they are sent.',
     '    at ServerResponse.OutgoingMessage.setHeader (_http_outgoing.js:357:11)',
     '    at ServerResponse.header (/opt/www/banana/node_modules/express/lib/response.js:730:10)',
     '    at ServerResponse.send (/opt/www/banana/node_modules/express/lib/response.js:170:12)',
     '    at ServerResponse.json (/opt/www/banana/node_modules/express/lib/response.js:256:15)',
     '    at ServerResponse.send (/opt/www/banana/node_modules/express/lib/response.js:158:21)',
     '    at ServerResponse.res.sendApi (/opt/www/banana/common/web_helper.js:75:30)',
     '    at /opt/www/banana/models/naver_shopping_ad_model.js:78:21',
     '    at Query._callback (/opt/www/banana/common/db_helper.js:119:21)',
     '    at Query.Sequence.end (/opt/www/banana/node_modules/mysql/lib/protocol/sequences/Sequence.js:88:24)',
     '    at Query._handleFinalResultPacket (/opt/www/banana/node_modules/mysql/lib/protocol/sequences/Query.js:139:8)' ] }
2017-09-18 08:26:26.502 [pid:598] - error: uncaughtException: Cannot read property 'threadId' of undefined 
{ date: 'Mon Sep 18 2017 08:26:26 GMT-0400 (EDT)',
  process: 
   { pid: 598,
     uid: 0,
     gid: 0,
     cwd: '/opt/www/banana',
     execPath: '/usr/bin/node',
     version: 'v6.11.1',
     argv: [ '/usr/bin/node', '/opt/www/banana/bin/www' ],
     memoryUsage: 
      { rss: 42749952,
        heapTotal: 32505856,
        heapUsed: 21216200,
        external: 572640 } },
  os: 
   { loadavg: [ 0.0224609375, 0.0400390625, 0.04541015625 ],
     uptime: 27654029 },
  trace: 
   [ { column: 34,
       file: '/opt/www/banana/common/db_helper.js',
       function: 'Object.query',
       line: 83,
       method: 'query',
       native: false },
     { column: 14,
       file: '/opt/www/banana/models/naver_shopping_adgroup_model.js',
       function: null,
       line: 9,
       method: null,
       native: false },
     { column: 9,
       file: '/opt/www/banana/common/db_helper.js',
       function: null,
       line: 129,
       method: null,
       native: false },
     { column: 21,
       file: '/opt/www/banana/common/db_helper.js',
       function: null,
       line: 51,
       method: null,
       native: false },
     { column: 9,
       file: '/opt/www/banana/node_modules/mysql/lib/Pool.js',
       function: 'Handshake.onConnect',
       line: 58,
       method: 'onConnect',
       native: false },
     { column: 24,
       file: '/opt/www/banana/node_modules/mysql/lib/protocol/sequences/Sequence.js',
       function: 'Handshake.Sequence.end',
       line: 88,
       method: 'end',
       native: false },
     { column: 14,
       file: '/opt/www/banana/node_modules/mysql/lib/protocol/Protocol.js',
       function: 'Protocol.handleNetworkError',
       line: 363,
       method: 'handleNetworkError',
       native: false },
     { column: 18,
       file: '/opt/www/banana/node_modules/mysql/lib/Connection.js',
       function: 'PoolConnection.Connection._handleNetworkError',
       line: 428,
       method: '_handleNetworkError',
       native: false },
     { column: 8,
       file: '/opt/www/banana/node_modules/mysql/lib/Connection.js',
       function: 'PoolConnection.Connection._handleConnectTimeout',
       line: 424,
       method: '_handleConnectTimeout',
       native: false },
     { column: 16,
       file: 'events.js',
       function: 'Socket.g',
       line: 292,
       method: 'g',
       native: false } ],
  stack: 
   [ 'TypeError: Cannot read property \'threadId\' of undefined',
     '    at Object.query (/opt/www/banana/common/db_helper.js:83:34)',
     '    at /opt/www/banana/models/naver_shopping_adgroup_model.js:9:14',
     '    at /opt/www/banana/common/db_helper.js:129:9',
     '    at /opt/www/banana/common/db_helper.js:51:21',
     '    at Handshake.onConnect (/opt/www/banana/node_modules/mysql/lib/Pool.js:58:9)',
     '    at Handshake.Sequence.end (/opt/www/banana/node_modules/mysql/lib/protocol/sequences/Sequence.js:88:24)',
     '    at Protocol.handleNetworkError (/opt/www/banana/node_modules/mysql/lib/protocol/Protocol.js:363:14)',
     '    at PoolConnection.Connection._handleNetworkError (/opt/www/banana/node_modules/mysql/lib/Connection.js:428:18)',
     '    at PoolConnection.Connection._handleConnectTimeout (/opt/www/banana/node_modules/mysql/lib/Connection.js:424:8)',
     '    at Socket.g (events.js:292:16)' ] }
