2017-09-11 03:40:02.757 [pid:3947] - error: uncaughtException: Cannot find module '../models/campaign_model' 
{ date: 'Mon Sep 11 2017 03:40:02 GMT-0400 (EDT)',
  process: 
   { pid: 3947,
     uid: 0,
     gid: 0,
     cwd: '/opt/www/banana',
     execPath: '/usr/bin/node',
     version: 'v6.11.1',
     argv: [ '/usr/bin/node', '/opt/www/banana/bin/www' ],
     memoryUsage: 
      { rss: 27693056,
        heapTotal: 18874368,
        heapUsed: 11134280,
        external: 333499 } },
  os: 
   { loadavg: [ 0.14306640625, 0.072265625, 0.05615234375 ],
     uptime: 27032045 },
  trace: 
   [ { column: 15,
       file: 'module.js',
       function: 'Module._resolveFilename',
       line: 469,
       method: '_resolveFilename',
       native: false },
     { column: 25,
       file: 'module.js',
       function: 'Module._load',
       line: 417,
       method: '_load',
       native: false },
     { column: 17,
       file: 'module.js',
       function: 'Module.require',
       line: 497,
       method: 'require',
       native: false },
     { column: 19,
       file: 'internal/module.js',
       function: 'require',
       line: 20,
       method: null,
       native: false },
     { column: 21,
       file: '/opt/www/banana/controller/login_controller.js',
       function: null,
       line: 3,
       method: null,
       native: false },
     { column: 32,
       file: 'module.js',
       function: 'Module._compile',
       line: 570,
       method: '_compile',
       native: false },
     { column: 10,
       file: 'module.js',
       function: 'Module._extensions..js',
       line: 579,
       method: '.js',
       native: false },
     { column: 32,
       file: 'module.js',
       function: 'Module.load',
       line: 487,
       method: 'load',
       native: false },
     { column: 12,
       file: 'module.js',
       function: 'tryModuleLoad',
       line: 446,
       method: null,
       native: false },
     { column: 3,
       file: 'module.js',
       function: 'Module._load',
       line: 438,
       method: '_load',
       native: false } ],
  stack: 
   [ 'Error: Cannot find module \'../models/campaign_model\'',
     '    at Function.Module._resolveFilename (module.js:469:15)',
     '    at Function.Module._load (module.js:417:25)',
     '    at Module.require (module.js:497:17)',
     '    at require (internal/module.js:20:19)',
     '    at Object.<anonymous> (/opt/www/banana/controller/login_controller.js:3:21)',
     '    at Module._compile (module.js:570:32)',
     '    at Object.Module._extensions..js (module.js:579:10)',
     '    at Module.load (module.js:487:32)',
     '    at tryModuleLoad (module.js:446:12)',
     '    at Function.Module._load (module.js:438:3)' ] }
2017-09-11 03:41:16.093 [pid:5822] - error: uncaughtException: Cannot find module '../models/campaign_model' 
{ date: 'Mon Sep 11 2017 03:41:16 GMT-0400 (EDT)',
  process: 
   { pid: 5822,
     uid: 0,
     gid: 0,
     cwd: '/opt/www/banana',
     execPath: '/usr/bin/node',
     version: 'v6.11.1',
     argv: [ '/usr/bin/node', '/opt/www/banana/bin/www' ],
     memoryUsage: 
      { rss: 27660288,
        heapTotal: 18874368,
        heapUsed: 11100568,
        external: 333499 } },
  os: 
   { loadavg: [ 0.044921875, 0.05859375, 0.04931640625 ],
     uptime: 27032119 },
  trace: 
   [ { column: 15,
       file: 'module.js',
       function: 'Module._resolveFilename',
       line: 469,
       method: '_resolveFilename',
       native: false },
     { column: 25,
       file: 'module.js',
       function: 'Module._load',
       line: 417,
       method: '_load',
       native: false },
     { column: 17,
       file: 'module.js',
       function: 'Module.require',
       line: 497,
       method: 'require',
       native: false },
     { column: 19,
       file: 'internal/module.js',
       function: 'require',
       line: 20,
       method: null,
       native: false },
     { column: 21,
       file: '/opt/www/banana/controller/login_controller.js',
       function: null,
       line: 3,
       method: null,
       native: false },
     { column: 32,
       file: 'module.js',
       function: 'Module._compile',
       line: 570,
       method: '_compile',
       native: false },
     { column: 10,
       file: 'module.js',
       function: 'Module._extensions..js',
       line: 579,
       method: '.js',
       native: false },
     { column: 32,
       file: 'module.js',
       function: 'Module.load',
       line: 487,
       method: 'load',
       native: false },
     { column: 12,
       file: 'module.js',
       function: 'tryModuleLoad',
       line: 446,
       method: null,
       native: false },
     { column: 3,
       file: 'module.js',
       function: 'Module._load',
       line: 438,
       method: '_load',
       native: false } ],
  stack: 
   [ 'Error: Cannot find module \'../models/campaign_model\'',
     '    at Function.Module._resolveFilename (module.js:469:15)',
     '    at Function.Module._load (module.js:417:25)',
     '    at Module.require (module.js:497:17)',
     '    at require (internal/module.js:20:19)',
     '    at Object.<anonymous> (/opt/www/banana/controller/login_controller.js:3:21)',
     '    at Module._compile (module.js:570:32)',
     '    at Object.Module._extensions..js (module.js:579:10)',
     '    at Module.load (module.js:487:32)',
     '    at tryModuleLoad (module.js:446:12)',
     '    at Function.Module._load (module.js:438:3)' ] }
2017-09-11 04:44:16.768 [pid:16252] - error: uncaughtException: Cannot find module 'multer' 
{ date: 'Mon Sep 11 2017 04:44:16 GMT-0400 (EDT)',
  process: 
   { pid: 16252,
     uid: 0,
     gid: 0,
     cwd: '/opt/www/banana',
     execPath: '/usr/bin/node',
     version: 'v6.11.1',
     argv: [ '/usr/bin/node', '/opt/www/banana/bin/www' ],
     memoryUsage: 
      { rss: 27783168,
        heapTotal: 18874368,
        heapUsed: 11213832,
        external: 338427 } },
  os: 
   { loadavg: [ 0.01220703125, 0.0390625, 0.04541015625 ],
     uptime: 27035899 },
  trace: 
   [ { column: 15,
       file: 'module.js',
       function: 'Module._resolveFilename',
       line: 469,
       method: '_resolveFilename',
       native: false },
     { column: 25,
       file: 'module.js',
       function: 'Module._load',
       line: 417,
       method: '_load',
       native: false },
     { column: 17,
       file: 'module.js',
       function: 'Module.require',
       line: 497,
       method: 'require',
       native: false },
     { column: 19,
       file: 'internal/module.js',
       function: 'require',
       line: 20,
       method: null,
       native: false },
     { column: 14,
       file: '/opt/www/banana/common/web_helper.js',
       function: null,
       line: 9,
       method: null,
       native: false },
     { column: 32,
       file: 'module.js',
       function: 'Module._compile',
       line: 570,
       method: '_compile',
       native: false },
     { column: 10,
       file: 'module.js',
       function: 'Module._extensions..js',
       line: 579,
       method: '.js',
       native: false },
     { column: 32,
       file: 'module.js',
       function: 'Module.load',
       line: 487,
       method: 'load',
       native: false },
     { column: 12,
       file: 'module.js',
       function: 'tryModuleLoad',
       line: 446,
       method: null,
       native: false },
     { column: 3,
       file: 'module.js',
       function: 'Module._load',
       line: 438,
       method: '_load',
       native: false } ],
  stack: 
   [ 'Error: Cannot find module \'multer\'',
     '    at Function.Module._resolveFilename (module.js:469:15)',
     '    at Function.Module._load (module.js:417:25)',
     '    at Module.require (module.js:497:17)',
     '    at require (internal/module.js:20:19)',
     '    at Object.<anonymous> (/opt/www/banana/common/web_helper.js:9:14)',
     '    at Module._compile (module.js:570:32)',
     '    at Object.Module._extensions..js (module.js:579:10)',
     '    at Module.load (module.js:487:32)',
     '    at tryModuleLoad (module.js:446:12)',
     '    at Function.Module._load (module.js:438:3)' ] }
2017-09-11 04:45:52.821 [pid:18893] - error: uncaughtException: Cannot find module 'nodemailer' 
{ date: 'Mon Sep 11 2017 04:45:52 GMT-0400 (EDT)',
  process: 
   { pid: 18893,
     uid: 0,
     gid: 0,
     cwd: '/opt/www/banana',
     execPath: '/usr/bin/node',
     version: 'v6.11.1',
     argv: [ '/usr/bin/node', '/opt/www/banana/bin/www' ],
     memoryUsage: 
      { rss: 33239040,
        heapTotal: 19922944,
        heapUsed: 12507352,
        external: 76599 } },
  os: 
   { loadavg: [ 0.1650390625, 0.07568359375, 0.0576171875 ],
     uptime: 27035995 },
  trace: 
   [ { column: 15,
       file: 'module.js',
       function: 'Module._resolveFilename',
       line: 469,
       method: '_resolveFilename',
       native: false },
     { column: 25,
       file: 'module.js',
       function: 'Module._load',
       line: 417,
       method: '_load',
       native: false },
     { column: 17,
       file: 'module.js',
       function: 'Module.require',
       line: 497,
       method: 'require',
       native: false },
     { column: 19,
       file: 'internal/module.js',
       function: 'require',
       line: 20,
       method: null,
       native: false },
     { column: 18,
       file: '/opt/www/banana/common/web_helper.js',
       function: null,
       line: 12,
       method: null,
       native: false },
     { column: 32,
       file: 'module.js',
       function: 'Module._compile',
       line: 570,
       method: '_compile',
       native: false },
     { column: 10,
       file: 'module.js',
       function: 'Module._extensions..js',
       line: 579,
       method: '.js',
       native: false },
     { column: 32,
       file: 'module.js',
       function: 'Module.load',
       line: 487,
       method: 'load',
       native: false },
     { column: 12,
       file: 'module.js',
       function: 'tryModuleLoad',
       line: 446,
       method: null,
       native: false },
     { column: 3,
       file: 'module.js',
       function: 'Module._load',
       line: 438,
       method: '_load',
       native: false } ],
  stack: 
   [ 'Error: Cannot find module \'nodemailer\'',
     '    at Function.Module._resolveFilename (module.js:469:15)',
     '    at Function.Module._load (module.js:417:25)',
     '    at Module.require (module.js:497:17)',
     '    at require (internal/module.js:20:19)',
     '    at Object.<anonymous> (/opt/www/banana/common/web_helper.js:12:18)',
     '    at Module._compile (module.js:570:32)',
     '    at Object.Module._extensions..js (module.js:579:10)',
     '    at Module.load (module.js:487:32)',
     '    at tryModuleLoad (module.js:446:12)',
     '    at Function.Module._load (module.js:438:3)' ] }
2017-09-11 05:58:21.701 [pid:17587] - error: uncaughtException: Cannot find module 'mysql' 
{ date: 'Mon Sep 11 2017 05:58:21 GMT-0400 (EDT)',
  process: 
   { pid: 17587,
     uid: 0,
     gid: 0,
     cwd: '/opt/www/banana',
     execPath: '/usr/bin/node',
     version: 'v6.11.1',
     argv: [ '/usr/bin/node', '/opt/www/banana/bin/www' ],
     memoryUsage: 
      { rss: 28164096,
        heapTotal: 18874368,
        heapUsed: 11448016,
        external: 375220 } },
  os: 
   { loadavg: [ 0.025390625, 0.0244140625, 0.04541015625 ],
     uptime: 27040344 },
  trace: 
   [ { column: 15,
       file: 'module.js',
       function: 'Module._resolveFilename',
       line: 469,
       method: '_resolveFilename',
       native: false },
     { column: 25,
       file: 'module.js',
       function: 'Module._load',
       line: 417,
       method: '_load',
       native: false },
     { column: 17,
       file: 'module.js',
       function: 'Module.require',
       line: 497,
       method: 'require',
       native: false },
     { column: 19,
       file: 'internal/module.js',
       function: 'require',
       line: 20,
       method: null,
       native: false },
     { column: 13,
       file: '/opt/www/banana/common/db_helper.js',
       function: null,
       line: 4,
       method: null,
       native: false },
     { column: 32,
       file: 'module.js',
       function: 'Module._compile',
       line: 570,
       method: '_compile',
       native: false },
     { column: 10,
       file: 'module.js',
       function: 'Module._extensions..js',
       line: 579,
       method: '.js',
       native: false },
     { column: 32,
       file: 'module.js',
       function: 'Module.load',
       line: 487,
       method: 'load',
       native: false },
     { column: 12,
       file: 'module.js',
       function: 'tryModuleLoad',
       line: 446,
       method: null,
       native: false },
     { column: 3,
       file: 'module.js',
       function: 'Module._load',
       line: 438,
       method: '_load',
       native: false } ],
  stack: 
   [ 'Error: Cannot find module \'mysql\'',
     '    at Function.Module._resolveFilename (module.js:469:15)',
     '    at Function.Module._load (module.js:417:25)',
     '    at Module.require (module.js:497:17)',
     '    at require (internal/module.js:20:19)',
     '    at Object.<anonymous> (/opt/www/banana/common/db_helper.js:4:13)',
     '    at Module._compile (module.js:570:32)',
     '    at Object.Module._extensions..js (module.js:579:10)',
     '    at Module.load (module.js:487:32)',
     '    at tryModuleLoad (module.js:446:12)',
     '    at Function.Module._load (module.js:438:3)' ] }
2017-09-11 06:00:11.609 [pid:20626] - error: uncaughtException: res is not defined 
{ date: 'Mon Sep 11 2017 06:00:11 GMT-0400 (EDT)',
  process: 
   { pid: 20626,
     uid: 0,
     gid: 0,
     cwd: '/opt/www/banana',
     execPath: '/usr/bin/node',
     version: 'v6.11.1',
     argv: [ '/usr/bin/node', '/opt/www/banana/bin/www' ],
     memoryUsage: 
      { rss: 45441024,
        heapTotal: 35651584,
        heapUsed: 21732168,
        external: 495060 } },
  os: 
   { loadavg: [ 0.111328125, 0.0576171875, 0.0537109375 ],
     uptime: 27040454 },
  trace: 
   [ { column: 17,
       file: '/opt/www/banana/models/user_model.js',
       function: null,
       line: 15,
       method: null,
       native: false },
     { column: 21,
       file: '/opt/www/banana/common/db_helper.js',
       function: 'Query._callback',
       line: 119,
       method: '_callback',
       native: false },
     { column: 24,
       file: '/opt/www/banana/node_modules/mysql/lib/protocol/sequences/Sequence.js',
       function: 'Query.Sequence.end',
       line: 88,
       method: 'end',
       native: false },
     { column: 8,
       file: '/opt/www/banana/node_modules/mysql/lib/protocol/sequences/Query.js',
       function: 'Query._handleFinalResultPacket',
       line: 139,
       method: '_handleFinalResultPacket',
       native: false },
     { column: 8,
       file: '/opt/www/banana/node_modules/mysql/lib/protocol/sequences/Query.js',
       function: 'Query.EofPacket',
       line: 123,
       method: 'EofPacket',
       native: false },
     { column: 23,
       file: '/opt/www/banana/node_modules/mysql/lib/protocol/Protocol.js',
       function: 'Protocol._parsePacket',
       line: 279,
       method: '_parsePacket',
       native: false },
     { column: 12,
       file: '/opt/www/banana/node_modules/mysql/lib/protocol/Parser.js',
       function: 'Parser.write',
       line: 76,
       method: 'write',
       native: false },
     { column: 16,
       file: '/opt/www/banana/node_modules/mysql/lib/protocol/Protocol.js',
       function: 'Protocol.write',
       line: 39,
       method: 'write',
       native: false },
     { column: 28,
       file: '/opt/www/banana/node_modules/mysql/lib/Connection.js',
       function: null,
       line: 103,
       method: null,
       native: false },
     { column: 13,
       file: 'events.js',
       function: 'emitOne',
       line: 96,
       method: null,
       native: false } ],
  stack: 
   [ 'ReferenceError: res is not defined',
     '    at /opt/www/banana/models/user_model.js:15:17',
     '    at Query._callback (/opt/www/banana/common/db_helper.js:119:21)',
     '    at Query.Sequence.end (/opt/www/banana/node_modules/mysql/lib/protocol/sequences/Sequence.js:88:24)',
     '    at Query._handleFinalResultPacket (/opt/www/banana/node_modules/mysql/lib/protocol/sequences/Query.js:139:8)',
     '    at Query.EofPacket (/opt/www/banana/node_modules/mysql/lib/protocol/sequences/Query.js:123:8)',
     '    at Protocol._parsePacket (/opt/www/banana/node_modules/mysql/lib/protocol/Protocol.js:279:23)',
     '    at Parser.write (/opt/www/banana/node_modules/mysql/lib/protocol/Parser.js:76:12)',
     '    at Protocol.write (/opt/www/banana/node_modules/mysql/lib/protocol/Protocol.js:39:16)',
     '    at Socket.<anonymous> (/opt/www/banana/node_modules/mysql/lib/Connection.js:103:28)',
     '    at emitOne (events.js:96:13)' ] }
2017-09-11 06:17:16.706 [pid:27300] - error: uncaughtException: Cannot read property 'threadId' of undefined 
{ date: 'Mon Sep 11 2017 06:17:16 GMT-0400 (EDT)',
  process: 
   { pid: 27300,
     uid: 0,
     gid: 0,
     cwd: '/opt/www/banana',
     execPath: '/usr/bin/node',
     version: 'v6.11.1',
     argv: [ '/usr/bin/node', '/opt/www/banana/bin/www' ],
     memoryUsage: 
      { rss: 44957696,
        heapTotal: 32505856,
        heapUsed: 21409584,
        external: 494370 } },
  os: 
   { loadavg: [ 0.01025390625, 0.0537109375, 0.0498046875 ],
     uptime: 27041479 },
  trace: 
   [ { column: 34,
       file: '/opt/www/banana/common/db_helper.js',
       function: 'Object.query',
       line: 83,
       method: 'query',
       native: false },
     { column: 14,
       file: '/opt/www/banana/models/user_model.js',
       function: null,
       line: 9,
       method: null,
       native: false },
     { column: 9,
       file: '/opt/www/banana/common/db_helper.js',
       function: null,
       line: 129,
       method: null,
       native: false },
     { column: 21,
       file: '/opt/www/banana/common/db_helper.js',
       function: null,
       line: 51,
       method: null,
       native: false },
     { column: 9,
       file: '/opt/www/banana/node_modules/mysql/lib/Pool.js',
       function: 'Handshake.onConnect',
       line: 58,
       method: 'onConnect',
       native: false },
     { column: 24,
       file: '/opt/www/banana/node_modules/mysql/lib/protocol/sequences/Sequence.js',
       function: 'Handshake.Sequence.end',
       line: 88,
       method: 'end',
       native: false },
     { column: 14,
       file: '/opt/www/banana/node_modules/mysql/lib/protocol/Protocol.js',
       function: 'Protocol.handleNetworkError',
       line: 363,
       method: 'handleNetworkError',
       native: false },
     { column: 18,
       file: '/opt/www/banana/node_modules/mysql/lib/Connection.js',
       function: 'PoolConnection.Connection._handleNetworkError',
       line: 428,
       method: '_handleNetworkError',
       native: false },
     { column: 8,
       file: '/opt/www/banana/node_modules/mysql/lib/Connection.js',
       function: 'PoolConnection.Connection._handleConnectTimeout',
       line: 424,
       method: '_handleConnectTimeout',
       native: false },
     { column: 16,
       file: 'events.js',
       function: 'Socket.g',
       line: 292,
       method: 'g',
       native: false } ],
  stack: 
   [ 'TypeError: Cannot read property \'threadId\' of undefined',
     '    at Object.query (/opt/www/banana/common/db_helper.js:83:34)',
     '    at /opt/www/banana/models/user_model.js:9:14',
     '    at /opt/www/banana/common/db_helper.js:129:9',
     '    at /opt/www/banana/common/db_helper.js:51:21',
     '    at Handshake.onConnect (/opt/www/banana/node_modules/mysql/lib/Pool.js:58:9)',
     '    at Handshake.Sequence.end (/opt/www/banana/node_modules/mysql/lib/protocol/sequences/Sequence.js:88:24)',
     '    at Protocol.handleNetworkError (/opt/www/banana/node_modules/mysql/lib/protocol/Protocol.js:363:14)',
     '    at PoolConnection.Connection._handleNetworkError (/opt/www/banana/node_modules/mysql/lib/Connection.js:428:18)',
     '    at PoolConnection.Connection._handleConnectTimeout (/opt/www/banana/node_modules/mysql/lib/Connection.js:424:8)',
     '    at Socket.g (events.js:292:16)' ] }
