2017-09-13 22:49:47.994 [pid:5058] - error: uncaughtException: Can't set headers after they are sent. 
{ date: 'Wed Sep 13 2017 22:49:47 GMT-0400 (EDT)',
  process: 
   { pid: 5058,
     uid: 0,
     gid: 0,
     cwd: '/opt/www/banana',
     execPath: '/usr/bin/node',
     version: 'v6.11.1',
     argv: [ '/usr/bin/node', '/opt/www/banana/bin/www' ],
     memoryUsage: 
      { rss: 35438592,
        heapTotal: 20971520,
        heapUsed: 17529968,
        external: 669774 } },
  os: 
   { loadavg: [ 0.3701171875, 0.216796875, 0.16015625 ],
     uptime: 27273831 },
  trace: 
   [ { column: 11,
       file: '_http_outgoing.js',
       function: 'ServerResponse.OutgoingMessage.setHeader',
       line: 357,
       method: 'setHeader',
       native: false },
     { column: 10,
       file: '/opt/www/banana/node_modules/express/lib/response.js',
       function: 'ServerResponse.header',
       line: 730,
       method: 'header',
       native: false },
     { column: 12,
       file: '/opt/www/banana/node_modules/express/lib/response.js',
       function: 'ServerResponse.send',
       line: 170,
       method: 'send',
       native: false },
     { column: 15,
       file: '/opt/www/banana/node_modules/express/lib/response.js',
       function: 'ServerResponse.json',
       line: 256,
       method: 'json',
       native: false },
     { column: 21,
       file: '/opt/www/banana/node_modules/express/lib/response.js',
       function: 'ServerResponse.send',
       line: 158,
       method: 'send',
       native: false },
     { column: 30,
       file: '/opt/www/banana/common/web_helper.js',
       function: 'ServerResponse.res.sendApi',
       line: 75,
       method: 'sendApi',
       native: false },
     { column: 21,
       file: '/opt/www/banana/models/naver_shopping_adgroup_model.js',
       function: null,
       line: 74,
       method: null,
       native: false },
     { column: 21,
       file: '/opt/www/banana/common/db_helper.js',
       function: 'Query._callback',
       line: 119,
       method: '_callback',
       native: false },
     { column: 24,
       file: '/opt/www/banana/node_modules/mysql/lib/protocol/sequences/Sequence.js',
       function: 'Query.Sequence.end',
       line: 88,
       method: 'end',
       native: false },
     { column: 8,
       file: '/opt/www/banana/node_modules/mysql/lib/protocol/sequences/Query.js',
       function: 'Query._handleFinalResultPacket',
       line: 139,
       method: '_handleFinalResultPacket',
       native: false } ],
  stack: 
   [ 'Error: Can\'t set headers after they are sent.',
     '    at ServerResponse.OutgoingMessage.setHeader (_http_outgoing.js:357:11)',
     '    at ServerResponse.header (/opt/www/banana/node_modules/express/lib/response.js:730:10)',
     '    at ServerResponse.send (/opt/www/banana/node_modules/express/lib/response.js:170:12)',
     '    at ServerResponse.json (/opt/www/banana/node_modules/express/lib/response.js:256:15)',
     '    at ServerResponse.send (/opt/www/banana/node_modules/express/lib/response.js:158:21)',
     '    at ServerResponse.res.sendApi (/opt/www/banana/common/web_helper.js:75:30)',
     '    at /opt/www/banana/models/naver_shopping_adgroup_model.js:74:21',
     '    at Query._callback (/opt/www/banana/common/db_helper.js:119:21)',
     '    at Query.Sequence.end (/opt/www/banana/node_modules/mysql/lib/protocol/sequences/Sequence.js:88:24)',
     '    at Query._handleFinalResultPacket (/opt/www/banana/node_modules/mysql/lib/protocol/sequences/Query.js:139:8)' ] }
2017-09-13 22:51:35.312 [pid:10558] - error: uncaughtException: Can't set headers after they are sent. 
{ date: 'Wed Sep 13 2017 22:51:35 GMT-0400 (EDT)',
  process: 
   { pid: 10558,
     uid: 0,
     gid: 0,
     cwd: '/opt/www/banana',
     execPath: '/usr/bin/node',
     version: 'v6.11.1',
     argv: [ '/usr/bin/node', '/opt/www/banana/bin/www' ],
     memoryUsage: 
      { rss: 43044864,
        heapTotal: 35651584,
        heapUsed: 22959232,
        external: 677966 } },
  os: 
   { loadavg: [ 0.064453125, 0.15283203125, 0.1396484375 ],
     uptime: 27273938 },
  trace: 
   [ { column: 11,
       file: '_http_outgoing.js',
       function: 'ServerResponse.OutgoingMessage.setHeader',
       line: 357,
       method: 'setHeader',
       native: false },
     { column: 10,
       file: '/opt/www/banana/node_modules/express/lib/response.js',
       function: 'ServerResponse.header',
       line: 730,
       method: 'header',
       native: false },
     { column: 12,
       file: '/opt/www/banana/node_modules/express/lib/response.js',
       function: 'ServerResponse.send',
       line: 170,
       method: 'send',
       native: false },
     { column: 15,
       file: '/opt/www/banana/node_modules/express/lib/response.js',
       function: 'ServerResponse.json',
       line: 256,
       method: 'json',
       native: false },
     { column: 21,
       file: '/opt/www/banana/node_modules/express/lib/response.js',
       function: 'ServerResponse.send',
       line: 158,
       method: 'send',
       native: false },
     { column: 30,
       file: '/opt/www/banana/common/web_helper.js',
       function: 'ServerResponse.res.sendApi',
       line: 75,
       method: 'sendApi',
       native: false },
     { column: 21,
       file: '/opt/www/banana/models/naver_shopping_adgroup_model.js',
       function: null,
       line: 74,
       method: null,
       native: false },
     { column: 21,
       file: '/opt/www/banana/common/db_helper.js',
       function: 'Query._callback',
       line: 119,
       method: '_callback',
       native: false },
     { column: 24,
       file: '/opt/www/banana/node_modules/mysql/lib/protocol/sequences/Sequence.js',
       function: 'Query.Sequence.end',
       line: 88,
       method: 'end',
       native: false },
     { column: 8,
       file: '/opt/www/banana/node_modules/mysql/lib/protocol/sequences/Query.js',
       function: 'Query._handleFinalResultPacket',
       line: 139,
       method: '_handleFinalResultPacket',
       native: false } ],
  stack: 
   [ 'Error: Can\'t set headers after they are sent.',
     '    at ServerResponse.OutgoingMessage.setHeader (_http_outgoing.js:357:11)',
     '    at ServerResponse.header (/opt/www/banana/node_modules/express/lib/response.js:730:10)',
     '    at ServerResponse.send (/opt/www/banana/node_modules/express/lib/response.js:170:12)',
     '    at ServerResponse.json (/opt/www/banana/node_modules/express/lib/response.js:256:15)',
     '    at ServerResponse.send (/opt/www/banana/node_modules/express/lib/response.js:158:21)',
     '    at ServerResponse.res.sendApi (/opt/www/banana/common/web_helper.js:75:30)',
     '    at /opt/www/banana/models/naver_shopping_adgroup_model.js:74:21',
     '    at Query._callback (/opt/www/banana/common/db_helper.js:119:21)',
     '    at Query.Sequence.end (/opt/www/banana/node_modules/mysql/lib/protocol/sequences/Sequence.js:88:24)',
     '    at Query._handleFinalResultPacket (/opt/www/banana/node_modules/mysql/lib/protocol/sequences/Query.js:139:8)' ] }
2017-09-13 22:52:30.706 [pid:12734] - error: uncaughtException: Can't set headers after they are sent. 
{ date: 'Wed Sep 13 2017 22:52:30 GMT-0400 (EDT)',
  process: 
   { pid: 12734,
     uid: 0,
     gid: 0,
     cwd: '/opt/www/banana',
     execPath: '/usr/bin/node',
     version: 'v6.11.1',
     argv: [ '/usr/bin/node', '/opt/www/banana/bin/www' ],
     memoryUsage: 
      { rss: 44720128,
        heapTotal: 35651584,
        heapUsed: 23075152,
        external: 677966 } },
  os: 
   { loadavg: [ 0.27099609375, 0.18798828125, 0.150390625 ],
     uptime: 27273993 },
  trace: 
   [ { column: 11,
       file: '_http_outgoing.js',
       function: 'ServerResponse.OutgoingMessage.setHeader',
       line: 357,
       method: 'setHeader',
       native: false },
     { column: 10,
       file: '/opt/www/banana/node_modules/express/lib/response.js',
       function: 'ServerResponse.header',
       line: 730,
       method: 'header',
       native: false },
     { column: 12,
       file: '/opt/www/banana/node_modules/express/lib/response.js',
       function: 'ServerResponse.send',
       line: 170,
       method: 'send',
       native: false },
     { column: 15,
       file: '/opt/www/banana/node_modules/express/lib/response.js',
       function: 'ServerResponse.json',
       line: 256,
       method: 'json',
       native: false },
     { column: 21,
       file: '/opt/www/banana/node_modules/express/lib/response.js',
       function: 'ServerResponse.send',
       line: 158,
       method: 'send',
       native: false },
     { column: 30,
       file: '/opt/www/banana/common/web_helper.js',
       function: 'ServerResponse.res.sendApi',
       line: 75,
       method: 'sendApi',
       native: false },
     { column: 21,
       file: '/opt/www/banana/models/naver_shopping_adgroup_model.js',
       function: null,
       line: 74,
       method: null,
       native: false },
     { column: 21,
       file: '/opt/www/banana/common/db_helper.js',
       function: 'Query._callback',
       line: 119,
       method: '_callback',
       native: false },
     { column: 24,
       file: '/opt/www/banana/node_modules/mysql/lib/protocol/sequences/Sequence.js',
       function: 'Query.Sequence.end',
       line: 88,
       method: 'end',
       native: false },
     { column: 8,
       file: '/opt/www/banana/node_modules/mysql/lib/protocol/sequences/Query.js',
       function: 'Query._handleFinalResultPacket',
       line: 139,
       method: '_handleFinalResultPacket',
       native: false } ],
  stack: 
   [ 'Error: Can\'t set headers after they are sent.',
     '    at ServerResponse.OutgoingMessage.setHeader (_http_outgoing.js:357:11)',
     '    at ServerResponse.header (/opt/www/banana/node_modules/express/lib/response.js:730:10)',
     '    at ServerResponse.send (/opt/www/banana/node_modules/express/lib/response.js:170:12)',
     '    at ServerResponse.json (/opt/www/banana/node_modules/express/lib/response.js:256:15)',
     '    at ServerResponse.send (/opt/www/banana/node_modules/express/lib/response.js:158:21)',
     '    at ServerResponse.res.sendApi (/opt/www/banana/common/web_helper.js:75:30)',
     '    at /opt/www/banana/models/naver_shopping_adgroup_model.js:74:21',
     '    at Query._callback (/opt/www/banana/common/db_helper.js:119:21)',
     '    at Query.Sequence.end (/opt/www/banana/node_modules/mysql/lib/protocol/sequences/Sequence.js:88:24)',
     '    at Query._handleFinalResultPacket (/opt/www/banana/node_modules/mysql/lib/protocol/sequences/Query.js:139:8)' ] }
