2017-09-12 22:44:42.877 [pid:29356] - error: uncaughtException: Can't set headers after they are sent. 
{ date: 'Tue Sep 12 2017 22:44:42 GMT-0400 (EDT)',
  process: 
   { pid: 29356,
     uid: 0,
     gid: 0,
     cwd: '/opt/www/banana',
     execPath: '/usr/bin/node',
     version: 'v6.11.1',
     argv: [ '/usr/bin/node', '/opt/www/banana/bin/www' ],
     memoryUsage: 
      { rss: 43552768,
        heapTotal: 36700160,
        heapUsed: 16846664,
        external: 660582 } },
  os: 
   { loadavg: [ 0.0029296875, 0.068359375, 0.1240234375 ],
     uptime: 27187125 },
  trace: 
   [ { column: 11,
       file: '_http_outgoing.js',
       function: 'ServerResponse.OutgoingMessage.setHeader',
       line: 357,
       method: 'setHeader',
       native: false },
     { column: 10,
       file: '/opt/www/banana/node_modules/express/lib/response.js',
       function: 'ServerResponse.header',
       line: 730,
       method: 'header',
       native: false },
     { column: 12,
       file: '/opt/www/banana/node_modules/express/lib/response.js',
       function: 'ServerResponse.send',
       line: 170,
       method: 'send',
       native: false },
     { column: 15,
       file: '/opt/www/banana/node_modules/express/lib/response.js',
       function: 'ServerResponse.json',
       line: 256,
       method: 'json',
       native: false },
     { column: 21,
       file: '/opt/www/banana/node_modules/express/lib/response.js',
       function: 'ServerResponse.send',
       line: 158,
       method: 'send',
       native: false },
     { column: 30,
       file: '/opt/www/banana/common/web_helper.js',
       function: 'ServerResponse.res.sendApi',
       line: 75,
       method: 'sendApi',
       native: false },
     { column: 21,
       file: '/opt/www/banana/models/naver_shopping_adgroup_model.js',
       function: null,
       line: 32,
       method: null,
       native: false },
     { column: 21,
       file: '/opt/www/banana/common/db_helper.js',
       function: 'Query._callback',
       line: 119,
       method: '_callback',
       native: false },
     { column: 24,
       file: '/opt/www/banana/node_modules/mysql/lib/protocol/sequences/Sequence.js',
       function: 'Query.Sequence.end',
       line: 88,
       method: 'end',
       native: false },
     { column: 8,
       file: '/opt/www/banana/node_modules/mysql/lib/protocol/sequences/Query.js',
       function: 'Query._handleFinalResultPacket',
       line: 139,
       method: '_handleFinalResultPacket',
       native: false } ],
  stack: 
   [ 'Error: Can\'t set headers after they are sent.',
     '    at ServerResponse.OutgoingMessage.setHeader (_http_outgoing.js:357:11)',
     '    at ServerResponse.header (/opt/www/banana/node_modules/express/lib/response.js:730:10)',
     '    at ServerResponse.send (/opt/www/banana/node_modules/express/lib/response.js:170:12)',
     '    at ServerResponse.json (/opt/www/banana/node_modules/express/lib/response.js:256:15)',
     '    at ServerResponse.send (/opt/www/banana/node_modules/express/lib/response.js:158:21)',
     '    at ServerResponse.res.sendApi (/opt/www/banana/common/web_helper.js:75:30)',
     '    at /opt/www/banana/models/naver_shopping_adgroup_model.js:32:21',
     '    at Query._callback (/opt/www/banana/common/db_helper.js:119:21)',
     '    at Query.Sequence.end (/opt/www/banana/node_modules/mysql/lib/protocol/sequences/Sequence.js:88:24)',
     '    at Query._handleFinalResultPacket (/opt/www/banana/node_modules/mysql/lib/protocol/sequences/Query.js:139:8)' ] }
2017-09-12 22:45:34.684 [pid:32336] - error: uncaughtException: Can't set headers after they are sent. 
{ date: 'Tue Sep 12 2017 22:45:34 GMT-0400 (EDT)',
  process: 
   { pid: 32336,
     uid: 0,
     gid: 0,
     cwd: '/opt/www/banana',
     execPath: '/usr/bin/node',
     version: 'v6.11.1',
     argv: [ '/usr/bin/node', '/opt/www/banana/bin/www' ],
     memoryUsage: 
      { rss: 44879872,
        heapTotal: 35651584,
        heapUsed: 22994696,
        external: 668774 } },
  os: 
   { loadavg: [ 0.05908203125, 0.072265625, 0.1240234375 ],
     uptime: 27187177 },
  trace: 
   [ { column: 11,
       file: '_http_outgoing.js',
       function: 'ServerResponse.OutgoingMessage.setHeader',
       line: 357,
       method: 'setHeader',
       native: false },
     { column: 10,
       file: '/opt/www/banana/node_modules/express/lib/response.js',
       function: 'ServerResponse.header',
       line: 730,
       method: 'header',
       native: false },
     { column: 12,
       file: '/opt/www/banana/node_modules/express/lib/response.js',
       function: 'ServerResponse.send',
       line: 170,
       method: 'send',
       native: false },
     { column: 15,
       file: '/opt/www/banana/node_modules/express/lib/response.js',
       function: 'ServerResponse.json',
       line: 256,
       method: 'json',
       native: false },
     { column: 21,
       file: '/opt/www/banana/node_modules/express/lib/response.js',
       function: 'ServerResponse.send',
       line: 158,
       method: 'send',
       native: false },
     { column: 30,
       file: '/opt/www/banana/common/web_helper.js',
       function: 'ServerResponse.res.sendApi',
       line: 75,
       method: 'sendApi',
       native: false },
     { column: 21,
       file: '/opt/www/banana/models/naver_shopping_adgroup_model.js',
       function: null,
       line: 32,
       method: null,
       native: false },
     { column: 21,
       file: '/opt/www/banana/common/db_helper.js',
       function: 'Query._callback',
       line: 119,
       method: '_callback',
       native: false },
     { column: 24,
       file: '/opt/www/banana/node_modules/mysql/lib/protocol/sequences/Sequence.js',
       function: 'Query.Sequence.end',
       line: 88,
       method: 'end',
       native: false },
     { column: 8,
       file: '/opt/www/banana/node_modules/mysql/lib/protocol/sequences/Query.js',
       function: 'Query._handleFinalResultPacket',
       line: 139,
       method: '_handleFinalResultPacket',
       native: false } ],
  stack: 
   [ 'Error: Can\'t set headers after they are sent.',
     '    at ServerResponse.OutgoingMessage.setHeader (_http_outgoing.js:357:11)',
     '    at ServerResponse.header (/opt/www/banana/node_modules/express/lib/response.js:730:10)',
     '    at ServerResponse.send (/opt/www/banana/node_modules/express/lib/response.js:170:12)',
     '    at ServerResponse.json (/opt/www/banana/node_modules/express/lib/response.js:256:15)',
     '    at ServerResponse.send (/opt/www/banana/node_modules/express/lib/response.js:158:21)',
     '    at ServerResponse.res.sendApi (/opt/www/banana/common/web_helper.js:75:30)',
     '    at /opt/www/banana/models/naver_shopping_adgroup_model.js:32:21',
     '    at Query._callback (/opt/www/banana/common/db_helper.js:119:21)',
     '    at Query.Sequence.end (/opt/www/banana/node_modules/mysql/lib/protocol/sequences/Sequence.js:88:24)',
     '    at Query._handleFinalResultPacket (/opt/www/banana/node_modules/mysql/lib/protocol/sequences/Query.js:139:8)' ] }
2017-09-12 22:46:44.811 [pid:4382] - error: uncaughtException: Can't set headers after they are sent. 
{ date: 'Tue Sep 12 2017 22:46:44 GMT-0400 (EDT)',
  process: 
   { pid: 4382,
     uid: 0,
     gid: 0,
     cwd: '/opt/www/banana',
     execPath: '/usr/bin/node',
     version: 'v6.11.1',
     argv: [ '/usr/bin/node', '/opt/www/banana/bin/www' ],
     memoryUsage: 
      { rss: 45035520,
        heapTotal: 35651584,
        heapUsed: 22838512,
        external: 668774 } },
  os: 
   { loadavg: [ 0.115234375, 0.0859375, 0.1279296875 ],
     uptime: 27187247 },
  trace: 
   [ { column: 11,
       file: '_http_outgoing.js',
       function: 'ServerResponse.OutgoingMessage.setHeader',
       line: 357,
       method: 'setHeader',
       native: false },
     { column: 10,
       file: '/opt/www/banana/node_modules/express/lib/response.js',
       function: 'ServerResponse.header',
       line: 730,
       method: 'header',
       native: false },
     { column: 12,
       file: '/opt/www/banana/node_modules/express/lib/response.js',
       function: 'ServerResponse.send',
       line: 170,
       method: 'send',
       native: false },
     { column: 15,
       file: '/opt/www/banana/node_modules/express/lib/response.js',
       function: 'ServerResponse.json',
       line: 256,
       method: 'json',
       native: false },
     { column: 21,
       file: '/opt/www/banana/node_modules/express/lib/response.js',
       function: 'ServerResponse.send',
       line: 158,
       method: 'send',
       native: false },
     { column: 30,
       file: '/opt/www/banana/common/web_helper.js',
       function: 'ServerResponse.res.sendApi',
       line: 75,
       method: 'sendApi',
       native: false },
     { column: 21,
       file: '/opt/www/banana/models/naver_shopping_adgroup_model.js',
       function: null,
       line: 32,
       method: null,
       native: false },
     { column: 21,
       file: '/opt/www/banana/common/db_helper.js',
       function: 'Query._callback',
       line: 119,
       method: '_callback',
       native: false },
     { column: 24,
       file: '/opt/www/banana/node_modules/mysql/lib/protocol/sequences/Sequence.js',
       function: 'Query.Sequence.end',
       line: 88,
       method: 'end',
       native: false },
     { column: 8,
       file: '/opt/www/banana/node_modules/mysql/lib/protocol/sequences/Query.js',
       function: 'Query._handleFinalResultPacket',
       line: 139,
       method: '_handleFinalResultPacket',
       native: false } ],
  stack: 
   [ 'Error: Can\'t set headers after they are sent.',
     '    at ServerResponse.OutgoingMessage.setHeader (_http_outgoing.js:357:11)',
     '    at ServerResponse.header (/opt/www/banana/node_modules/express/lib/response.js:730:10)',
     '    at ServerResponse.send (/opt/www/banana/node_modules/express/lib/response.js:170:12)',
     '    at ServerResponse.json (/opt/www/banana/node_modules/express/lib/response.js:256:15)',
     '    at ServerResponse.send (/opt/www/banana/node_modules/express/lib/response.js:158:21)',
     '    at ServerResponse.res.sendApi (/opt/www/banana/common/web_helper.js:75:30)',
     '    at /opt/www/banana/models/naver_shopping_adgroup_model.js:32:21',
     '    at Query._callback (/opt/www/banana/common/db_helper.js:119:21)',
     '    at Query.Sequence.end (/opt/www/banana/node_modules/mysql/lib/protocol/sequences/Sequence.js:88:24)',
     '    at Query._handleFinalResultPacket (/opt/www/banana/node_modules/mysql/lib/protocol/sequences/Query.js:139:8)' ] }
2017-09-12 22:49:26.283 [pid:11659] - error: uncaughtException: Can't set headers after they are sent. 
{ date: 'Tue Sep 12 2017 22:49:26 GMT-0400 (EDT)',
  process: 
   { pid: 11659,
     uid: 0,
     gid: 0,
     cwd: '/opt/www/banana',
     execPath: '/usr/bin/node',
     version: 'v6.11.1',
     argv: [ '/usr/bin/node', '/opt/www/banana/bin/www' ],
     memoryUsage: 
      { rss: 34693120,
        heapTotal: 20971520,
        heapUsed: 17430312,
        external: 660582 } },
  os: 
   { loadavg: [ 0.068359375, 0.07568359375, 0.123046875 ],
     uptime: 27187409 },
  trace: 
   [ { column: 11,
       file: '_http_outgoing.js',
       function: 'ServerResponse.OutgoingMessage.setHeader',
       line: 357,
       method: 'setHeader',
       native: false },
     { column: 10,
       file: '/opt/www/banana/node_modules/express/lib/response.js',
       function: 'ServerResponse.header',
       line: 730,
       method: 'header',
       native: false },
     { column: 12,
       file: '/opt/www/banana/node_modules/express/lib/response.js',
       function: 'ServerResponse.send',
       line: 170,
       method: 'send',
       native: false },
     { column: 15,
       file: '/opt/www/banana/node_modules/express/lib/response.js',
       function: 'ServerResponse.json',
       line: 256,
       method: 'json',
       native: false },
     { column: 21,
       file: '/opt/www/banana/node_modules/express/lib/response.js',
       function: 'ServerResponse.send',
       line: 158,
       method: 'send',
       native: false },
     { column: 18,
       file: '/opt/www/banana/common/web_helper.js',
       function: 'ServerResponse.res.sendApi',
       line: 75,
       method: 'sendApi',
       native: false },
     { column: 21,
       file: '/opt/www/banana/models/naver_shopping_adgroup_model.js',
       function: null,
       line: 32,
       method: null,
       native: false },
     { column: 21,
       file: '/opt/www/banana/common/db_helper.js',
       function: 'Query._callback',
       line: 119,
       method: '_callback',
       native: false },
     { column: 24,
       file: '/opt/www/banana/node_modules/mysql/lib/protocol/sequences/Sequence.js',
       function: 'Query.Sequence.end',
       line: 88,
       method: 'end',
       native: false },
     { column: 8,
       file: '/opt/www/banana/node_modules/mysql/lib/protocol/sequences/Query.js',
       function: 'Query._handleFinalResultPacket',
       line: 139,
       method: '_handleFinalResultPacket',
       native: false } ],
  stack: 
   [ 'Error: Can\'t set headers after they are sent.',
     '    at ServerResponse.OutgoingMessage.setHeader (_http_outgoing.js:357:11)',
     '    at ServerResponse.header (/opt/www/banana/node_modules/express/lib/response.js:730:10)',
     '    at ServerResponse.send (/opt/www/banana/node_modules/express/lib/response.js:170:12)',
     '    at ServerResponse.json (/opt/www/banana/node_modules/express/lib/response.js:256:15)',
     '    at ServerResponse.send (/opt/www/banana/node_modules/express/lib/response.js:158:21)',
     '    at ServerResponse.res.sendApi (/opt/www/banana/common/web_helper.js:75:18)',
     '    at /opt/www/banana/models/naver_shopping_adgroup_model.js:32:21',
     '    at Query._callback (/opt/www/banana/common/db_helper.js:119:21)',
     '    at Query.Sequence.end (/opt/www/banana/node_modules/mysql/lib/protocol/sequences/Sequence.js:88:24)',
     '    at Query._handleFinalResultPacket (/opt/www/banana/node_modules/mysql/lib/protocol/sequences/Query.js:139:8)' ] }
2017-09-12 22:58:54.057 [pid:4332] - error: uncaughtException: Can't set headers after they are sent. 
{ date: 'Tue Sep 12 2017 22:58:54 GMT-0400 (EDT)',
  process: 
   { pid: 4332,
     uid: 0,
     gid: 0,
     cwd: '/opt/www/banana',
     execPath: '/usr/bin/node',
     version: 'v6.11.1',
     argv: [ '/usr/bin/node', '/opt/www/banana/bin/www' ],
     memoryUsage: 
      { rss: 44380160,
        heapTotal: 36700160,
        heapUsed: 16628624,
        external: 660582 } },
  os: 
   { loadavg: [ 0.24169921875, 0.134765625, 0.13916015625 ],
     uptime: 27187977 },
  trace: 
   [ { column: 11,
       file: '_http_outgoing.js',
       function: 'ServerResponse.OutgoingMessage.setHeader',
       line: 357,
       method: 'setHeader',
       native: false },
     { column: 10,
       file: '/opt/www/banana/node_modules/express/lib/response.js',
       function: 'ServerResponse.header',
       line: 730,
       method: 'header',
       native: false },
     { column: 12,
       file: '/opt/www/banana/node_modules/express/lib/response.js',
       function: 'ServerResponse.send',
       line: 170,
       method: 'send',
       native: false },
     { column: 15,
       file: '/opt/www/banana/node_modules/express/lib/response.js',
       function: 'ServerResponse.json',
       line: 256,
       method: 'json',
       native: false },
     { column: 21,
       file: '/opt/www/banana/node_modules/express/lib/response.js',
       function: 'ServerResponse.send',
       line: 158,
       method: 'send',
       native: false },
     { column: 30,
       file: '/opt/www/banana/common/web_helper.js',
       function: 'ServerResponse.res.sendApi',
       line: 75,
       method: 'sendApi',
       native: false },
     { column: 21,
       file: '/opt/www/banana/models/naver_shopping_adgroup_model.js',
       function: null,
       line: 32,
       method: null,
       native: false },
     { column: 21,
       file: '/opt/www/banana/common/db_helper.js',
       function: 'Query._callback',
       line: 119,
       method: '_callback',
       native: false },
     { column: 24,
       file: '/opt/www/banana/node_modules/mysql/lib/protocol/sequences/Sequence.js',
       function: 'Query.Sequence.end',
       line: 88,
       method: 'end',
       native: false },
     { column: 8,
       file: '/opt/www/banana/node_modules/mysql/lib/protocol/sequences/Query.js',
       function: 'Query._handleFinalResultPacket',
       line: 139,
       method: '_handleFinalResultPacket',
       native: false } ],
  stack: 
   [ 'Error: Can\'t set headers after they are sent.',
     '    at ServerResponse.OutgoingMessage.setHeader (_http_outgoing.js:357:11)',
     '    at ServerResponse.header (/opt/www/banana/node_modules/express/lib/response.js:730:10)',
     '    at ServerResponse.send (/opt/www/banana/node_modules/express/lib/response.js:170:12)',
     '    at ServerResponse.json (/opt/www/banana/node_modules/express/lib/response.js:256:15)',
     '    at ServerResponse.send (/opt/www/banana/node_modules/express/lib/response.js:158:21)',
     '    at ServerResponse.res.sendApi (/opt/www/banana/common/web_helper.js:75:30)',
     '    at /opt/www/banana/models/naver_shopping_adgroup_model.js:32:21',
     '    at Query._callback (/opt/www/banana/common/db_helper.js:119:21)',
     '    at Query.Sequence.end (/opt/www/banana/node_modules/mysql/lib/protocol/sequences/Sequence.js:88:24)',
     '    at Query._handleFinalResultPacket (/opt/www/banana/node_modules/mysql/lib/protocol/sequences/Query.js:139:8)' ] }
2017-09-12 22:59:59.239 [pid:8782] - error: uncaughtException: Unexpected token . 
{ date: 'Tue Sep 12 2017 22:59:59 GMT-0400 (EDT)',
  process: 
   { pid: 8782,
     uid: 0,
     gid: 0,
     cwd: '/opt/www/banana',
     execPath: '/usr/bin/node',
     version: 'v6.11.1',
     argv: [ '/usr/bin/node', '/opt/www/banana/bin/www' ],
     memoryUsage: 
      { rss: 32587776,
        heapTotal: 19922944,
        heapUsed: 13700672,
        external: 335987 } },
  os: 
   { loadavg: [ 0.2861328125, 0.1572265625, 0.1455078125 ],
     uptime: 27188042 },
  trace: 
   [ { column: 10,
       file: 'vm.js',
       function: 'createScript',
       line: 56,
       method: null,
       native: false },
     { column: 10,
       file: 'vm.js',
       function: 'Object.runInThisContext',
       line: 97,
       method: 'runInThisContext',
       native: false },
     { column: 28,
       file: 'module.js',
       function: 'Module._compile',
       line: 542,
       method: '_compile',
       native: false },
     { column: 10,
       file: 'module.js',
       function: 'Module._extensions..js',
       line: 579,
       method: '.js',
       native: false },
     { column: 32,
       file: 'module.js',
       function: 'Module.load',
       line: 487,
       method: 'load',
       native: false },
     { column: 12,
       file: 'module.js',
       function: 'tryModuleLoad',
       line: 446,
       method: null,
       native: false },
     { column: 3,
       file: 'module.js',
       function: 'Module._load',
       line: 438,
       method: '_load',
       native: false },
     { column: 17,
       file: 'module.js',
       function: 'Module.require',
       line: 497,
       method: 'require',
       native: false },
     { column: 19,
       file: 'internal/module.js',
       function: 'require',
       line: 20,
       method: null,
       native: false },
     { column: 17,
       file: '/opt/www/banana/app.js',
       function: null,
       line: 13,
       method: null,
       native: false } ],
  stack: 
   [ '/opt/www/banana/common/web_helper.js:75',
     '            this..send(json);',
     '                 ^',
     'SyntaxError: Unexpected token .',
     '    at createScript (vm.js:56:10)',
     '    at Object.runInThisContext (vm.js:97:10)',
     '    at Module._compile (module.js:542:28)',
     '    at Object.Module._extensions..js (module.js:579:10)',
     '    at Module.load (module.js:487:32)',
     '    at tryModuleLoad (module.js:446:12)',
     '    at Function.Module._load (module.js:438:3)',
     '    at Module.require (module.js:497:17)',
     '    at require (internal/module.js:20:19)',
     '    at Object.<anonymous> (/opt/www/banana/app.js:13:17)' ] }
2017-09-12 23:00:13.605 [pid:9760] - error: uncaughtException: Unexpected token . 
{ date: 'Tue Sep 12 2017 23:00:13 GMT-0400 (EDT)',
  process: 
   { pid: 9760,
     uid: 0,
     gid: 0,
     cwd: '/opt/www/banana',
     execPath: '/usr/bin/node',
     version: 'v6.11.1',
     argv: [ '/usr/bin/node', '/opt/www/banana/bin/www' ],
     memoryUsage: 
      { rss: 33177600,
        heapTotal: 19922944,
        heapUsed: 13658832,
        external: 335987 } },
  os: 
   { loadavg: [ 0.22265625, 0.14990234375, 0.142578125 ],
     uptime: 27188056 },
  trace: 
   [ { column: 10,
       file: 'vm.js',
       function: 'createScript',
       line: 56,
       method: null,
       native: false },
     { column: 10,
       file: 'vm.js',
       function: 'Object.runInThisContext',
       line: 97,
       method: 'runInThisContext',
       native: false },
     { column: 28,
       file: 'module.js',
       function: 'Module._compile',
       line: 542,
       method: '_compile',
       native: false },
     { column: 10,
       file: 'module.js',
       function: 'Module._extensions..js',
       line: 579,
       method: '.js',
       native: false },
     { column: 32,
       file: 'module.js',
       function: 'Module.load',
       line: 487,
       method: 'load',
       native: false },
     { column: 12,
       file: 'module.js',
       function: 'tryModuleLoad',
       line: 446,
       method: null,
       native: false },
     { column: 3,
       file: 'module.js',
       function: 'Module._load',
       line: 438,
       method: '_load',
       native: false },
     { column: 17,
       file: 'module.js',
       function: 'Module.require',
       line: 497,
       method: 'require',
       native: false },
     { column: 19,
       file: 'internal/module.js',
       function: 'require',
       line: 20,
       method: null,
       native: false },
     { column: 17,
       file: '/opt/www/banana/app.js',
       function: null,
       line: 13,
       method: null,
       native: false } ],
  stack: 
   [ '/opt/www/banana/common/web_helper.js:75',
     '            this..send(json);',
     '                 ^',
     'SyntaxError: Unexpected token .',
     '    at createScript (vm.js:56:10)',
     '    at Object.runInThisContext (vm.js:97:10)',
     '    at Module._compile (module.js:542:28)',
     '    at Object.Module._extensions..js (module.js:579:10)',
     '    at Module.load (module.js:487:32)',
     '    at tryModuleLoad (module.js:446:12)',
     '    at Function.Module._load (module.js:438:3)',
     '    at Module.require (module.js:497:17)',
     '    at require (internal/module.js:20:19)',
     '    at Object.<anonymous> (/opt/www/banana/app.js:13:17)' ] }
2017-09-12 23:00:27.581 [pid:10409] - error: uncaughtException: Can't set headers after they are sent. 
{ date: 'Tue Sep 12 2017 23:00:27 GMT-0400 (EDT)',
  process: 
   { pid: 10409,
     uid: 0,
     gid: 0,
     cwd: '/opt/www/banana',
     execPath: '/usr/bin/node',
     version: 'v6.11.1',
     argv: [ '/usr/bin/node', '/opt/www/banana/bin/www' ],
     memoryUsage: 
      { rss: 45101056,
        heapTotal: 35651584,
        heapUsed: 22841664,
        external: 668774 } },
  os: 
   { loadavg: [ 0.18798828125, 0.14501953125, 0.140625 ],
     uptime: 27188070 },
  trace: 
   [ { column: 11,
       file: '_http_outgoing.js',
       function: 'ServerResponse.OutgoingMessage.setHeader',
       line: 357,
       method: 'setHeader',
       native: false },
     { column: 10,
       file: '/opt/www/banana/node_modules/express/lib/response.js',
       function: 'ServerResponse.header',
       line: 730,
       method: 'header',
       native: false },
     { column: 12,
       file: '/opt/www/banana/node_modules/express/lib/response.js',
       function: 'ServerResponse.send',
       line: 170,
       method: 'send',
       native: false },
     { column: 15,
       file: '/opt/www/banana/node_modules/express/lib/response.js',
       function: 'ServerResponse.json',
       line: 256,
       method: 'json',
       native: false },
     { column: 21,
       file: '/opt/www/banana/node_modules/express/lib/response.js',
       function: 'ServerResponse.send',
       line: 158,
       method: 'send',
       native: false },
     { column: 18,
       file: '/opt/www/banana/common/web_helper.js',
       function: 'ServerResponse.res.sendApi',
       line: 75,
       method: 'sendApi',
       native: false },
     { column: 21,
       file: '/opt/www/banana/models/naver_shopping_adgroup_model.js',
       function: null,
       line: 32,
       method: null,
       native: false },
     { column: 21,
       file: '/opt/www/banana/common/db_helper.js',
       function: 'Query._callback',
       line: 119,
       method: '_callback',
       native: false },
     { column: 24,
       file: '/opt/www/banana/node_modules/mysql/lib/protocol/sequences/Sequence.js',
       function: 'Query.Sequence.end',
       line: 88,
       method: 'end',
       native: false },
     { column: 8,
       file: '/opt/www/banana/node_modules/mysql/lib/protocol/sequences/Query.js',
       function: 'Query._handleFinalResultPacket',
       line: 139,
       method: '_handleFinalResultPacket',
       native: false } ],
  stack: 
   [ 'Error: Can\'t set headers after they are sent.',
     '    at ServerResponse.OutgoingMessage.setHeader (_http_outgoing.js:357:11)',
     '    at ServerResponse.header (/opt/www/banana/node_modules/express/lib/response.js:730:10)',
     '    at ServerResponse.send (/opt/www/banana/node_modules/express/lib/response.js:170:12)',
     '    at ServerResponse.json (/opt/www/banana/node_modules/express/lib/response.js:256:15)',
     '    at ServerResponse.send (/opt/www/banana/node_modules/express/lib/response.js:158:21)',
     '    at ServerResponse.res.sendApi (/opt/www/banana/common/web_helper.js:75:18)',
     '    at /opt/www/banana/models/naver_shopping_adgroup_model.js:32:21',
     '    at Query._callback (/opt/www/banana/common/db_helper.js:119:21)',
     '    at Query.Sequence.end (/opt/www/banana/node_modules/mysql/lib/protocol/sequences/Sequence.js:88:24)',
     '    at Query._handleFinalResultPacket (/opt/www/banana/node_modules/mysql/lib/protocol/sequences/Query.js:139:8)' ] }
2017-09-12 23:00:50.963 [pid:12002] - error: uncaughtException: Can't set headers after they are sent. 
{ date: 'Tue Sep 12 2017 23:00:50 GMT-0400 (EDT)',
  process: 
   { pid: 12002,
     uid: 0,
     gid: 0,
     cwd: '/opt/www/banana',
     execPath: '/usr/bin/node',
     version: 'v6.11.1',
     argv: [ '/usr/bin/node', '/opt/www/banana/bin/www' ],
     memoryUsage: 
      { rss: 45068288,
        heapTotal: 35651584,
        heapUsed: 22840944,
        external: 668774 } },
  os: 
   { loadavg: [ 0.271484375, 0.16552734375, 0.146484375 ],
     uptime: 27188094 },
  trace: 
   [ { column: 11,
       file: '_http_outgoing.js',
       function: 'ServerResponse.OutgoingMessage.setHeader',
       line: 357,
       method: 'setHeader',
       native: false },
     { column: 10,
       file: '/opt/www/banana/node_modules/express/lib/response.js',
       function: 'ServerResponse.header',
       line: 730,
       method: 'header',
       native: false },
     { column: 12,
       file: '/opt/www/banana/node_modules/express/lib/response.js',
       function: 'ServerResponse.send',
       line: 170,
       method: 'send',
       native: false },
     { column: 15,
       file: '/opt/www/banana/node_modules/express/lib/response.js',
       function: 'ServerResponse.json',
       line: 256,
       method: 'json',
       native: false },
     { column: 21,
       file: '/opt/www/banana/node_modules/express/lib/response.js',
       function: 'ServerResponse.send',
       line: 158,
       method: 'send',
       native: false },
     { column: 18,
       file: '/opt/www/banana/common/web_helper.js',
       function: 'ServerResponse.res.sendApi',
       line: 75,
       method: 'sendApi',
       native: false },
     { column: 21,
       file: '/opt/www/banana/models/naver_shopping_adgroup_model.js',
       function: null,
       line: 32,
       method: null,
       native: false },
     { column: 21,
       file: '/opt/www/banana/common/db_helper.js',
       function: 'Query._callback',
       line: 119,
       method: '_callback',
       native: false },
     { column: 24,
       file: '/opt/www/banana/node_modules/mysql/lib/protocol/sequences/Sequence.js',
       function: 'Query.Sequence.end',
       line: 88,
       method: 'end',
       native: false },
     { column: 8,
       file: '/opt/www/banana/node_modules/mysql/lib/protocol/sequences/Query.js',
       function: 'Query._handleFinalResultPacket',
       line: 139,
       method: '_handleFinalResultPacket',
       native: false } ],
  stack: 
   [ 'Error: Can\'t set headers after they are sent.',
     '    at ServerResponse.OutgoingMessage.setHeader (_http_outgoing.js:357:11)',
     '    at ServerResponse.header (/opt/www/banana/node_modules/express/lib/response.js:730:10)',
     '    at ServerResponse.send (/opt/www/banana/node_modules/express/lib/response.js:170:12)',
     '    at ServerResponse.json (/opt/www/banana/node_modules/express/lib/response.js:256:15)',
     '    at ServerResponse.send (/opt/www/banana/node_modules/express/lib/response.js:158:21)',
     '    at ServerResponse.res.sendApi (/opt/www/banana/common/web_helper.js:75:18)',
     '    at /opt/www/banana/models/naver_shopping_adgroup_model.js:32:21',
     '    at Query._callback (/opt/www/banana/common/db_helper.js:119:21)',
     '    at Query.Sequence.end (/opt/www/banana/node_modules/mysql/lib/protocol/sequences/Sequence.js:88:24)',
     '    at Query._handleFinalResultPacket (/opt/www/banana/node_modules/mysql/lib/protocol/sequences/Query.js:139:8)' ] }
