2017-10-19 02:13:03.760 [pid:5309] - error: uncaughtException: Cannot read property 'release' of undefined 
{ date: 'Thu Oct 19 2017 02:13:03 GMT-0400 (EDT)',
  process: 
   { pid: 5309,
     uid: 0,
     gid: 0,
     cwd: '/opt/www/banana',
     execPath: '/usr/bin/node',
     version: 'v6.11.1',
     argv: [ '/usr/bin/node', '/opt/www/banana/bin/www' ],
     memoryUsage: 
      { rss: 47980544,
        heapTotal: 23068672,
        heapUsed: 18340544,
        external: 207222 } },
  os: 
   { loadavg: [ 0.232421875, 0.166015625, 0.16455078125 ],
     uptime: 30310026 },
  trace: 
   [ { column: 34,
       file: '/opt/www/banana/common/db_helper.js',
       function: null,
       line: 45,
       method: null,
       native: false },
     { column: 9,
       file: '/opt/www/banana/node_modules/mysql/lib/Pool.js',
       function: 'Handshake.onConnect',
       line: 58,
       method: 'onConnect',
       native: false },
     { column: 24,
       file: '/opt/www/banana/node_modules/mysql/lib/protocol/sequences/Sequence.js',
       function: 'Handshake.Sequence.end',
       line: 88,
       method: 'end',
       native: false },
     { column: 14,
       file: '/opt/www/banana/node_modules/mysql/lib/protocol/Protocol.js',
       function: 'Protocol.handleNetworkError',
       line: 363,
       method: 'handleNetworkError',
       native: false },
     { column: 18,
       file: '/opt/www/banana/node_modules/mysql/lib/Connection.js',
       function: 'PoolConnection.Connection._handleNetworkError',
       line: 428,
       method: '_handleNetworkError',
       native: false },
     { column: 8,
       file: '/opt/www/banana/node_modules/mysql/lib/Connection.js',
       function: 'PoolConnection.Connection._handleConnectTimeout',
       line: 424,
       method: '_handleConnectTimeout',
       native: false },
     { column: 16,
       file: 'events.js',
       function: 'Socket.g',
       line: 292,
       method: 'g',
       native: false },
     { column: 13,
       file: 'events.js',
       function: 'emitNone',
       line: 86,
       method: null,
       native: false },
     { column: 7,
       file: 'events.js',
       function: 'Socket.emit',
       line: 185,
       method: 'emit',
       native: false },
     { column: 8,
       file: 'net.js',
       function: 'Socket._onTimeout',
       line: 338,
       method: '_onTimeout',
       native: false } ],
  stack: 
   [ 'TypeError: Cannot read property \'release\' of undefined',
     '    at /opt/www/banana/common/db_helper.js:45:34',
     '    at Handshake.onConnect (/opt/www/banana/node_modules/mysql/lib/Pool.js:58:9)',
     '    at Handshake.Sequence.end (/opt/www/banana/node_modules/mysql/lib/protocol/sequences/Sequence.js:88:24)',
     '    at Protocol.handleNetworkError (/opt/www/banana/node_modules/mysql/lib/protocol/Protocol.js:363:14)',
     '    at PoolConnection.Connection._handleNetworkError (/opt/www/banana/node_modules/mysql/lib/Connection.js:428:18)',
     '    at PoolConnection.Connection._handleConnectTimeout (/opt/www/banana/node_modules/mysql/lib/Connection.js:424:8)',
     '    at Socket.g (events.js:292:16)',
     '    at emitNone (events.js:86:13)',
     '    at Socket.emit (events.js:185:7)',
     '    at Socket._onTimeout (net.js:338:8)' ] }
2017-10-19 02:13:46.017 [pid:28707] - error: uncaughtException: Cannot read property 'release' of undefined 
{ date: 'Thu Oct 19 2017 02:13:46 GMT-0400 (EDT)',
  process: 
   { pid: 28707,
     uid: 0,
     gid: 0,
     cwd: '/opt/www/banana',
     execPath: '/usr/bin/node',
     version: 'v6.11.1',
     argv: [ '/usr/bin/node', '/opt/www/banana/bin/www' ],
     memoryUsage: 
      { rss: 45903872,
        heapTotal: 20971520,
        heapUsed: 17093840,
        external: 104652 } },
  os: 
   { loadavg: [ 0.49072265625, 0.240234375, 0.18896484375 ],
     uptime: 30310069 },
  trace: 
   [ { column: 34,
       file: '/opt/www/banana/common/db_helper.js',
       function: null,
       line: 45,
       method: null,
       native: false },
     { column: 9,
       file: '/opt/www/banana/node_modules/mysql/lib/Pool.js',
       function: 'Handshake.onConnect',
       line: 58,
       method: 'onConnect',
       native: false },
     { column: 24,
       file: '/opt/www/banana/node_modules/mysql/lib/protocol/sequences/Sequence.js',
       function: 'Handshake.Sequence.end',
       line: 88,
       method: 'end',
       native: false },
     { column: 14,
       file: '/opt/www/banana/node_modules/mysql/lib/protocol/Protocol.js',
       function: 'Protocol.handleNetworkError',
       line: 363,
       method: 'handleNetworkError',
       native: false },
     { column: 18,
       file: '/opt/www/banana/node_modules/mysql/lib/Connection.js',
       function: 'PoolConnection.Connection._handleNetworkError',
       line: 428,
       method: '_handleNetworkError',
       native: false },
     { column: 8,
       file: '/opt/www/banana/node_modules/mysql/lib/Connection.js',
       function: 'PoolConnection.Connection._handleConnectTimeout',
       line: 424,
       method: '_handleConnectTimeout',
       native: false },
     { column: 16,
       file: 'events.js',
       function: 'Socket.g',
       line: 292,
       method: 'g',
       native: false },
     { column: 13,
       file: 'events.js',
       function: 'emitNone',
       line: 86,
       method: null,
       native: false },
     { column: 7,
       file: 'events.js',
       function: 'Socket.emit',
       line: 185,
       method: 'emit',
       native: false },
     { column: 8,
       file: 'net.js',
       function: 'Socket._onTimeout',
       line: 338,
       method: '_onTimeout',
       native: false } ],
  stack: 
   [ 'TypeError: Cannot read property \'release\' of undefined',
     '    at /opt/www/banana/common/db_helper.js:45:34',
     '    at Handshake.onConnect (/opt/www/banana/node_modules/mysql/lib/Pool.js:58:9)',
     '    at Handshake.Sequence.end (/opt/www/banana/node_modules/mysql/lib/protocol/sequences/Sequence.js:88:24)',
     '    at Protocol.handleNetworkError (/opt/www/banana/node_modules/mysql/lib/protocol/Protocol.js:363:14)',
     '    at PoolConnection.Connection._handleNetworkError (/opt/www/banana/node_modules/mysql/lib/Connection.js:428:18)',
     '    at PoolConnection.Connection._handleConnectTimeout (/opt/www/banana/node_modules/mysql/lib/Connection.js:424:8)',
     '    at Socket.g (events.js:292:16)',
     '    at emitNone (events.js:86:13)',
     '    at Socket.emit (events.js:185:7)',
     '    at Socket._onTimeout (net.js:338:8)' ] }
2017-10-19 02:15:10.052 [pid:30998] - error: uncaughtException: Cannot read property 'release' of undefined 
{ date: 'Thu Oct 19 2017 02:15:10 GMT-0400 (EDT)',
  process: 
   { pid: 30998,
     uid: 0,
     gid: 0,
     cwd: '/opt/www/banana',
     execPath: '/usr/bin/node',
     version: 'v6.11.1',
     argv: [ '/usr/bin/node', '/opt/www/banana/bin/www' ],
     memoryUsage: 
      { rss: 44974080,
        heapTotal: 23068672,
        heapUsed: 17998392,
        external: 3324515 } },
  os: 
   { loadavg: [ 0.37451171875, 0.25537109375, 0.19921875 ],
     uptime: 30310153 },
  trace: 
   [ { column: 34,
       file: '/opt/www/banana/common/db_helper.js',
       function: null,
       line: 45,
       method: null,
       native: false },
     { column: 9,
       file: '/opt/www/banana/node_modules/mysql/lib/Pool.js',
       function: 'Handshake.onConnect',
       line: 58,
       method: 'onConnect',
       native: false },
     { column: 24,
       file: '/opt/www/banana/node_modules/mysql/lib/protocol/sequences/Sequence.js',
       function: 'Handshake.Sequence.end',
       line: 88,
       method: 'end',
       native: false },
     { column: 14,
       file: '/opt/www/banana/node_modules/mysql/lib/protocol/Protocol.js',
       function: 'Protocol.handleNetworkError',
       line: 363,
       method: 'handleNetworkError',
       native: false },
     { column: 18,
       file: '/opt/www/banana/node_modules/mysql/lib/Connection.js',
       function: 'PoolConnection.Connection._handleNetworkError',
       line: 428,
       method: '_handleNetworkError',
       native: false },
     { column: 8,
       file: '/opt/www/banana/node_modules/mysql/lib/Connection.js',
       function: 'PoolConnection.Connection._handleConnectTimeout',
       line: 424,
       method: '_handleConnectTimeout',
       native: false },
     { column: 16,
       file: 'events.js',
       function: 'Socket.g',
       line: 292,
       method: 'g',
       native: false },
     { column: 13,
       file: 'events.js',
       function: 'emitNone',
       line: 86,
       method: null,
       native: false },
     { column: 7,
       file: 'events.js',
       function: 'Socket.emit',
       line: 185,
       method: 'emit',
       native: false },
     { column: 8,
       file: 'net.js',
       function: 'Socket._onTimeout',
       line: 338,
       method: '_onTimeout',
       native: false } ],
  stack: 
   [ 'TypeError: Cannot read property \'release\' of undefined',
     '    at /opt/www/banana/common/db_helper.js:45:34',
     '    at Handshake.onConnect (/opt/www/banana/node_modules/mysql/lib/Pool.js:58:9)',
     '    at Handshake.Sequence.end (/opt/www/banana/node_modules/mysql/lib/protocol/sequences/Sequence.js:88:24)',
     '    at Protocol.handleNetworkError (/opt/www/banana/node_modules/mysql/lib/protocol/Protocol.js:363:14)',
     '    at PoolConnection.Connection._handleNetworkError (/opt/www/banana/node_modules/mysql/lib/Connection.js:428:18)',
     '    at PoolConnection.Connection._handleConnectTimeout (/opt/www/banana/node_modules/mysql/lib/Connection.js:424:8)',
     '    at Socket.g (events.js:292:16)',
     '    at emitNone (events.js:86:13)',
     '    at Socket.emit (events.js:185:7)',
     '    at Socket._onTimeout (net.js:338:8)' ] }
2017-10-19 03:22:42.766 [pid:2218] - error: uncaughtException: Cannot read property 'release' of undefined 
{ date: 'Thu Oct 19 2017 03:22:42 GMT-0400 (EDT)',
  process: 
   { pid: 2218,
     uid: 0,
     gid: 0,
     cwd: '/opt/www/banana',
     execPath: '/usr/bin/node',
     version: 'v6.11.1',
     argv: [ '/usr/bin/node', '/opt/www/banana/bin/www' ],
     memoryUsage: 
      { rss: 53698560,
        heapTotal: 35651584,
        heapUsed: 20381160,
        external: 6383809 } },
  os: 
   { loadavg: [ 0.35400390625, 0.28515625, 0.22216796875 ],
     uptime: 30314205 },
  trace: 
   [ { column: 34,
       file: '/opt/www/banana/common/db_helper.js',
       function: null,
       line: 45,
       method: null,
       native: false },
     { column: 9,
       file: '/opt/www/banana/node_modules/mysql/lib/Pool.js',
       function: 'Handshake.onConnect',
       line: 58,
       method: 'onConnect',
       native: false },
     { column: 24,
       file: '/opt/www/banana/node_modules/mysql/lib/protocol/sequences/Sequence.js',
       function: 'Handshake.Sequence.end',
       line: 88,
       method: 'end',
       native: false },
     { column: 14,
       file: '/opt/www/banana/node_modules/mysql/lib/protocol/Protocol.js',
       function: 'Protocol.handleNetworkError',
       line: 363,
       method: 'handleNetworkError',
       native: false },
     { column: 18,
       file: '/opt/www/banana/node_modules/mysql/lib/Connection.js',
       function: 'PoolConnection.Connection._handleNetworkError',
       line: 428,
       method: '_handleNetworkError',
       native: false },
     { column: 8,
       file: '/opt/www/banana/node_modules/mysql/lib/Connection.js',
       function: 'PoolConnection.Connection._handleConnectTimeout',
       line: 424,
       method: '_handleConnectTimeout',
       native: false },
     { column: 16,
       file: 'events.js',
       function: 'Socket.g',
       line: 292,
       method: 'g',
       native: false },
     { column: 13,
       file: 'events.js',
       function: 'emitNone',
       line: 86,
       method: null,
       native: false },
     { column: 7,
       file: 'events.js',
       function: 'Socket.emit',
       line: 185,
       method: 'emit',
       native: false },
     { column: 8,
       file: 'net.js',
       function: 'Socket._onTimeout',
       line: 338,
       method: '_onTimeout',
       native: false } ],
  stack: 
   [ 'TypeError: Cannot read property \'release\' of undefined',
     '    at /opt/www/banana/common/db_helper.js:45:34',
     '    at Handshake.onConnect (/opt/www/banana/node_modules/mysql/lib/Pool.js:58:9)',
     '    at Handshake.Sequence.end (/opt/www/banana/node_modules/mysql/lib/protocol/sequences/Sequence.js:88:24)',
     '    at Protocol.handleNetworkError (/opt/www/banana/node_modules/mysql/lib/protocol/Protocol.js:363:14)',
     '    at PoolConnection.Connection._handleNetworkError (/opt/www/banana/node_modules/mysql/lib/Connection.js:428:18)',
     '    at PoolConnection.Connection._handleConnectTimeout (/opt/www/banana/node_modules/mysql/lib/Connection.js:424:8)',
     '    at Socket.g (events.js:292:16)',
     '    at emitNone (events.js:86:13)',
     '    at Socket.emit (events.js:185:7)',
     '    at Socket._onTimeout (net.js:338:8)' ] }
2017-10-19 04:04:56.382 [pid:24545] - error: uncaughtException: Cannot read property 'release' of undefined 
{ date: 'Thu Oct 19 2017 04:04:56 GMT-0400 (EDT)',
  process: 
   { pid: 24545,
     uid: 0,
     gid: 0,
     cwd: '/opt/www/banana',
     execPath: '/usr/bin/node',
     version: 'v6.11.1',
     argv: [ '/usr/bin/node', '/opt/www/banana/bin/www' ],
     memoryUsage: 
      { rss: 53579776,
        heapTotal: 35651584,
        heapUsed: 20930240,
        external: 7303251 } },
  os: 
   { loadavg: [ 0.296875, 0.20556640625, 0.1669921875 ],
     uptime: 30316739 },
  trace: 
   [ { column: 34,
       file: '/opt/www/banana/common/db_helper.js',
       function: null,
       line: 45,
       method: null,
       native: false },
     { column: 9,
       file: '/opt/www/banana/node_modules/mysql/lib/Pool.js',
       function: 'Handshake.onConnect',
       line: 58,
       method: 'onConnect',
       native: false },
     { column: 24,
       file: '/opt/www/banana/node_modules/mysql/lib/protocol/sequences/Sequence.js',
       function: 'Handshake.Sequence.end',
       line: 88,
       method: 'end',
       native: false },
     { column: 14,
       file: '/opt/www/banana/node_modules/mysql/lib/protocol/Protocol.js',
       function: 'Protocol.handleNetworkError',
       line: 363,
       method: 'handleNetworkError',
       native: false },
     { column: 18,
       file: '/opt/www/banana/node_modules/mysql/lib/Connection.js',
       function: 'PoolConnection.Connection._handleNetworkError',
       line: 428,
       method: '_handleNetworkError',
       native: false },
     { column: 8,
       file: '/opt/www/banana/node_modules/mysql/lib/Connection.js',
       function: 'PoolConnection.Connection._handleConnectTimeout',
       line: 424,
       method: '_handleConnectTimeout',
       native: false },
     { column: 16,
       file: 'events.js',
       function: 'Socket.g',
       line: 292,
       method: 'g',
       native: false },
     { column: 13,
       file: 'events.js',
       function: 'emitNone',
       line: 86,
       method: null,
       native: false },
     { column: 7,
       file: 'events.js',
       function: 'Socket.emit',
       line: 185,
       method: 'emit',
       native: false },
     { column: 8,
       file: 'net.js',
       function: 'Socket._onTimeout',
       line: 338,
       method: '_onTimeout',
       native: false } ],
  stack: 
   [ 'TypeError: Cannot read property \'release\' of undefined',
     '    at /opt/www/banana/common/db_helper.js:45:34',
     '    at Handshake.onConnect (/opt/www/banana/node_modules/mysql/lib/Pool.js:58:9)',
     '    at Handshake.Sequence.end (/opt/www/banana/node_modules/mysql/lib/protocol/sequences/Sequence.js:88:24)',
     '    at Protocol.handleNetworkError (/opt/www/banana/node_modules/mysql/lib/protocol/Protocol.js:363:14)',
     '    at PoolConnection.Connection._handleNetworkError (/opt/www/banana/node_modules/mysql/lib/Connection.js:428:18)',
     '    at PoolConnection.Connection._handleConnectTimeout (/opt/www/banana/node_modules/mysql/lib/Connection.js:424:8)',
     '    at Socket.g (events.js:292:16)',
     '    at emitNone (events.js:86:13)',
     '    at Socket.emit (events.js:185:7)',
     '    at Socket._onTimeout (net.js:338:8)' ] }
2017-10-19 04:09:58.226 [pid:2407] - error: uncaughtException: Cannot read property 'release' of undefined 
{ date: 'Thu Oct 19 2017 04:09:58 GMT-0400 (EDT)',
  process: 
   { pid: 2407,
     uid: 0,
     gid: 0,
     cwd: '/opt/www/banana',
     execPath: '/usr/bin/node',
     version: 'v6.11.1',
     argv: [ '/usr/bin/node', '/opt/www/banana/bin/www' ],
     memoryUsage: 
      { rss: 53407744,
        heapTotal: 35651584,
        heapUsed: 20606872,
        external: 6320211 } },
  os: 
   { loadavg: [ 0.48095703125, 0.28369140625, 0.19970703125 ],
     uptime: 30317041 },
  trace: 
   [ { column: 34,
       file: '/opt/www/banana/common/db_helper.js',
       function: null,
       line: 45,
       method: null,
       native: false },
     { column: 9,
       file: '/opt/www/banana/node_modules/mysql/lib/Pool.js',
       function: 'Handshake.onConnect',
       line: 58,
       method: 'onConnect',
       native: false },
     { column: 24,
       file: '/opt/www/banana/node_modules/mysql/lib/protocol/sequences/Sequence.js',
       function: 'Handshake.Sequence.end',
       line: 88,
       method: 'end',
       native: false },
     { column: 14,
       file: '/opt/www/banana/node_modules/mysql/lib/protocol/Protocol.js',
       function: 'Protocol.handleNetworkError',
       line: 363,
       method: 'handleNetworkError',
       native: false },
     { column: 18,
       file: '/opt/www/banana/node_modules/mysql/lib/Connection.js',
       function: 'PoolConnection.Connection._handleNetworkError',
       line: 428,
       method: '_handleNetworkError',
       native: false },
     { column: 8,
       file: '/opt/www/banana/node_modules/mysql/lib/Connection.js',
       function: 'PoolConnection.Connection._handleConnectTimeout',
       line: 424,
       method: '_handleConnectTimeout',
       native: false },
     { column: 16,
       file: 'events.js',
       function: 'Socket.g',
       line: 292,
       method: 'g',
       native: false },
     { column: 13,
       file: 'events.js',
       function: 'emitNone',
       line: 86,
       method: null,
       native: false },
     { column: 7,
       file: 'events.js',
       function: 'Socket.emit',
       line: 185,
       method: 'emit',
       native: false },
     { column: 8,
       file: 'net.js',
       function: 'Socket._onTimeout',
       line: 338,
       method: '_onTimeout',
       native: false } ],
  stack: 
   [ 'TypeError: Cannot read property \'release\' of undefined',
     '    at /opt/www/banana/common/db_helper.js:45:34',
     '    at Handshake.onConnect (/opt/www/banana/node_modules/mysql/lib/Pool.js:58:9)',
     '    at Handshake.Sequence.end (/opt/www/banana/node_modules/mysql/lib/protocol/sequences/Sequence.js:88:24)',
     '    at Protocol.handleNetworkError (/opt/www/banana/node_modules/mysql/lib/protocol/Protocol.js:363:14)',
     '    at PoolConnection.Connection._handleNetworkError (/opt/www/banana/node_modules/mysql/lib/Connection.js:428:18)',
     '    at PoolConnection.Connection._handleConnectTimeout (/opt/www/banana/node_modules/mysql/lib/Connection.js:424:8)',
     '    at Socket.g (events.js:292:16)',
     '    at emitNone (events.js:86:13)',
     '    at Socket.emit (events.js:185:7)',
     '    at Socket._onTimeout (net.js:338:8)' ] }
2017-10-19 04:11:13.933 [pid:4113] - error: uncaughtException: Cannot read property 'release' of undefined 
{ date: 'Thu Oct 19 2017 04:11:13 GMT-0400 (EDT)',
  process: 
   { pid: 4113,
     uid: 0,
     gid: 0,
     cwd: '/opt/www/banana',
     execPath: '/usr/bin/node',
     version: 'v6.11.1',
     argv: [ '/usr/bin/node', '/opt/www/banana/bin/www' ],
     memoryUsage: 
      { rss: 39563264,
        heapTotal: 20971520,
        heapUsed: 18415720,
        external: 1767315 } },
  os: 
   { loadavg: [ 0.1689453125, 0.23486328125, 0.1904296875 ],
     uptime: 30317117 },
  trace: 
   [ { column: 34,
       file: '/opt/www/banana/common/db_helper.js',
       function: null,
       line: 45,
       method: null,
       native: false },
     { column: 9,
       file: '/opt/www/banana/node_modules/mysql/lib/Pool.js',
       function: 'Handshake.onConnect',
       line: 58,
       method: 'onConnect',
       native: false },
     { column: 24,
       file: '/opt/www/banana/node_modules/mysql/lib/protocol/sequences/Sequence.js',
       function: 'Handshake.Sequence.end',
       line: 88,
       method: 'end',
       native: false },
     { column: 14,
       file: '/opt/www/banana/node_modules/mysql/lib/protocol/Protocol.js',
       function: 'Protocol.handleNetworkError',
       line: 363,
       method: 'handleNetworkError',
       native: false },
     { column: 18,
       file: '/opt/www/banana/node_modules/mysql/lib/Connection.js',
       function: 'PoolConnection.Connection._handleNetworkError',
       line: 428,
       method: '_handleNetworkError',
       native: false },
     { column: 8,
       file: '/opt/www/banana/node_modules/mysql/lib/Connection.js',
       function: 'PoolConnection.Connection._handleConnectTimeout',
       line: 424,
       method: '_handleConnectTimeout',
       native: false },
     { column: 16,
       file: 'events.js',
       function: 'Socket.g',
       line: 292,
       method: 'g',
       native: false },
     { column: 13,
       file: 'events.js',
       function: 'emitNone',
       line: 86,
       method: null,
       native: false },
     { column: 7,
       file: 'events.js',
       function: 'Socket.emit',
       line: 185,
       method: 'emit',
       native: false },
     { column: 8,
       file: 'net.js',
       function: 'Socket._onTimeout',
       line: 338,
       method: '_onTimeout',
       native: false } ],
  stack: 
   [ 'TypeError: Cannot read property \'release\' of undefined',
     '    at /opt/www/banana/common/db_helper.js:45:34',
     '    at Handshake.onConnect (/opt/www/banana/node_modules/mysql/lib/Pool.js:58:9)',
     '    at Handshake.Sequence.end (/opt/www/banana/node_modules/mysql/lib/protocol/sequences/Sequence.js:88:24)',
     '    at Protocol.handleNetworkError (/opt/www/banana/node_modules/mysql/lib/protocol/Protocol.js:363:14)',
     '    at PoolConnection.Connection._handleNetworkError (/opt/www/banana/node_modules/mysql/lib/Connection.js:428:18)',
     '    at PoolConnection.Connection._handleConnectTimeout (/opt/www/banana/node_modules/mysql/lib/Connection.js:424:8)',
     '    at Socket.g (events.js:292:16)',
     '    at emitNone (events.js:86:13)',
     '    at Socket.emit (events.js:185:7)',
     '    at Socket._onTimeout (net.js:338:8)' ] }
2017-10-19 04:15:59.733 [pid:6064] - error: uncaughtException: Cannot read property 'release' of undefined 
{ date: 'Thu Oct 19 2017 04:15:59 GMT-0400 (EDT)',
  process: 
   { pid: 6064,
     uid: 0,
     gid: 0,
     cwd: '/opt/www/banana',
     execPath: '/usr/bin/node',
     version: 'v6.11.1',
     argv: [ '/usr/bin/node', '/opt/www/banana/bin/www' ],
     memoryUsage: 
      { rss: 43839488,
        heapTotal: 20971520,
        heapUsed: 17539552,
        external: 195862 } },
  os: 
   { loadavg: [ 0.24365234375, 0.2099609375, 0.19287109375 ],
     uptime: 30317402 },
  trace: 
   [ { column: 34,
       file: '/opt/www/banana/common/db_helper.js',
       function: null,
       line: 45,
       method: null,
       native: false },
     { column: 9,
       file: '/opt/www/banana/node_modules/mysql/lib/Pool.js',
       function: 'Handshake.onConnect',
       line: 58,
       method: 'onConnect',
       native: false },
     { column: 24,
       file: '/opt/www/banana/node_modules/mysql/lib/protocol/sequences/Sequence.js',
       function: 'Handshake.Sequence.end',
       line: 88,
       method: 'end',
       native: false },
     { column: 14,
       file: '/opt/www/banana/node_modules/mysql/lib/protocol/Protocol.js',
       function: 'Protocol.handleNetworkError',
       line: 363,
       method: 'handleNetworkError',
       native: false },
     { column: 18,
       file: '/opt/www/banana/node_modules/mysql/lib/Connection.js',
       function: 'PoolConnection.Connection._handleNetworkError',
       line: 428,
       method: '_handleNetworkError',
       native: false },
     { column: 8,
       file: '/opt/www/banana/node_modules/mysql/lib/Connection.js',
       function: 'PoolConnection.Connection._handleConnectTimeout',
       line: 424,
       method: '_handleConnectTimeout',
       native: false },
     { column: 16,
       file: 'events.js',
       function: 'Socket.g',
       line: 292,
       method: 'g',
       native: false },
     { column: 13,
       file: 'events.js',
       function: 'emitNone',
       line: 86,
       method: null,
       native: false },
     { column: 7,
       file: 'events.js',
       function: 'Socket.emit',
       line: 185,
       method: 'emit',
       native: false },
     { column: 8,
       file: 'net.js',
       function: 'Socket._onTimeout',
       line: 338,
       method: '_onTimeout',
       native: false } ],
  stack: 
   [ 'TypeError: Cannot read property \'release\' of undefined',
     '    at /opt/www/banana/common/db_helper.js:45:34',
     '    at Handshake.onConnect (/opt/www/banana/node_modules/mysql/lib/Pool.js:58:9)',
     '    at Handshake.Sequence.end (/opt/www/banana/node_modules/mysql/lib/protocol/sequences/Sequence.js:88:24)',
     '    at Protocol.handleNetworkError (/opt/www/banana/node_modules/mysql/lib/protocol/Protocol.js:363:14)',
     '    at PoolConnection.Connection._handleNetworkError (/opt/www/banana/node_modules/mysql/lib/Connection.js:428:18)',
     '    at PoolConnection.Connection._handleConnectTimeout (/opt/www/banana/node_modules/mysql/lib/Connection.js:424:8)',
     '    at Socket.g (events.js:292:16)',
     '    at emitNone (events.js:86:13)',
     '    at Socket.emit (events.js:185:7)',
     '    at Socket._onTimeout (net.js:338:8)' ] }
2017-10-19 04:18:02.380 [pid:21621] - error: uncaughtException: Cannot read property 'release' of undefined 
{ date: 'Thu Oct 19 2017 04:18:02 GMT-0400 (EDT)',
  process: 
   { pid: 21621,
     uid: 0,
     gid: 0,
     cwd: '/opt/www/banana',
     execPath: '/usr/bin/node',
     version: 'v6.11.1',
     argv: [ '/usr/bin/node', '/opt/www/banana/bin/www' ],
     memoryUsage: 
      { rss: 48484352,
        heapTotal: 35651584,
        heapUsed: 17224400,
        external: 5356768 } },
  os: 
   { loadavg: [ 0.1220703125, 0.2021484375, 0.1962890625 ],
     uptime: 30317525 },
  trace: 
   [ { column: 34,
       file: '/opt/www/banana/common/db_helper.js',
       function: null,
       line: 45,
       method: null,
       native: false },
     { column: 9,
       file: '/opt/www/banana/node_modules/mysql/lib/Pool.js',
       function: 'Handshake.onConnect',
       line: 58,
       method: 'onConnect',
       native: false },
     { column: 24,
       file: '/opt/www/banana/node_modules/mysql/lib/protocol/sequences/Sequence.js',
       function: 'Handshake.Sequence.end',
       line: 88,
       method: 'end',
       native: false },
     { column: 14,
       file: '/opt/www/banana/node_modules/mysql/lib/protocol/Protocol.js',
       function: 'Protocol.handleNetworkError',
       line: 363,
       method: 'handleNetworkError',
       native: false },
     { column: 18,
       file: '/opt/www/banana/node_modules/mysql/lib/Connection.js',
       function: 'PoolConnection.Connection._handleNetworkError',
       line: 428,
       method: '_handleNetworkError',
       native: false },
     { column: 8,
       file: '/opt/www/banana/node_modules/mysql/lib/Connection.js',
       function: 'PoolConnection.Connection._handleConnectTimeout',
       line: 424,
       method: '_handleConnectTimeout',
       native: false },
     { column: 16,
       file: 'events.js',
       function: 'Socket.g',
       line: 292,
       method: 'g',
       native: false },
     { column: 13,
       file: 'events.js',
       function: 'emitNone',
       line: 86,
       method: null,
       native: false },
     { column: 7,
       file: 'events.js',
       function: 'Socket.emit',
       line: 185,
       method: 'emit',
       native: false },
     { column: 8,
       file: 'net.js',
       function: 'Socket._onTimeout',
       line: 338,
       method: '_onTimeout',
       native: false } ],
  stack: 
   [ 'TypeError: Cannot read property \'release\' of undefined',
     '    at /opt/www/banana/common/db_helper.js:45:34',
     '    at Handshake.onConnect (/opt/www/banana/node_modules/mysql/lib/Pool.js:58:9)',
     '    at Handshake.Sequence.end (/opt/www/banana/node_modules/mysql/lib/protocol/sequences/Sequence.js:88:24)',
     '    at Protocol.handleNetworkError (/opt/www/banana/node_modules/mysql/lib/protocol/Protocol.js:363:14)',
     '    at PoolConnection.Connection._handleNetworkError (/opt/www/banana/node_modules/mysql/lib/Connection.js:428:18)',
     '    at PoolConnection.Connection._handleConnectTimeout (/opt/www/banana/node_modules/mysql/lib/Connection.js:424:8)',
     '    at Socket.g (events.js:292:16)',
     '    at emitNone (events.js:86:13)',
     '    at Socket.emit (events.js:185:7)',
     '    at Socket._onTimeout (net.js:338:8)' ] }
2017-10-19 04:38:31.097 [pid:9408] - error: uncaughtException: Cannot read property 'release' of undefined 
{ date: 'Thu Oct 19 2017 04:38:31 GMT-0400 (EDT)',
  process: 
   { pid: 9408,
     uid: 0,
     gid: 0,
     cwd: '/opt/www/banana',
     execPath: '/usr/bin/node',
     version: 'v6.11.1',
     argv: [ '/usr/bin/node', '/opt/www/banana/bin/www' ],
     memoryUsage: 
      { rss: 36192256,
        heapTotal: 23068672,
        heapUsed: 17746728,
        external: 191608 } },
  os: 
   { loadavg: [ 0.33935546875, 0.40234375, 0.3232421875 ],
     uptime: 30318754 },
  trace: 
   [ { column: 34,
       file: '/opt/www/banana/common/db_helper.js',
       function: null,
       line: 45,
       method: null,
       native: false },
     { column: 9,
       file: '/opt/www/banana/node_modules/mysql/lib/Pool.js',
       function: 'Handshake.onConnect',
       line: 58,
       method: 'onConnect',
       native: false },
     { column: 24,
       file: '/opt/www/banana/node_modules/mysql/lib/protocol/sequences/Sequence.js',
       function: 'Handshake.Sequence.end',
       line: 88,
       method: 'end',
       native: false },
     { column: 14,
       file: '/opt/www/banana/node_modules/mysql/lib/protocol/Protocol.js',
       function: 'Protocol.handleNetworkError',
       line: 363,
       method: 'handleNetworkError',
       native: false },
     { column: 18,
       file: '/opt/www/banana/node_modules/mysql/lib/Connection.js',
       function: 'PoolConnection.Connection._handleNetworkError',
       line: 428,
       method: '_handleNetworkError',
       native: false },
     { column: 8,
       file: '/opt/www/banana/node_modules/mysql/lib/Connection.js',
       function: 'PoolConnection.Connection._handleConnectTimeout',
       line: 424,
       method: '_handleConnectTimeout',
       native: false },
     { column: 16,
       file: 'events.js',
       function: 'Socket.g',
       line: 292,
       method: 'g',
       native: false },
     { column: 13,
       file: 'events.js',
       function: 'emitNone',
       line: 86,
       method: null,
       native: false },
     { column: 7,
       file: 'events.js',
       function: 'Socket.emit',
       line: 185,
       method: 'emit',
       native: false },
     { column: 8,
       file: 'net.js',
       function: 'Socket._onTimeout',
       line: 338,
       method: '_onTimeout',
       native: false } ],
  stack: 
   [ 'TypeError: Cannot read property \'release\' of undefined',
     '    at /opt/www/banana/common/db_helper.js:45:34',
     '    at Handshake.onConnect (/opt/www/banana/node_modules/mysql/lib/Pool.js:58:9)',
     '    at Handshake.Sequence.end (/opt/www/banana/node_modules/mysql/lib/protocol/sequences/Sequence.js:88:24)',
     '    at Protocol.handleNetworkError (/opt/www/banana/node_modules/mysql/lib/protocol/Protocol.js:363:14)',
     '    at PoolConnection.Connection._handleNetworkError (/opt/www/banana/node_modules/mysql/lib/Connection.js:428:18)',
     '    at PoolConnection.Connection._handleConnectTimeout (/opt/www/banana/node_modules/mysql/lib/Connection.js:424:8)',
     '    at Socket.g (events.js:292:16)',
     '    at emitNone (events.js:86:13)',
     '    at Socket.emit (events.js:185:7)',
     '    at Socket._onTimeout (net.js:338:8)' ] }
2017-10-19 08:30:22.573 [pid:32518] - error: uncaughtException: Cannot read property 'release' of undefined 
{ date: 'Thu Oct 19 2017 08:30:22 GMT-0400 (EDT)',
  process: 
   { pid: 32518,
     uid: 0,
     gid: 0,
     cwd: '/opt/www/banana',
     execPath: '/usr/bin/node',
     version: 'v6.11.1',
     argv: [ '/usr/bin/node', '/opt/www/banana/bin/www' ],
     memoryUsage: 
      { rss: 39022592,
        heapTotal: 22020096,
        heapUsed: 18340704,
        external: 700985 } },
  os: 
   { loadavg: [ 0.2275390625, 0.1767578125, 0.1708984375 ],
     uptime: 30332665 },
  trace: 
   [ { column: 34,
       file: '/opt/www/banana/common/db_helper.js',
       function: null,
       line: 45,
       method: null,
       native: false },
     { column: 9,
       file: '/opt/www/banana/node_modules/mysql/lib/Pool.js',
       function: 'Handshake.onConnect',
       line: 58,
       method: 'onConnect',
       native: false },
     { column: 24,
       file: '/opt/www/banana/node_modules/mysql/lib/protocol/sequences/Sequence.js',
       function: 'Handshake.Sequence.end',
       line: 88,
       method: 'end',
       native: false },
     { column: 14,
       file: '/opt/www/banana/node_modules/mysql/lib/protocol/Protocol.js',
       function: 'Protocol.handleNetworkError',
       line: 363,
       method: 'handleNetworkError',
       native: false },
     { column: 18,
       file: '/opt/www/banana/node_modules/mysql/lib/Connection.js',
       function: 'PoolConnection.Connection._handleNetworkError',
       line: 428,
       method: '_handleNetworkError',
       native: false },
     { column: 8,
       file: '/opt/www/banana/node_modules/mysql/lib/Connection.js',
       function: 'PoolConnection.Connection._handleConnectTimeout',
       line: 424,
       method: '_handleConnectTimeout',
       native: false },
     { column: 16,
       file: 'events.js',
       function: 'Socket.g',
       line: 292,
       method: 'g',
       native: false },
     { column: 13,
       file: 'events.js',
       function: 'emitNone',
       line: 86,
       method: null,
       native: false },
     { column: 7,
       file: 'events.js',
       function: 'Socket.emit',
       line: 185,
       method: 'emit',
       native: false },
     { column: 8,
       file: 'net.js',
       function: 'Socket._onTimeout',
       line: 338,
       method: '_onTimeout',
       native: false } ],
  stack: 
   [ 'TypeError: Cannot read property \'release\' of undefined',
     '    at /opt/www/banana/common/db_helper.js:45:34',
     '    at Handshake.onConnect (/opt/www/banana/node_modules/mysql/lib/Pool.js:58:9)',
     '    at Handshake.Sequence.end (/opt/www/banana/node_modules/mysql/lib/protocol/sequences/Sequence.js:88:24)',
     '    at Protocol.handleNetworkError (/opt/www/banana/node_modules/mysql/lib/protocol/Protocol.js:363:14)',
     '    at PoolConnection.Connection._handleNetworkError (/opt/www/banana/node_modules/mysql/lib/Connection.js:428:18)',
     '    at PoolConnection.Connection._handleConnectTimeout (/opt/www/banana/node_modules/mysql/lib/Connection.js:424:8)',
     '    at Socket.g (events.js:292:16)',
     '    at emitNone (events.js:86:13)',
     '    at Socket.emit (events.js:185:7)',
     '    at Socket._onTimeout (net.js:338:8)' ] }
2017-10-19 08:50:08.935 [pid:6173] - error: uncaughtException: Cannot read property 'release' of undefined 
{ date: 'Thu Oct 19 2017 08:50:08 GMT-0400 (EDT)',
  process: 
   { pid: 6173,
     uid: 0,
     gid: 0,
     cwd: '/opt/www/banana',
     execPath: '/usr/bin/node',
     version: 'v6.11.1',
     argv: [ '/usr/bin/node', '/opt/www/banana/bin/www' ],
     memoryUsage: 
      { rss: 40554496,
        heapTotal: 32505856,
        heapUsed: 19839952,
        external: 283897 } },
  os: 
   { loadavg: [ 0.3701171875, 0.322265625, 0.25146484375 ],
     uptime: 30333852 },
  trace: 
   [ { column: 34,
       file: '/opt/www/banana/common/db_helper.js',
       function: null,
       line: 45,
       method: null,
       native: false },
     { column: 9,
       file: '/opt/www/banana/node_modules/mysql/lib/Pool.js',
       function: 'Handshake.onConnect',
       line: 58,
       method: 'onConnect',
       native: false },
     { column: 24,
       file: '/opt/www/banana/node_modules/mysql/lib/protocol/sequences/Sequence.js',
       function: 'Handshake.Sequence.end',
       line: 88,
       method: 'end',
       native: false },
     { column: 14,
       file: '/opt/www/banana/node_modules/mysql/lib/protocol/Protocol.js',
       function: 'Protocol.handleNetworkError',
       line: 363,
       method: 'handleNetworkError',
       native: false },
     { column: 18,
       file: '/opt/www/banana/node_modules/mysql/lib/Connection.js',
       function: 'PoolConnection.Connection._handleNetworkError',
       line: 428,
       method: '_handleNetworkError',
       native: false },
     { column: 8,
       file: '/opt/www/banana/node_modules/mysql/lib/Connection.js',
       function: 'PoolConnection.Connection._handleConnectTimeout',
       line: 424,
       method: '_handleConnectTimeout',
       native: false },
     { column: 16,
       file: 'events.js',
       function: 'Socket.g',
       line: 292,
       method: 'g',
       native: false },
     { column: 13,
       file: 'events.js',
       function: 'emitNone',
       line: 86,
       method: null,
       native: false },
     { column: 7,
       file: 'events.js',
       function: 'Socket.emit',
       line: 185,
       method: 'emit',
       native: false },
     { column: 8,
       file: 'net.js',
       function: 'Socket._onTimeout',
       line: 338,
       method: '_onTimeout',
       native: false } ],
  stack: 
   [ 'TypeError: Cannot read property \'release\' of undefined',
     '    at /opt/www/banana/common/db_helper.js:45:34',
     '    at Handshake.onConnect (/opt/www/banana/node_modules/mysql/lib/Pool.js:58:9)',
     '    at Handshake.Sequence.end (/opt/www/banana/node_modules/mysql/lib/protocol/sequences/Sequence.js:88:24)',
     '    at Protocol.handleNetworkError (/opt/www/banana/node_modules/mysql/lib/protocol/Protocol.js:363:14)',
     '    at PoolConnection.Connection._handleNetworkError (/opt/www/banana/node_modules/mysql/lib/Connection.js:428:18)',
     '    at PoolConnection.Connection._handleConnectTimeout (/opt/www/banana/node_modules/mysql/lib/Connection.js:424:8)',
     '    at Socket.g (events.js:292:16)',
     '    at emitNone (events.js:86:13)',
     '    at Socket.emit (events.js:185:7)',
     '    at Socket._onTimeout (net.js:338:8)' ] }
2017-10-19 09:12:50.565 [pid:18210] - error: uncaughtException: Cannot read property 'release' of undefined 
{ date: 'Thu Oct 19 2017 09:12:50 GMT-0400 (EDT)',
  process: 
   { pid: 18210,
     uid: 0,
     gid: 0,
     cwd: '/opt/www/banana',
     execPath: '/usr/bin/node',
     version: 'v6.11.1',
     argv: [ '/usr/bin/node', '/opt/www/banana/bin/www' ],
     memoryUsage: 
      { rss: 51814400,
        heapTotal: 36700160,
        heapUsed: 20564768,
        external: 6974318 } },
  os: 
   { loadavg: [ 0.13623046875, 0.21337890625, 0.22509765625 ],
     uptime: 30335213 },
  trace: 
   [ { column: 34,
       file: '/opt/www/banana/common/db_helper.js',
       function: null,
       line: 45,
       method: null,
       native: false },
     { column: 9,
       file: '/opt/www/banana/node_modules/mysql/lib/Pool.js',
       function: 'Handshake.onConnect',
       line: 58,
       method: 'onConnect',
       native: false },
     { column: 24,
       file: '/opt/www/banana/node_modules/mysql/lib/protocol/sequences/Sequence.js',
       function: 'Handshake.Sequence.end',
       line: 88,
       method: 'end',
       native: false },
     { column: 14,
       file: '/opt/www/banana/node_modules/mysql/lib/protocol/Protocol.js',
       function: 'Protocol.handleNetworkError',
       line: 363,
       method: 'handleNetworkError',
       native: false },
     { column: 18,
       file: '/opt/www/banana/node_modules/mysql/lib/Connection.js',
       function: 'PoolConnection.Connection._handleNetworkError',
       line: 428,
       method: '_handleNetworkError',
       native: false },
     { column: 8,
       file: '/opt/www/banana/node_modules/mysql/lib/Connection.js',
       function: 'PoolConnection.Connection._handleConnectTimeout',
       line: 424,
       method: '_handleConnectTimeout',
       native: false },
     { column: 16,
       file: 'events.js',
       function: 'Socket.g',
       line: 292,
       method: 'g',
       native: false },
     { column: 13,
       file: 'events.js',
       function: 'emitNone',
       line: 86,
       method: null,
       native: false },
     { column: 7,
       file: 'events.js',
       function: 'Socket.emit',
       line: 185,
       method: 'emit',
       native: false },
     { column: 8,
       file: 'net.js',
       function: 'Socket._onTimeout',
       line: 338,
       method: '_onTimeout',
       native: false } ],
  stack: 
   [ 'TypeError: Cannot read property \'release\' of undefined',
     '    at /opt/www/banana/common/db_helper.js:45:34',
     '    at Handshake.onConnect (/opt/www/banana/node_modules/mysql/lib/Pool.js:58:9)',
     '    at Handshake.Sequence.end (/opt/www/banana/node_modules/mysql/lib/protocol/sequences/Sequence.js:88:24)',
     '    at Protocol.handleNetworkError (/opt/www/banana/node_modules/mysql/lib/protocol/Protocol.js:363:14)',
     '    at PoolConnection.Connection._handleNetworkError (/opt/www/banana/node_modules/mysql/lib/Connection.js:428:18)',
     '    at PoolConnection.Connection._handleConnectTimeout (/opt/www/banana/node_modules/mysql/lib/Connection.js:424:8)',
     '    at Socket.g (events.js:292:16)',
     '    at emitNone (events.js:86:13)',
     '    at Socket.emit (events.js:185:7)',
     '    at Socket._onTimeout (net.js:338:8)' ] }
2017-10-19 09:12:50.569 [pid:18210] - error: uncaughtException: Cannot read property 'release' of undefined 
{ date: 'Thu Oct 19 2017 09:12:50 GMT-0400 (EDT)',
  process: 
   { pid: 18210,
     uid: 0,
     gid: 0,
     cwd: '/opt/www/banana',
     execPath: '/usr/bin/node',
     version: 'v6.11.1',
     argv: [ '/usr/bin/node', '/opt/www/banana/bin/www' ],
     memoryUsage: 
      { rss: 52625408,
        heapTotal: 36700160,
        heapUsed: 21287704,
        external: 7039854 } },
  os: 
   { loadavg: [ 0.13623046875, 0.21337890625, 0.22509765625 ],
     uptime: 30335213 },
  trace: 
   [ { column: 34,
       file: '/opt/www/banana/common/db_helper.js',
       function: null,
       line: 45,
       method: null,
       native: false },
     { column: 9,
       file: '/opt/www/banana/node_modules/mysql/lib/Pool.js',
       function: 'Handshake.onConnect',
       line: 58,
       method: 'onConnect',
       native: false },
     { column: 24,
       file: '/opt/www/banana/node_modules/mysql/lib/protocol/sequences/Sequence.js',
       function: 'Handshake.Sequence.end',
       line: 88,
       method: 'end',
       native: false },
     { column: 14,
       file: '/opt/www/banana/node_modules/mysql/lib/protocol/Protocol.js',
       function: 'Protocol.handleNetworkError',
       line: 363,
       method: 'handleNetworkError',
       native: false },
     { column: 18,
       file: '/opt/www/banana/node_modules/mysql/lib/Connection.js',
       function: 'PoolConnection.Connection._handleNetworkError',
       line: 428,
       method: '_handleNetworkError',
       native: false },
     { column: 8,
       file: '/opt/www/banana/node_modules/mysql/lib/Connection.js',
       function: 'PoolConnection.Connection._handleConnectTimeout',
       line: 424,
       method: '_handleConnectTimeout',
       native: false },
     { column: 16,
       file: 'events.js',
       function: 'Socket.g',
       line: 292,
       method: 'g',
       native: false },
     { column: 13,
       file: 'events.js',
       function: 'emitNone',
       line: 86,
       method: null,
       native: false },
     { column: 7,
       file: 'events.js',
       function: 'Socket.emit',
       line: 185,
       method: 'emit',
       native: false },
     { column: 8,
       file: 'net.js',
       function: 'Socket._onTimeout',
       line: 338,
       method: '_onTimeout',
       native: false } ],
  stack: 
   [ 'TypeError: Cannot read property \'release\' of undefined',
     '    at /opt/www/banana/common/db_helper.js:45:34',
     '    at Handshake.onConnect (/opt/www/banana/node_modules/mysql/lib/Pool.js:58:9)',
     '    at Handshake.Sequence.end (/opt/www/banana/node_modules/mysql/lib/protocol/sequences/Sequence.js:88:24)',
     '    at Protocol.handleNetworkError (/opt/www/banana/node_modules/mysql/lib/protocol/Protocol.js:363:14)',
     '    at PoolConnection.Connection._handleNetworkError (/opt/www/banana/node_modules/mysql/lib/Connection.js:428:18)',
     '    at PoolConnection.Connection._handleConnectTimeout (/opt/www/banana/node_modules/mysql/lib/Connection.js:424:8)',
     '    at Socket.g (events.js:292:16)',
     '    at emitNone (events.js:86:13)',
     '    at Socket.emit (events.js:185:7)',
     '    at Socket._onTimeout (net.js:338:8)' ] }
2017-10-19 09:15:58.185 [pid:24570] - error: uncaughtException: Cannot read property 'release' of undefined 
{ date: 'Thu Oct 19 2017 09:15:58 GMT-0400 (EDT)',
  process: 
   { pid: 24570,
     uid: 0,
     gid: 0,
     cwd: '/opt/www/banana',
     execPath: '/usr/bin/node',
     version: 'v6.11.1',
     argv: [ '/usr/bin/node', '/opt/www/banana/bin/www' ],
     memoryUsage: 
      { rss: 48922624,
        heapTotal: 38797312,
        heapUsed: 18994904,
        external: 200433 } },
  os: 
   { loadavg: [ 0.37548828125, 0.28564453125, 0.24853515625 ],
     uptime: 30335401 },
  trace: 
   [ { column: 34,
       file: '/opt/www/banana/common/db_helper.js',
       function: null,
       line: 45,
       method: null,
       native: false },
     { column: 9,
       file: '/opt/www/banana/node_modules/mysql/lib/Pool.js',
       function: 'Handshake.onConnect',
       line: 58,
       method: 'onConnect',
       native: false },
     { column: 24,
       file: '/opt/www/banana/node_modules/mysql/lib/protocol/sequences/Sequence.js',
       function: 'Handshake.Sequence.end',
       line: 88,
       method: 'end',
       native: false },
     { column: 14,
       file: '/opt/www/banana/node_modules/mysql/lib/protocol/Protocol.js',
       function: 'Protocol.handleNetworkError',
       line: 363,
       method: 'handleNetworkError',
       native: false },
     { column: 18,
       file: '/opt/www/banana/node_modules/mysql/lib/Connection.js',
       function: 'PoolConnection.Connection._handleNetworkError',
       line: 428,
       method: '_handleNetworkError',
       native: false },
     { column: 8,
       file: '/opt/www/banana/node_modules/mysql/lib/Connection.js',
       function: 'PoolConnection.Connection._handleConnectTimeout',
       line: 424,
       method: '_handleConnectTimeout',
       native: false },
     { column: 16,
       file: 'events.js',
       function: 'Socket.g',
       line: 292,
       method: 'g',
       native: false },
     { column: 13,
       file: 'events.js',
       function: 'emitNone',
       line: 86,
       method: null,
       native: false },
     { column: 7,
       file: 'events.js',
       function: 'Socket.emit',
       line: 185,
       method: 'emit',
       native: false },
     { column: 8,
       file: 'net.js',
       function: 'Socket._onTimeout',
       line: 338,
       method: '_onTimeout',
       native: false } ],
  stack: 
   [ 'TypeError: Cannot read property \'release\' of undefined',
     '    at /opt/www/banana/common/db_helper.js:45:34',
     '    at Handshake.onConnect (/opt/www/banana/node_modules/mysql/lib/Pool.js:58:9)',
     '    at Handshake.Sequence.end (/opt/www/banana/node_modules/mysql/lib/protocol/sequences/Sequence.js:88:24)',
     '    at Protocol.handleNetworkError (/opt/www/banana/node_modules/mysql/lib/protocol/Protocol.js:363:14)',
     '    at PoolConnection.Connection._handleNetworkError (/opt/www/banana/node_modules/mysql/lib/Connection.js:428:18)',
     '    at PoolConnection.Connection._handleConnectTimeout (/opt/www/banana/node_modules/mysql/lib/Connection.js:424:8)',
     '    at Socket.g (events.js:292:16)',
     '    at emitNone (events.js:86:13)',
     '    at Socket.emit (events.js:185:7)',
     '    at Socket._onTimeout (net.js:338:8)' ] }
2017-10-19 09:24:04.036 [pid:7676] - error: uncaughtException: Cannot read property 'release' of undefined 
{ date: 'Thu Oct 19 2017 09:24:04 GMT-0400 (EDT)',
  process: 
   { pid: 7676,
     uid: 0,
     gid: 0,
     cwd: '/opt/www/banana',
     execPath: '/usr/bin/node',
     version: 'v6.11.1',
     argv: [ '/usr/bin/node', '/opt/www/banana/bin/www' ],
     memoryUsage: 
      { rss: 48750592,
        heapTotal: 38797312,
        heapUsed: 19077528,
        external: 209310 } },
  os: 
   { loadavg: [ 0.33935546875, 0.2666015625, 0.2412109375 ],
     uptime: 30335887 },
  trace: 
   [ { column: 34,
       file: '/opt/www/banana/common/db_helper.js',
       function: null,
       line: 45,
       method: null,
       native: false },
     { column: 9,
       file: '/opt/www/banana/node_modules/mysql/lib/Pool.js',
       function: 'Handshake.onConnect',
       line: 58,
       method: 'onConnect',
       native: false },
     { column: 24,
       file: '/opt/www/banana/node_modules/mysql/lib/protocol/sequences/Sequence.js',
       function: 'Handshake.Sequence.end',
       line: 88,
       method: 'end',
       native: false },
     { column: 14,
       file: '/opt/www/banana/node_modules/mysql/lib/protocol/Protocol.js',
       function: 'Protocol.handleNetworkError',
       line: 363,
       method: 'handleNetworkError',
       native: false },
     { column: 18,
       file: '/opt/www/banana/node_modules/mysql/lib/Connection.js',
       function: 'PoolConnection.Connection._handleNetworkError',
       line: 428,
       method: '_handleNetworkError',
       native: false },
     { column: 8,
       file: '/opt/www/banana/node_modules/mysql/lib/Connection.js',
       function: 'PoolConnection.Connection._handleConnectTimeout',
       line: 424,
       method: '_handleConnectTimeout',
       native: false },
     { column: 16,
       file: 'events.js',
       function: 'Socket.g',
       line: 292,
       method: 'g',
       native: false },
     { column: 13,
       file: 'events.js',
       function: 'emitNone',
       line: 86,
       method: null,
       native: false },
     { column: 7,
       file: 'events.js',
       function: 'Socket.emit',
       line: 185,
       method: 'emit',
       native: false },
     { column: 8,
       file: 'net.js',
       function: 'Socket._onTimeout',
       line: 338,
       method: '_onTimeout',
       native: false } ],
  stack: 
   [ 'TypeError: Cannot read property \'release\' of undefined',
     '    at /opt/www/banana/common/db_helper.js:45:34',
     '    at Handshake.onConnect (/opt/www/banana/node_modules/mysql/lib/Pool.js:58:9)',
     '    at Handshake.Sequence.end (/opt/www/banana/node_modules/mysql/lib/protocol/sequences/Sequence.js:88:24)',
     '    at Protocol.handleNetworkError (/opt/www/banana/node_modules/mysql/lib/protocol/Protocol.js:363:14)',
     '    at PoolConnection.Connection._handleNetworkError (/opt/www/banana/node_modules/mysql/lib/Connection.js:428:18)',
     '    at PoolConnection.Connection._handleConnectTimeout (/opt/www/banana/node_modules/mysql/lib/Connection.js:424:8)',
     '    at Socket.g (events.js:292:16)',
     '    at emitNone (events.js:86:13)',
     '    at Socket.emit (events.js:185:7)',
     '    at Socket._onTimeout (net.js:338:8)' ] }
2017-10-19 09:34:34.066 [pid:28023] - error: uncaughtException: Cannot read property 'release' of undefined 
{ date: 'Thu Oct 19 2017 09:34:34 GMT-0400 (EDT)',
  process: 
   { pid: 28023,
     uid: 0,
     gid: 0,
     cwd: '/opt/www/banana',
     execPath: '/usr/bin/node',
     version: 'v6.11.1',
     argv: [ '/usr/bin/node', '/opt/www/banana/bin/www' ],
     memoryUsage: 
      { rss: 49659904,
        heapTotal: 39845888,
        heapUsed: 18306304,
        external: 217502 } },
  os: 
   { loadavg: [ 0.21435546875, 0.17138671875, 0.20263671875 ],
     uptime: 30336517 },
  trace: 
   [ { column: 34,
       file: '/opt/www/banana/common/db_helper.js',
       function: null,
       line: 45,
       method: null,
       native: false },
     { column: 9,
       file: '/opt/www/banana/node_modules/mysql/lib/Pool.js',
       function: 'Handshake.onConnect',
       line: 58,
       method: 'onConnect',
       native: false },
     { column: 24,
       file: '/opt/www/banana/node_modules/mysql/lib/protocol/sequences/Sequence.js',
       function: 'Handshake.Sequence.end',
       line: 88,
       method: 'end',
       native: false },
     { column: 14,
       file: '/opt/www/banana/node_modules/mysql/lib/protocol/Protocol.js',
       function: 'Protocol.handleNetworkError',
       line: 363,
       method: 'handleNetworkError',
       native: false },
     { column: 18,
       file: '/opt/www/banana/node_modules/mysql/lib/Connection.js',
       function: 'PoolConnection.Connection._handleNetworkError',
       line: 428,
       method: '_handleNetworkError',
       native: false },
     { column: 8,
       file: '/opt/www/banana/node_modules/mysql/lib/Connection.js',
       function: 'PoolConnection.Connection._handleConnectTimeout',
       line: 424,
       method: '_handleConnectTimeout',
       native: false },
     { column: 16,
       file: 'events.js',
       function: 'Socket.g',
       line: 292,
       method: 'g',
       native: false },
     { column: 13,
       file: 'events.js',
       function: 'emitNone',
       line: 86,
       method: null,
       native: false },
     { column: 7,
       file: 'events.js',
       function: 'Socket.emit',
       line: 185,
       method: 'emit',
       native: false },
     { column: 8,
       file: 'net.js',
       function: 'Socket._onTimeout',
       line: 338,
       method: '_onTimeout',
       native: false } ],
  stack: 
   [ 'TypeError: Cannot read property \'release\' of undefined',
     '    at /opt/www/banana/common/db_helper.js:45:34',
     '    at Handshake.onConnect (/opt/www/banana/node_modules/mysql/lib/Pool.js:58:9)',
     '    at Handshake.Sequence.end (/opt/www/banana/node_modules/mysql/lib/protocol/sequences/Sequence.js:88:24)',
     '    at Protocol.handleNetworkError (/opt/www/banana/node_modules/mysql/lib/protocol/Protocol.js:363:14)',
     '    at PoolConnection.Connection._handleNetworkError (/opt/www/banana/node_modules/mysql/lib/Connection.js:428:18)',
     '    at PoolConnection.Connection._handleConnectTimeout (/opt/www/banana/node_modules/mysql/lib/Connection.js:424:8)',
     '    at Socket.g (events.js:292:16)',
     '    at emitNone (events.js:86:13)',
     '    at Socket.emit (events.js:185:7)',
     '    at Socket._onTimeout (net.js:338:8)' ] }
2017-10-19 09:45:02.641 [pid:15318] - error: uncaughtException: Cannot read property 'release' of undefined 
{ date: 'Thu Oct 19 2017 09:45:02 GMT-0400 (EDT)',
  process: 
   { pid: 15318,
     uid: 0,
     gid: 0,
     cwd: '/opt/www/banana',
     execPath: '/usr/bin/node',
     version: 'v6.11.1',
     argv: [ '/usr/bin/node', '/opt/www/banana/bin/www' ],
     memoryUsage: 
      { rss: 53092352,
        heapTotal: 36700160,
        heapUsed: 21182112,
        external: 7172864 } },
  os: 
   { loadavg: [ 0.1640625, 0.1591796875, 0.193359375 ],
     uptime: 30337145 },
  trace: 
   [ { column: 34,
       file: '/opt/www/banana/common/db_helper.js',
       function: null,
       line: 45,
       method: null,
       native: false },
     { column: 9,
       file: '/opt/www/banana/node_modules/mysql/lib/Pool.js',
       function: 'Handshake.onConnect',
       line: 58,
       method: 'onConnect',
       native: false },
     { column: 24,
       file: '/opt/www/banana/node_modules/mysql/lib/protocol/sequences/Sequence.js',
       function: 'Handshake.Sequence.end',
       line: 88,
       method: 'end',
       native: false },
     { column: 14,
       file: '/opt/www/banana/node_modules/mysql/lib/protocol/Protocol.js',
       function: 'Protocol.handleNetworkError',
       line: 363,
       method: 'handleNetworkError',
       native: false },
     { column: 18,
       file: '/opt/www/banana/node_modules/mysql/lib/Connection.js',
       function: 'PoolConnection.Connection._handleNetworkError',
       line: 428,
       method: '_handleNetworkError',
       native: false },
     { column: 8,
       file: '/opt/www/banana/node_modules/mysql/lib/Connection.js',
       function: 'PoolConnection.Connection._handleConnectTimeout',
       line: 424,
       method: '_handleConnectTimeout',
       native: false },
     { column: 16,
       file: 'events.js',
       function: 'Socket.g',
       line: 292,
       method: 'g',
       native: false },
     { column: 13,
       file: 'events.js',
       function: 'emitNone',
       line: 86,
       method: null,
       native: false },
     { column: 7,
       file: 'events.js',
       function: 'Socket.emit',
       line: 185,
       method: 'emit',
       native: false },
     { column: 8,
       file: 'net.js',
       function: 'Socket._onTimeout',
       line: 338,
       method: '_onTimeout',
       native: false } ],
  stack: 
   [ 'TypeError: Cannot read property \'release\' of undefined',
     '    at /opt/www/banana/common/db_helper.js:45:34',
     '    at Handshake.onConnect (/opt/www/banana/node_modules/mysql/lib/Pool.js:58:9)',
     '    at Handshake.Sequence.end (/opt/www/banana/node_modules/mysql/lib/protocol/sequences/Sequence.js:88:24)',
     '    at Protocol.handleNetworkError (/opt/www/banana/node_modules/mysql/lib/protocol/Protocol.js:363:14)',
     '    at PoolConnection.Connection._handleNetworkError (/opt/www/banana/node_modules/mysql/lib/Connection.js:428:18)',
     '    at PoolConnection.Connection._handleConnectTimeout (/opt/www/banana/node_modules/mysql/lib/Connection.js:424:8)',
     '    at Socket.g (events.js:292:16)',
     '    at emitNone (events.js:86:13)',
     '    at Socket.emit (events.js:185:7)',
     '    at Socket._onTimeout (net.js:338:8)' ] }
2017-10-19 09:45:43.487 [pid:16824] - error: uncaughtException: Cannot read property 'release' of undefined 
{ date: 'Thu Oct 19 2017 09:45:43 GMT-0400 (EDT)',
  process: 
   { pid: 16824,
     uid: 0,
     gid: 0,
     cwd: '/opt/www/banana',
     execPath: '/usr/bin/node',
     version: 'v6.11.1',
     argv: [ '/usr/bin/node', '/opt/www/banana/bin/www' ],
     memoryUsage: 
      { rss: 46419968,
        heapTotal: 36700160,
        heapUsed: 19844464,
        external: 1338907 } },
  os: 
   { loadavg: [ 0.41943359375, 0.2294921875, 0.216796875 ],
     uptime: 30337186 },
  trace: 
   [ { column: 34,
       file: '/opt/www/banana/common/db_helper.js',
       function: null,
       line: 45,
       method: null,
       native: false },
     { column: 9,
       file: '/opt/www/banana/node_modules/mysql/lib/Pool.js',
       function: 'Handshake.onConnect',
       line: 58,
       method: 'onConnect',
       native: false },
     { column: 24,
       file: '/opt/www/banana/node_modules/mysql/lib/protocol/sequences/Sequence.js',
       function: 'Handshake.Sequence.end',
       line: 88,
       method: 'end',
       native: false },
     { column: 14,
       file: '/opt/www/banana/node_modules/mysql/lib/protocol/Protocol.js',
       function: 'Protocol.handleNetworkError',
       line: 363,
       method: 'handleNetworkError',
       native: false },
     { column: 18,
       file: '/opt/www/banana/node_modules/mysql/lib/Connection.js',
       function: 'PoolConnection.Connection._handleNetworkError',
       line: 428,
       method: '_handleNetworkError',
       native: false },
     { column: 8,
       file: '/opt/www/banana/node_modules/mysql/lib/Connection.js',
       function: 'PoolConnection.Connection._handleConnectTimeout',
       line: 424,
       method: '_handleConnectTimeout',
       native: false },
     { column: 16,
       file: 'events.js',
       function: 'Socket.g',
       line: 292,
       method: 'g',
       native: false },
     { column: 13,
       file: 'events.js',
       function: 'emitNone',
       line: 86,
       method: null,
       native: false },
     { column: 7,
       file: 'events.js',
       function: 'Socket.emit',
       line: 185,
       method: 'emit',
       native: false },
     { column: 8,
       file: 'net.js',
       function: 'Socket._onTimeout',
       line: 338,
       method: '_onTimeout',
       native: false } ],
  stack: 
   [ 'TypeError: Cannot read property \'release\' of undefined',
     '    at /opt/www/banana/common/db_helper.js:45:34',
     '    at Handshake.onConnect (/opt/www/banana/node_modules/mysql/lib/Pool.js:58:9)',
     '    at Handshake.Sequence.end (/opt/www/banana/node_modules/mysql/lib/protocol/sequences/Sequence.js:88:24)',
     '    at Protocol.handleNetworkError (/opt/www/banana/node_modules/mysql/lib/protocol/Protocol.js:363:14)',
     '    at PoolConnection.Connection._handleNetworkError (/opt/www/banana/node_modules/mysql/lib/Connection.js:428:18)',
     '    at PoolConnection.Connection._handleConnectTimeout (/opt/www/banana/node_modules/mysql/lib/Connection.js:424:8)',
     '    at Socket.g (events.js:292:16)',
     '    at emitNone (events.js:86:13)',
     '    at Socket.emit (events.js:185:7)',
     '    at Socket._onTimeout (net.js:338:8)' ] }
2017-10-19 11:23:51.293 [pid:13143] - error: uncaughtException: Cannot read property 'release' of undefined 
{ date: 'Thu Oct 19 2017 11:23:51 GMT-0400 (EDT)',
  process: 
   { pid: 13143,
     uid: 0,
     gid: 0,
     cwd: '/opt/www/banana',
     execPath: '/usr/bin/node',
     version: 'v6.11.1',
     argv: [ '/usr/bin/node', '/opt/www/banana/bin/www' ],
     memoryUsage: 
      { rss: 51683328,
        heapTotal: 39845888,
        heapUsed: 18949824,
        external: 209878 } },
  os: 
   { loadavg: [ 0.20458984375, 0.21826171875, 0.22412109375 ],
     uptime: 30343074 },
  trace: 
   [ { column: 34,
       file: '/opt/www/banana/common/db_helper.js',
       function: null,
       line: 45,
       method: null,
       native: false },
     { column: 9,
       file: '/opt/www/banana/node_modules/mysql/lib/Pool.js',
       function: 'Handshake.onConnect',
       line: 58,
       method: 'onConnect',
       native: false },
     { column: 24,
       file: '/opt/www/banana/node_modules/mysql/lib/protocol/sequences/Sequence.js',
       function: 'Handshake.Sequence.end',
       line: 88,
       method: 'end',
       native: false },
     { column: 14,
       file: '/opt/www/banana/node_modules/mysql/lib/protocol/Protocol.js',
       function: 'Protocol.handleNetworkError',
       line: 363,
       method: 'handleNetworkError',
       native: false },
     { column: 18,
       file: '/opt/www/banana/node_modules/mysql/lib/Connection.js',
       function: 'PoolConnection.Connection._handleNetworkError',
       line: 428,
       method: '_handleNetworkError',
       native: false },
     { column: 8,
       file: '/opt/www/banana/node_modules/mysql/lib/Connection.js',
       function: 'PoolConnection.Connection._handleConnectTimeout',
       line: 424,
       method: '_handleConnectTimeout',
       native: false },
     { column: 16,
       file: 'events.js',
       function: 'Socket.g',
       line: 292,
       method: 'g',
       native: false },
     { column: 13,
       file: 'events.js',
       function: 'emitNone',
       line: 86,
       method: null,
       native: false },
     { column: 7,
       file: 'events.js',
       function: 'Socket.emit',
       line: 185,
       method: 'emit',
       native: false },
     { column: 8,
       file: 'net.js',
       function: 'Socket._onTimeout',
       line: 338,
       method: '_onTimeout',
       native: false } ],
  stack: 
   [ 'TypeError: Cannot read property \'release\' of undefined',
     '    at /opt/www/banana/common/db_helper.js:45:34',
     '    at Handshake.onConnect (/opt/www/banana/node_modules/mysql/lib/Pool.js:58:9)',
     '    at Handshake.Sequence.end (/opt/www/banana/node_modules/mysql/lib/protocol/sequences/Sequence.js:88:24)',
     '    at Protocol.handleNetworkError (/opt/www/banana/node_modules/mysql/lib/protocol/Protocol.js:363:14)',
     '    at PoolConnection.Connection._handleNetworkError (/opt/www/banana/node_modules/mysql/lib/Connection.js:428:18)',
     '    at PoolConnection.Connection._handleConnectTimeout (/opt/www/banana/node_modules/mysql/lib/Connection.js:424:8)',
     '    at Socket.g (events.js:292:16)',
     '    at emitNone (events.js:86:13)',
     '    at Socket.emit (events.js:185:7)',
     '    at Socket._onTimeout (net.js:338:8)' ] }
2017-10-19 11:24:16.657 [pid:13995] - error: uncaughtException: Cannot read property 'release' of undefined 
{ date: 'Thu Oct 19 2017 11:24:16 GMT-0400 (EDT)',
  process: 
   { pid: 13995,
     uid: 0,
     gid: 0,
     cwd: '/opt/www/banana',
     execPath: '/usr/bin/node',
     version: 'v6.11.1',
     argv: [ '/usr/bin/node', '/opt/www/banana/bin/www' ],
     memoryUsage: 
      { rss: 49324032,
        heapTotal: 39845888,
        heapUsed: 18938216,
        external: 200433 } },
  os: 
   { loadavg: [ 0.2763671875, 0.2333984375, 0.2294921875 ],
     uptime: 30343099 },
  trace: 
   [ { column: 34,
       file: '/opt/www/banana/common/db_helper.js',
       function: null,
       line: 45,
       method: null,
       native: false },
     { column: 9,
       file: '/opt/www/banana/node_modules/mysql/lib/Pool.js',
       function: 'Handshake.onConnect',
       line: 58,
       method: 'onConnect',
       native: false },
     { column: 24,
       file: '/opt/www/banana/node_modules/mysql/lib/protocol/sequences/Sequence.js',
       function: 'Handshake.Sequence.end',
       line: 88,
       method: 'end',
       native: false },
     { column: 14,
       file: '/opt/www/banana/node_modules/mysql/lib/protocol/Protocol.js',
       function: 'Protocol.handleNetworkError',
       line: 363,
       method: 'handleNetworkError',
       native: false },
     { column: 18,
       file: '/opt/www/banana/node_modules/mysql/lib/Connection.js',
       function: 'PoolConnection.Connection._handleNetworkError',
       line: 428,
       method: '_handleNetworkError',
       native: false },
     { column: 8,
       file: '/opt/www/banana/node_modules/mysql/lib/Connection.js',
       function: 'PoolConnection.Connection._handleConnectTimeout',
       line: 424,
       method: '_handleConnectTimeout',
       native: false },
     { column: 16,
       file: 'events.js',
       function: 'Socket.g',
       line: 292,
       method: 'g',
       native: false },
     { column: 13,
       file: 'events.js',
       function: 'emitNone',
       line: 86,
       method: null,
       native: false },
     { column: 7,
       file: 'events.js',
       function: 'Socket.emit',
       line: 185,
       method: 'emit',
       native: false },
     { column: 8,
       file: 'net.js',
       function: 'Socket._onTimeout',
       line: 338,
       method: '_onTimeout',
       native: false } ],
  stack: 
   [ 'TypeError: Cannot read property \'release\' of undefined',
     '    at /opt/www/banana/common/db_helper.js:45:34',
     '    at Handshake.onConnect (/opt/www/banana/node_modules/mysql/lib/Pool.js:58:9)',
     '    at Handshake.Sequence.end (/opt/www/banana/node_modules/mysql/lib/protocol/sequences/Sequence.js:88:24)',
     '    at Protocol.handleNetworkError (/opt/www/banana/node_modules/mysql/lib/protocol/Protocol.js:363:14)',
     '    at PoolConnection.Connection._handleNetworkError (/opt/www/banana/node_modules/mysql/lib/Connection.js:428:18)',
     '    at PoolConnection.Connection._handleConnectTimeout (/opt/www/banana/node_modules/mysql/lib/Connection.js:424:8)',
     '    at Socket.g (events.js:292:16)',
     '    at emitNone (events.js:86:13)',
     '    at Socket.emit (events.js:185:7)',
     '    at Socket._onTimeout (net.js:338:8)' ] }
