2017-09-12 05:36:48.012 [pid:9600] - error: uncaughtException: Can't set headers after they are sent. 
{ date: 'Tue Sep 12 2017 05:36:48 GMT-0400 (EDT)',
  process: 
   { pid: 9600,
     uid: 0,
     gid: 0,
     cwd: '/opt/www/banana',
     execPath: '/usr/bin/node',
     version: 'v6.11.1',
     argv: [ '/usr/bin/node', '/opt/www/banana/bin/www' ],
     memoryUsage: 
      { rss: 44249088,
        heapTotal: 33554432,
        heapUsed: 22147400,
        external: 583288 } },
  os: 
   { loadavg: [ 0.18212890625, 0.08349609375, 0.05859375 ],
     uptime: 27125451 },
  trace: 
   [ { column: 11,
       file: '_http_outgoing.js',
       function: 'ServerResponse.OutgoingMessage.setHeader',
       line: 357,
       method: 'setHeader',
       native: false },
     { column: 10,
       file: '/opt/www/banana/node_modules/express/lib/response.js',
       function: 'ServerResponse.header',
       line: 730,
       method: 'header',
       native: false },
     { column: 10,
       file: '/opt/www/banana/node_modules/express/lib/response.js',
       function: 'ServerResponse.json',
       line: 253,
       method: 'json',
       native: false },
     { column: 30,
       file: '/opt/www/banana/common/web_helper.js',
       function: 'ServerResponse.res.sendApi',
       line: 75,
       method: 'sendApi',
       native: false },
     { column: 21,
       file: '/opt/www/banana/models/naver_shopping_adgroup_model.js',
       function: null,
       line: 12,
       method: null,
       native: false },
     { column: 21,
       file: '/opt/www/banana/common/db_helper.js',
       function: 'Query._callback',
       line: 119,
       method: '_callback',
       native: false },
     { column: 24,
       file: '/opt/www/banana/node_modules/mysql/lib/protocol/sequences/Sequence.js',
       function: 'Query.Sequence.end',
       line: 88,
       method: 'end',
       native: false },
     { column: 8,
       file: '/opt/www/banana/node_modules/mysql/lib/protocol/sequences/Query.js',
       function: 'Query._handleFinalResultPacket',
       line: 139,
       method: '_handleFinalResultPacket',
       native: false },
     { column: 8,
       file: '/opt/www/banana/node_modules/mysql/lib/protocol/sequences/Query.js',
       function: 'Query.EofPacket',
       line: 123,
       method: 'EofPacket',
       native: false },
     { column: 23,
       file: '/opt/www/banana/node_modules/mysql/lib/protocol/Protocol.js',
       function: 'Protocol._parsePacket',
       line: 279,
       method: '_parsePacket',
       native: false } ],
  stack: 
   [ 'Error: Can\'t set headers after they are sent.',
     '    at ServerResponse.OutgoingMessage.setHeader (_http_outgoing.js:357:11)',
     '    at ServerResponse.header (/opt/www/banana/node_modules/express/lib/response.js:730:10)',
     '    at ServerResponse.json (/opt/www/banana/node_modules/express/lib/response.js:253:10)',
     '    at ServerResponse.res.sendApi (/opt/www/banana/common/web_helper.js:75:30)',
     '    at /opt/www/banana/models/naver_shopping_adgroup_model.js:12:21',
     '    at Query._callback (/opt/www/banana/common/db_helper.js:119:21)',
     '    at Query.Sequence.end (/opt/www/banana/node_modules/mysql/lib/protocol/sequences/Sequence.js:88:24)',
     '    at Query._handleFinalResultPacket (/opt/www/banana/node_modules/mysql/lib/protocol/sequences/Query.js:139:8)',
     '    at Query.EofPacket (/opt/www/banana/node_modules/mysql/lib/protocol/sequences/Query.js:123:8)',
     '    at Protocol._parsePacket (/opt/www/banana/node_modules/mysql/lib/protocol/Protocol.js:279:23)' ] }
2017-09-12 05:39:52.814 [pid:14544] - error: uncaughtException: Can't set headers after they are sent. 
{ date: 'Tue Sep 12 2017 05:39:52 GMT-0400 (EDT)',
  process: 
   { pid: 14544,
     uid: 0,
     gid: 0,
     cwd: '/opt/www/banana',
     execPath: '/usr/bin/node',
     version: 'v6.11.1',
     argv: [ '/usr/bin/node', '/opt/www/banana/bin/www' ],
     memoryUsage: 
      { rss: 45547520,
        heapTotal: 33554432,
        heapUsed: 22218792,
        external: 583288 } },
  os: 
   { loadavg: [ 0.01416015625, 0.0546875, 0.0458984375 ],
     uptime: 27125635 },
  trace: 
   [ { column: 11,
       file: '_http_outgoing.js',
       function: 'ServerResponse.OutgoingMessage.setHeader',
       line: 357,
       method: 'setHeader',
       native: false },
     { column: 10,
       file: '/opt/www/banana/node_modules/express/lib/response.js',
       function: 'ServerResponse.header',
       line: 730,
       method: 'header',
       native: false },
     { column: 10,
       file: '/opt/www/banana/node_modules/express/lib/response.js',
       function: 'ServerResponse.json',
       line: 253,
       method: 'json',
       native: false },
     { column: 21,
       file: '/opt/www/banana/node_modules/express/lib/response.js',
       function: 'ServerResponse.send',
       line: 158,
       method: 'send',
       native: false },
     { column: 30,
       file: '/opt/www/banana/common/web_helper.js',
       function: 'ServerResponse.res.sendApi',
       line: 75,
       method: 'sendApi',
       native: false },
     { column: 21,
       file: '/opt/www/banana/models/naver_shopping_adgroup_model.js',
       function: null,
       line: 12,
       method: null,
       native: false },
     { column: 21,
       file: '/opt/www/banana/common/db_helper.js',
       function: 'Query._callback',
       line: 119,
       method: '_callback',
       native: false },
     { column: 24,
       file: '/opt/www/banana/node_modules/mysql/lib/protocol/sequences/Sequence.js',
       function: 'Query.Sequence.end',
       line: 88,
       method: 'end',
       native: false },
     { column: 8,
       file: '/opt/www/banana/node_modules/mysql/lib/protocol/sequences/Query.js',
       function: 'Query._handleFinalResultPacket',
       line: 139,
       method: '_handleFinalResultPacket',
       native: false },
     { column: 8,
       file: '/opt/www/banana/node_modules/mysql/lib/protocol/sequences/Query.js',
       function: 'Query.EofPacket',
       line: 123,
       method: 'EofPacket',
       native: false } ],
  stack: 
   [ 'Error: Can\'t set headers after they are sent.',
     '    at ServerResponse.OutgoingMessage.setHeader (_http_outgoing.js:357:11)',
     '    at ServerResponse.header (/opt/www/banana/node_modules/express/lib/response.js:730:10)',
     '    at ServerResponse.json (/opt/www/banana/node_modules/express/lib/response.js:253:10)',
     '    at ServerResponse.send (/opt/www/banana/node_modules/express/lib/response.js:158:21)',
     '    at ServerResponse.res.sendApi (/opt/www/banana/common/web_helper.js:75:30)',
     '    at /opt/www/banana/models/naver_shopping_adgroup_model.js:12:21',
     '    at Query._callback (/opt/www/banana/common/db_helper.js:119:21)',
     '    at Query.Sequence.end (/opt/www/banana/node_modules/mysql/lib/protocol/sequences/Sequence.js:88:24)',
     '    at Query._handleFinalResultPacket (/opt/www/banana/node_modules/mysql/lib/protocol/sequences/Query.js:139:8)',
     '    at Query.EofPacket (/opt/www/banana/node_modules/mysql/lib/protocol/sequences/Query.js:123:8)' ] }
2017-09-12 05:40:01.762 [pid:14948] - error: uncaughtException: Can't set headers after they are sent. 
{ date: 'Tue Sep 12 2017 05:40:01 GMT-0400 (EDT)',
  process: 
   { pid: 14948,
     uid: 0,
     gid: 0,
     cwd: '/opt/www/banana',
     execPath: '/usr/bin/node',
     version: 'v6.11.1',
     argv: [ '/usr/bin/node', '/opt/www/banana/bin/www' ],
     memoryUsage: 
      { rss: 41787392,
        heapTotal: 33554432,
        heapUsed: 22202136,
        external: 583288 } },
  os: 
   { loadavg: [ 0.09228515625, 0.0693359375, 0.05078125 ],
     uptime: 27125644 },
  trace: 
   [ { column: 11,
       file: '_http_outgoing.js',
       function: 'ServerResponse.OutgoingMessage.setHeader',
       line: 357,
       method: 'setHeader',
       native: false },
     { column: 10,
       file: '/opt/www/banana/node_modules/express/lib/response.js',
       function: 'ServerResponse.header',
       line: 730,
       method: 'header',
       native: false },
     { column: 10,
       file: '/opt/www/banana/node_modules/express/lib/response.js',
       function: 'ServerResponse.json',
       line: 253,
       method: 'json',
       native: false },
     { column: 21,
       file: '/opt/www/banana/node_modules/express/lib/response.js',
       function: 'ServerResponse.send',
       line: 158,
       method: 'send',
       native: false },
     { column: 30,
       file: '/opt/www/banana/common/web_helper.js',
       function: 'ServerResponse.res.sendApi',
       line: 75,
       method: 'sendApi',
       native: false },
     { column: 21,
       file: '/opt/www/banana/models/naver_shopping_adgroup_model.js',
       function: null,
       line: 12,
       method: null,
       native: false },
     { column: 21,
       file: '/opt/www/banana/common/db_helper.js',
       function: 'Query._callback',
       line: 119,
       method: '_callback',
       native: false },
     { column: 24,
       file: '/opt/www/banana/node_modules/mysql/lib/protocol/sequences/Sequence.js',
       function: 'Query.Sequence.end',
       line: 88,
       method: 'end',
       native: false },
     { column: 8,
       file: '/opt/www/banana/node_modules/mysql/lib/protocol/sequences/Query.js',
       function: 'Query._handleFinalResultPacket',
       line: 139,
       method: '_handleFinalResultPacket',
       native: false },
     { column: 8,
       file: '/opt/www/banana/node_modules/mysql/lib/protocol/sequences/Query.js',
       function: 'Query.EofPacket',
       line: 123,
       method: 'EofPacket',
       native: false } ],
  stack: 
   [ 'Error: Can\'t set headers after they are sent.',
     '    at ServerResponse.OutgoingMessage.setHeader (_http_outgoing.js:357:11)',
     '    at ServerResponse.header (/opt/www/banana/node_modules/express/lib/response.js:730:10)',
     '    at ServerResponse.json (/opt/www/banana/node_modules/express/lib/response.js:253:10)',
     '    at ServerResponse.send (/opt/www/banana/node_modules/express/lib/response.js:158:21)',
     '    at ServerResponse.res.sendApi (/opt/www/banana/common/web_helper.js:75:30)',
     '    at /opt/www/banana/models/naver_shopping_adgroup_model.js:12:21',
     '    at Query._callback (/opt/www/banana/common/db_helper.js:119:21)',
     '    at Query.Sequence.end (/opt/www/banana/node_modules/mysql/lib/protocol/sequences/Sequence.js:88:24)',
     '    at Query._handleFinalResultPacket (/opt/www/banana/node_modules/mysql/lib/protocol/sequences/Query.js:139:8)',
     '    at Query.EofPacket (/opt/www/banana/node_modules/mysql/lib/protocol/sequences/Query.js:123:8)' ] }
2017-09-12 05:40:40.864 [pid:16051] - error: uncaughtException: Can't set headers after they are sent. 
{ date: 'Tue Sep 12 2017 05:40:40 GMT-0400 (EDT)',
  process: 
   { pid: 16051,
     uid: 0,
     gid: 0,
     cwd: '/opt/www/banana',
     execPath: '/usr/bin/node',
     version: 'v6.11.1',
     argv: [ '/usr/bin/node', '/opt/www/banana/bin/www' ],
     memoryUsage: 
      { rss: 44277760,
        heapTotal: 33554432,
        heapUsed: 22135896,
        external: 583288 } },
  os: 
   { loadavg: [ 0.05126953125, 0.0625, 0.04736328125 ],
     uptime: 27125683 },
  trace: 
   [ { column: 11,
       file: '_http_outgoing.js',
       function: 'ServerResponse.OutgoingMessage.setHeader',
       line: 357,
       method: 'setHeader',
       native: false },
     { column: 10,
       file: '/opt/www/banana/node_modules/express/lib/response.js',
       function: 'ServerResponse.header',
       line: 730,
       method: 'header',
       native: false },
     { column: 10,
       file: '/opt/www/banana/node_modules/express/lib/response.js',
       function: 'ServerResponse.json',
       line: 253,
       method: 'json',
       native: false },
     { column: 21,
       file: '/opt/www/banana/node_modules/express/lib/response.js',
       function: 'ServerResponse.send',
       line: 158,
       method: 'send',
       native: false },
     { column: 30,
       file: '/opt/www/banana/common/web_helper.js',
       function: 'ServerResponse.res.sendApi',
       line: 75,
       method: 'sendApi',
       native: false },
     { column: 21,
       file: '/opt/www/banana/models/naver_shopping_adgroup_model.js',
       function: null,
       line: 12,
       method: null,
       native: false },
     { column: 21,
       file: '/opt/www/banana/common/db_helper.js',
       function: 'Query._callback',
       line: 119,
       method: '_callback',
       native: false },
     { column: 24,
       file: '/opt/www/banana/node_modules/mysql/lib/protocol/sequences/Sequence.js',
       function: 'Query.Sequence.end',
       line: 88,
       method: 'end',
       native: false },
     { column: 8,
       file: '/opt/www/banana/node_modules/mysql/lib/protocol/sequences/Query.js',
       function: 'Query._handleFinalResultPacket',
       line: 139,
       method: '_handleFinalResultPacket',
       native: false },
     { column: 8,
       file: '/opt/www/banana/node_modules/mysql/lib/protocol/sequences/Query.js',
       function: 'Query.EofPacket',
       line: 123,
       method: 'EofPacket',
       native: false } ],
  stack: 
   [ 'Error: Can\'t set headers after they are sent.',
     '    at ServerResponse.OutgoingMessage.setHeader (_http_outgoing.js:357:11)',
     '    at ServerResponse.header (/opt/www/banana/node_modules/express/lib/response.js:730:10)',
     '    at ServerResponse.json (/opt/www/banana/node_modules/express/lib/response.js:253:10)',
     '    at ServerResponse.send (/opt/www/banana/node_modules/express/lib/response.js:158:21)',
     '    at ServerResponse.res.sendApi (/opt/www/banana/common/web_helper.js:75:30)',
     '    at /opt/www/banana/models/naver_shopping_adgroup_model.js:12:21',
     '    at Query._callback (/opt/www/banana/common/db_helper.js:119:21)',
     '    at Query.Sequence.end (/opt/www/banana/node_modules/mysql/lib/protocol/sequences/Sequence.js:88:24)',
     '    at Query._handleFinalResultPacket (/opt/www/banana/node_modules/mysql/lib/protocol/sequences/Query.js:139:8)',
     '    at Query.EofPacket (/opt/www/banana/node_modules/mysql/lib/protocol/sequences/Query.js:123:8)' ] }
2017-09-12 05:42:57.942 [pid:19937] - error: uncaughtException: Can't set headers after they are sent. 
{ date: 'Tue Sep 12 2017 05:42:57 GMT-0400 (EDT)',
  process: 
   { pid: 19937,
     uid: 0,
     gid: 0,
     cwd: '/opt/www/banana',
     execPath: '/usr/bin/node',
     version: 'v6.11.1',
     argv: [ '/usr/bin/node', '/opt/www/banana/bin/www' ],
     memoryUsage: 
      { rss: 44621824,
        heapTotal: 33554432,
        heapUsed: 22165376,
        external: 583288 } },
  os: 
   { loadavg: [ 0.11669921875, 0.068359375, 0.05078125 ],
     uptime: 27125821 },
  trace: 
   [ { column: 11,
       file: '_http_outgoing.js',
       function: 'ServerResponse.OutgoingMessage.setHeader',
       line: 357,
       method: 'setHeader',
       native: false },
     { column: 10,
       file: '/opt/www/banana/node_modules/express/lib/response.js',
       function: 'ServerResponse.header',
       line: 730,
       method: 'header',
       native: false },
     { column: 10,
       file: '/opt/www/banana/node_modules/express/lib/response.js',
       function: 'ServerResponse.json',
       line: 253,
       method: 'json',
       native: false },
     { column: 21,
       file: '/opt/www/banana/node_modules/express/lib/response.js',
       function: 'ServerResponse.send',
       line: 158,
       method: 'send',
       native: false },
     { column: 30,
       file: '/opt/www/banana/common/web_helper.js',
       function: 'ServerResponse.res.sendApi',
       line: 75,
       method: 'sendApi',
       native: false },
     { column: 21,
       file: '/opt/www/banana/models/naver_shopping_adgroup_model.js',
       function: null,
       line: 12,
       method: null,
       native: false },
     { column: 21,
       file: '/opt/www/banana/common/db_helper.js',
       function: 'Query._callback',
       line: 119,
       method: '_callback',
       native: false },
     { column: 24,
       file: '/opt/www/banana/node_modules/mysql/lib/protocol/sequences/Sequence.js',
       function: 'Query.Sequence.end',
       line: 88,
       method: 'end',
       native: false },
     { column: 8,
       file: '/opt/www/banana/node_modules/mysql/lib/protocol/sequences/Query.js',
       function: 'Query._handleFinalResultPacket',
       line: 139,
       method: '_handleFinalResultPacket',
       native: false },
     { column: 8,
       file: '/opt/www/banana/node_modules/mysql/lib/protocol/sequences/Query.js',
       function: 'Query.EofPacket',
       line: 123,
       method: 'EofPacket',
       native: false } ],
  stack: 
   [ 'Error: Can\'t set headers after they are sent.',
     '    at ServerResponse.OutgoingMessage.setHeader (_http_outgoing.js:357:11)',
     '    at ServerResponse.header (/opt/www/banana/node_modules/express/lib/response.js:730:10)',
     '    at ServerResponse.json (/opt/www/banana/node_modules/express/lib/response.js:253:10)',
     '    at ServerResponse.send (/opt/www/banana/node_modules/express/lib/response.js:158:21)',
     '    at ServerResponse.res.sendApi (/opt/www/banana/common/web_helper.js:75:30)',
     '    at /opt/www/banana/models/naver_shopping_adgroup_model.js:12:21',
     '    at Query._callback (/opt/www/banana/common/db_helper.js:119:21)',
     '    at Query.Sequence.end (/opt/www/banana/node_modules/mysql/lib/protocol/sequences/Sequence.js:88:24)',
     '    at Query._handleFinalResultPacket (/opt/www/banana/node_modules/mysql/lib/protocol/sequences/Query.js:139:8)',
     '    at Query.EofPacket (/opt/www/banana/node_modules/mysql/lib/protocol/sequences/Query.js:123:8)' ] }
2017-09-12 05:44:17.881 [pid:21946] - error: uncaughtException: Can't set headers after they are sent. 
{ date: 'Tue Sep 12 2017 05:44:17 GMT-0400 (EDT)',
  process: 
   { pid: 21946,
     uid: 0,
     gid: 0,
     cwd: '/opt/www/banana',
     execPath: '/usr/bin/node',
     version: 'v6.11.1',
     argv: [ '/usr/bin/node', '/opt/www/banana/bin/www' ],
     memoryUsage: 
      { rss: 44826624,
        heapTotal: 34603008,
        heapUsed: 16929064,
        external: 575096 } },
  os: 
   { loadavg: [ 0.08740234375, 0.0693359375, 0.048828125 ],
     uptime: 27125900 },
  trace: 
   [ { column: 11,
       file: '_http_outgoing.js',
       function: 'ServerResponse.OutgoingMessage.setHeader',
       line: 357,
       method: 'setHeader',
       native: false },
     { column: 10,
       file: '/opt/www/banana/node_modules/express/lib/response.js',
       function: 'ServerResponse.header',
       line: 730,
       method: 'header',
       native: false },
     { column: 10,
       file: '/opt/www/banana/node_modules/express/lib/response.js',
       function: 'ServerResponse.json',
       line: 253,
       method: 'json',
       native: false },
     { column: 21,
       file: '/opt/www/banana/node_modules/express/lib/response.js',
       function: 'ServerResponse.send',
       line: 158,
       method: 'send',
       native: false },
     { column: 30,
       file: '/opt/www/banana/common/web_helper.js',
       function: 'ServerResponse.res.sendApi',
       line: 75,
       method: 'sendApi',
       native: false },
     { column: 21,
       file: '/opt/www/banana/models/naver_shopping_adgroup_model.js',
       function: null,
       line: 12,
       method: null,
       native: false },
     { column: 21,
       file: '/opt/www/banana/common/db_helper.js',
       function: 'Query._callback',
       line: 119,
       method: '_callback',
       native: false },
     { column: 24,
       file: '/opt/www/banana/node_modules/mysql/lib/protocol/sequences/Sequence.js',
       function: 'Query.Sequence.end',
       line: 88,
       method: 'end',
       native: false },
     { column: 8,
       file: '/opt/www/banana/node_modules/mysql/lib/protocol/sequences/Query.js',
       function: 'Query._handleFinalResultPacket',
       line: 139,
       method: '_handleFinalResultPacket',
       native: false },
     { column: 8,
       file: '/opt/www/banana/node_modules/mysql/lib/protocol/sequences/Query.js',
       function: 'Query.EofPacket',
       line: 123,
       method: 'EofPacket',
       native: false } ],
  stack: 
   [ 'Error: Can\'t set headers after they are sent.',
     '    at ServerResponse.OutgoingMessage.setHeader (_http_outgoing.js:357:11)',
     '    at ServerResponse.header (/opt/www/banana/node_modules/express/lib/response.js:730:10)',
     '    at ServerResponse.json (/opt/www/banana/node_modules/express/lib/response.js:253:10)',
     '    at ServerResponse.send (/opt/www/banana/node_modules/express/lib/response.js:158:21)',
     '    at ServerResponse.res.sendApi (/opt/www/banana/common/web_helper.js:75:30)',
     '    at /opt/www/banana/models/naver_shopping_adgroup_model.js:12:21',
     '    at Query._callback (/opt/www/banana/common/db_helper.js:119:21)',
     '    at Query.Sequence.end (/opt/www/banana/node_modules/mysql/lib/protocol/sequences/Sequence.js:88:24)',
     '    at Query._handleFinalResultPacket (/opt/www/banana/node_modules/mysql/lib/protocol/sequences/Query.js:139:8)',
     '    at Query.EofPacket (/opt/www/banana/node_modules/mysql/lib/protocol/sequences/Query.js:123:8)' ] }
2017-09-12 05:44:41.237 [pid:22763] - error: uncaughtException: Can't set headers after they are sent. 
{ date: 'Tue Sep 12 2017 05:44:41 GMT-0400 (EDT)',
  process: 
   { pid: 22763,
     uid: 0,
     gid: 0,
     cwd: '/opt/www/banana',
     execPath: '/usr/bin/node',
     version: 'v6.11.1',
     argv: [ '/usr/bin/node', '/opt/www/banana/bin/www' ],
     memoryUsage: 
      { rss: 42090496,
        heapTotal: 33554432,
        heapUsed: 22219432,
        external: 583288 } },
  os: 
   { loadavg: [ 0.18798828125, 0.09619140625, 0.05712890625 ],
     uptime: 27125924 },
  trace: 
   [ { column: 11,
       file: '_http_outgoing.js',
       function: 'ServerResponse.OutgoingMessage.setHeader',
       line: 357,
       method: 'setHeader',
       native: false },
     { column: 10,
       file: '/opt/www/banana/node_modules/express/lib/response.js',
       function: 'ServerResponse.header',
       line: 730,
       method: 'header',
       native: false },
     { column: 10,
       file: '/opt/www/banana/node_modules/express/lib/response.js',
       function: 'ServerResponse.json',
       line: 253,
       method: 'json',
       native: false },
     { column: 21,
       file: '/opt/www/banana/node_modules/express/lib/response.js',
       function: 'ServerResponse.send',
       line: 158,
       method: 'send',
       native: false },
     { column: 30,
       file: '/opt/www/banana/common/web_helper.js',
       function: 'ServerResponse.res.sendApi',
       line: 75,
       method: 'sendApi',
       native: false },
     { column: 21,
       file: '/opt/www/banana/models/naver_shopping_adgroup_model.js',
       function: null,
       line: 12,
       method: null,
       native: false },
     { column: 21,
       file: '/opt/www/banana/common/db_helper.js',
       function: 'Query._callback',
       line: 119,
       method: '_callback',
       native: false },
     { column: 24,
       file: '/opt/www/banana/node_modules/mysql/lib/protocol/sequences/Sequence.js',
       function: 'Query.Sequence.end',
       line: 88,
       method: 'end',
       native: false },
     { column: 8,
       file: '/opt/www/banana/node_modules/mysql/lib/protocol/sequences/Query.js',
       function: 'Query._handleFinalResultPacket',
       line: 139,
       method: '_handleFinalResultPacket',
       native: false },
     { column: 8,
       file: '/opt/www/banana/node_modules/mysql/lib/protocol/sequences/Query.js',
       function: 'Query.EofPacket',
       line: 123,
       method: 'EofPacket',
       native: false } ],
  stack: 
   [ 'Error: Can\'t set headers after they are sent.',
     '    at ServerResponse.OutgoingMessage.setHeader (_http_outgoing.js:357:11)',
     '    at ServerResponse.header (/opt/www/banana/node_modules/express/lib/response.js:730:10)',
     '    at ServerResponse.json (/opt/www/banana/node_modules/express/lib/response.js:253:10)',
     '    at ServerResponse.send (/opt/www/banana/node_modules/express/lib/response.js:158:21)',
     '    at ServerResponse.res.sendApi (/opt/www/banana/common/web_helper.js:75:30)',
     '    at /opt/www/banana/models/naver_shopping_adgroup_model.js:12:21',
     '    at Query._callback (/opt/www/banana/common/db_helper.js:119:21)',
     '    at Query.Sequence.end (/opt/www/banana/node_modules/mysql/lib/protocol/sequences/Sequence.js:88:24)',
     '    at Query._handleFinalResultPacket (/opt/www/banana/node_modules/mysql/lib/protocol/sequences/Query.js:139:8)',
     '    at Query.EofPacket (/opt/www/banana/node_modules/mysql/lib/protocol/sequences/Query.js:123:8)' ] }
2017-09-12 05:48:39.545 [pid:29201] - error: uncaughtException: Can't set headers after they are sent. 
{ date: 'Tue Sep 12 2017 05:48:39 GMT-0400 (EDT)',
  process: 
   { pid: 29201,
     uid: 0,
     gid: 0,
     cwd: '/opt/www/banana',
     execPath: '/usr/bin/node',
     version: 'v6.11.1',
     argv: [ '/usr/bin/node', '/opt/www/banana/bin/www' ],
     memoryUsage: 
      { rss: 45391872,
        heapTotal: 34603008,
        heapUsed: 22340440,
        external: 648824 } },
  os: 
   { loadavg: [ 0.01318359375, 0.05517578125, 0.04541015625 ],
     uptime: 27126162 },
  trace: 
   [ { column: 11,
       file: '_http_outgoing.js',
       function: 'ServerResponse.OutgoingMessage.setHeader',
       line: 357,
       method: 'setHeader',
       native: false },
     { column: 10,
       file: '/opt/www/banana/node_modules/express/lib/response.js',
       function: 'ServerResponse.header',
       line: 730,
       method: 'header',
       native: false },
     { column: 12,
       file: '/opt/www/banana/node_modules/express/lib/response.js',
       function: 'ServerResponse.send',
       line: 170,
       method: 'send',
       native: false },
     { column: 15,
       file: '/opt/www/banana/node_modules/express/lib/response.js',
       function: 'ServerResponse.json',
       line: 256,
       method: 'json',
       native: false },
     { column: 21,
       file: '/opt/www/banana/node_modules/express/lib/response.js',
       function: 'ServerResponse.send',
       line: 158,
       method: 'send',
       native: false },
     { column: 30,
       file: '/opt/www/banana/common/web_helper.js',
       function: 'ServerResponse.res.sendApi',
       line: 75,
       method: 'sendApi',
       native: false },
     { column: 21,
       file: '/opt/www/banana/models/naver_shopping_adgroup_model.js',
       function: null,
       line: 12,
       method: null,
       native: false },
     { column: 21,
       file: '/opt/www/banana/common/db_helper.js',
       function: 'Query._callback',
       line: 119,
       method: '_callback',
       native: false },
     { column: 24,
       file: '/opt/www/banana/node_modules/mysql/lib/protocol/sequences/Sequence.js',
       function: 'Query.Sequence.end',
       line: 88,
       method: 'end',
       native: false },
     { column: 8,
       file: '/opt/www/banana/node_modules/mysql/lib/protocol/sequences/Query.js',
       function: 'Query._handleFinalResultPacket',
       line: 139,
       method: '_handleFinalResultPacket',
       native: false } ],
  stack: 
   [ 'Error: Can\'t set headers after they are sent.',
     '    at ServerResponse.OutgoingMessage.setHeader (_http_outgoing.js:357:11)',
     '    at ServerResponse.header (/opt/www/banana/node_modules/express/lib/response.js:730:10)',
     '    at ServerResponse.send (/opt/www/banana/node_modules/express/lib/response.js:170:12)',
     '    at ServerResponse.json (/opt/www/banana/node_modules/express/lib/response.js:256:15)',
     '    at ServerResponse.send (/opt/www/banana/node_modules/express/lib/response.js:158:21)',
     '    at ServerResponse.res.sendApi (/opt/www/banana/common/web_helper.js:75:30)',
     '    at /opt/www/banana/models/naver_shopping_adgroup_model.js:12:21',
     '    at Query._callback (/opt/www/banana/common/db_helper.js:119:21)',
     '    at Query.Sequence.end (/opt/www/banana/node_modules/mysql/lib/protocol/sequences/Sequence.js:88:24)',
     '    at Query._handleFinalResultPacket (/opt/www/banana/node_modules/mysql/lib/protocol/sequences/Query.js:139:8)' ] }
2017-09-12 05:48:43.826 [pid:29245] - error: uncaughtException: Can't set headers after they are sent. 
{ date: 'Tue Sep 12 2017 05:48:43 GMT-0400 (EDT)',
  process: 
   { pid: 29245,
     uid: 0,
     gid: 0,
     cwd: '/opt/www/banana',
     execPath: '/usr/bin/node',
     version: 'v6.11.1',
     argv: [ '/usr/bin/node', '/opt/www/banana/bin/www' ],
     memoryUsage: 
      { rss: 42954752,
        heapTotal: 33554432,
        heapUsed: 22187736,
        external: 583288 } },
  os: 
   { loadavg: [ 0.01220703125, 0.05419921875, 0.04541015625 ],
     uptime: 27126166 },
  trace: 
   [ { column: 11,
       file: '_http_outgoing.js',
       function: 'ServerResponse.OutgoingMessage.setHeader',
       line: 357,
       method: 'setHeader',
       native: false },
     { column: 10,
       file: '/opt/www/banana/node_modules/express/lib/response.js',
       function: 'ServerResponse.header',
       line: 730,
       method: 'header',
       native: false },
     { column: 10,
       file: '/opt/www/banana/node_modules/express/lib/response.js',
       function: 'ServerResponse.json',
       line: 253,
       method: 'json',
       native: false },
     { column: 21,
       file: '/opt/www/banana/node_modules/express/lib/response.js',
       function: 'ServerResponse.send',
       line: 158,
       method: 'send',
       native: false },
     { column: 30,
       file: '/opt/www/banana/common/web_helper.js',
       function: 'ServerResponse.res.sendApi',
       line: 75,
       method: 'sendApi',
       native: false },
     { column: 21,
       file: '/opt/www/banana/models/naver_shopping_adgroup_model.js',
       function: null,
       line: 12,
       method: null,
       native: false },
     { column: 21,
       file: '/opt/www/banana/common/db_helper.js',
       function: 'Query._callback',
       line: 119,
       method: '_callback',
       native: false },
     { column: 24,
       file: '/opt/www/banana/node_modules/mysql/lib/protocol/sequences/Sequence.js',
       function: 'Query.Sequence.end',
       line: 88,
       method: 'end',
       native: false },
     { column: 8,
       file: '/opt/www/banana/node_modules/mysql/lib/protocol/sequences/Query.js',
       function: 'Query._handleFinalResultPacket',
       line: 139,
       method: '_handleFinalResultPacket',
       native: false },
     { column: 8,
       file: '/opt/www/banana/node_modules/mysql/lib/protocol/sequences/Query.js',
       function: 'Query.EofPacket',
       line: 123,
       method: 'EofPacket',
       native: false } ],
  stack: 
   [ 'Error: Can\'t set headers after they are sent.',
     '    at ServerResponse.OutgoingMessage.setHeader (_http_outgoing.js:357:11)',
     '    at ServerResponse.header (/opt/www/banana/node_modules/express/lib/response.js:730:10)',
     '    at ServerResponse.json (/opt/www/banana/node_modules/express/lib/response.js:253:10)',
     '    at ServerResponse.send (/opt/www/banana/node_modules/express/lib/response.js:158:21)',
     '    at ServerResponse.res.sendApi (/opt/www/banana/common/web_helper.js:75:30)',
     '    at /opt/www/banana/models/naver_shopping_adgroup_model.js:12:21',
     '    at Query._callback (/opt/www/banana/common/db_helper.js:119:21)',
     '    at Query.Sequence.end (/opt/www/banana/node_modules/mysql/lib/protocol/sequences/Sequence.js:88:24)',
     '    at Query._handleFinalResultPacket (/opt/www/banana/node_modules/mysql/lib/protocol/sequences/Query.js:139:8)',
     '    at Query.EofPacket (/opt/www/banana/node_modules/mysql/lib/protocol/sequences/Query.js:123:8)' ] }
2017-09-12 05:50:26.558 [pid:31968] - error: uncaughtException: Can't set headers after they are sent. 
{ date: 'Tue Sep 12 2017 05:50:26 GMT-0400 (EDT)',
  process: 
   { pid: 31968,
     uid: 0,
     gid: 0,
     cwd: '/opt/www/banana',
     execPath: '/usr/bin/node',
     version: 'v6.11.1',
     argv: [ '/usr/bin/node', '/opt/www/banana/bin/www' ],
     memoryUsage: 
      { rss: 42057728,
        heapTotal: 33554432,
        heapUsed: 22137504,
        external: 583288 } },
  os: 
   { loadavg: [ 0.0029296875, 0.03857421875, 0.04541015625 ],
     uptime: 27126269 },
  trace: 
   [ { column: 11,
       file: '_http_outgoing.js',
       function: 'ServerResponse.OutgoingMessage.setHeader',
       line: 357,
       method: 'setHeader',
       native: false },
     { column: 10,
       file: '/opt/www/banana/node_modules/express/lib/response.js',
       function: 'ServerResponse.header',
       line: 730,
       method: 'header',
       native: false },
     { column: 10,
       file: '/opt/www/banana/node_modules/express/lib/response.js',
       function: 'ServerResponse.json',
       line: 253,
       method: 'json',
       native: false },
     { column: 21,
       file: '/opt/www/banana/node_modules/express/lib/response.js',
       function: 'ServerResponse.send',
       line: 158,
       method: 'send',
       native: false },
     { column: 18,
       file: '/opt/www/banana/common/web_helper.js',
       function: 'ServerResponse.res.sendApi',
       line: 75,
       method: 'sendApi',
       native: false },
     { column: 21,
       file: '/opt/www/banana/models/naver_shopping_adgroup_model.js',
       function: null,
       line: 12,
       method: null,
       native: false },
     { column: 21,
       file: '/opt/www/banana/common/db_helper.js',
       function: 'Query._callback',
       line: 119,
       method: '_callback',
       native: false },
     { column: 24,
       file: '/opt/www/banana/node_modules/mysql/lib/protocol/sequences/Sequence.js',
       function: 'Query.Sequence.end',
       line: 88,
       method: 'end',
       native: false },
     { column: 8,
       file: '/opt/www/banana/node_modules/mysql/lib/protocol/sequences/Query.js',
       function: 'Query._handleFinalResultPacket',
       line: 139,
       method: '_handleFinalResultPacket',
       native: false },
     { column: 8,
       file: '/opt/www/banana/node_modules/mysql/lib/protocol/sequences/Query.js',
       function: 'Query.EofPacket',
       line: 123,
       method: 'EofPacket',
       native: false } ],
  stack: 
   [ 'Error: Can\'t set headers after they are sent.',
     '    at ServerResponse.OutgoingMessage.setHeader (_http_outgoing.js:357:11)',
     '    at ServerResponse.header (/opt/www/banana/node_modules/express/lib/response.js:730:10)',
     '    at ServerResponse.json (/opt/www/banana/node_modules/express/lib/response.js:253:10)',
     '    at ServerResponse.send (/opt/www/banana/node_modules/express/lib/response.js:158:21)',
     '    at ServerResponse.res.sendApi (/opt/www/banana/common/web_helper.js:75:18)',
     '    at /opt/www/banana/models/naver_shopping_adgroup_model.js:12:21',
     '    at Query._callback (/opt/www/banana/common/db_helper.js:119:21)',
     '    at Query.Sequence.end (/opt/www/banana/node_modules/mysql/lib/protocol/sequences/Sequence.js:88:24)',
     '    at Query._handleFinalResultPacket (/opt/www/banana/node_modules/mysql/lib/protocol/sequences/Query.js:139:8)',
     '    at Query.EofPacket (/opt/www/banana/node_modules/mysql/lib/protocol/sequences/Query.js:123:8)' ] }
2017-09-12 05:53:42.707 [pid:4996] - error: uncaughtException: Can't set headers after they are sent. 
{ date: 'Tue Sep 12 2017 05:53:42 GMT-0400 (EDT)',
  process: 
   { pid: 4996,
     uid: 0,
     gid: 0,
     cwd: '/opt/www/banana',
     execPath: '/usr/bin/node',
     version: 'v6.11.1',
     argv: [ '/usr/bin/node', '/opt/www/banana/bin/www' ],
     memoryUsage: 
      { rss: 41668608,
        heapTotal: 33554432,
        heapUsed: 21458712,
        external: 410417 } },
  os: 
   { loadavg: [ 0.04150390625, 0.056640625, 0.05078125 ],
     uptime: 27126465 },
  trace: 
   [ { column: 11,
       file: '_http_outgoing.js',
       function: 'ServerResponse.OutgoingMessage.setHeader',
       line: 357,
       method: 'setHeader',
       native: false },
     { column: 10,
       file: '/opt/www/banana/node_modules/express/lib/response.js',
       function: 'ServerResponse.header',
       line: 730,
       method: 'header',
       native: false },
     { column: 10,
       file: '/opt/www/banana/node_modules/express/lib/response.js',
       function: 'ServerResponse.json',
       line: 253,
       method: 'json',
       native: false },
     { column: 21,
       file: '/opt/www/banana/node_modules/express/lib/response.js',
       function: 'ServerResponse.send',
       line: 158,
       method: 'send',
       native: false },
     { column: 30,
       file: '/opt/www/banana/common/web_helper.js',
       function: 'ServerResponse.res.sendApi',
       line: 75,
       method: 'sendApi',
       native: false },
     { column: 21,
       file: '/opt/www/banana/models/naver_shopping_adgroup_model.js',
       function: null,
       line: 12,
       method: null,
       native: false },
     { column: 21,
       file: '/opt/www/banana/common/db_helper.js',
       function: 'Query._callback',
       line: 119,
       method: '_callback',
       native: false },
     { column: 24,
       file: '/opt/www/banana/node_modules/mysql/lib/protocol/sequences/Sequence.js',
       function: 'Query.Sequence.end',
       line: 88,
       method: 'end',
       native: false },
     { column: 8,
       file: '/opt/www/banana/node_modules/mysql/lib/protocol/sequences/Query.js',
       function: 'Query._handleFinalResultPacket',
       line: 139,
       method: '_handleFinalResultPacket',
       native: false },
     { column: 8,
       file: '/opt/www/banana/node_modules/mysql/lib/protocol/sequences/Query.js',
       function: 'Query.EofPacket',
       line: 123,
       method: 'EofPacket',
       native: false } ],
  stack: 
   [ 'Error: Can\'t set headers after they are sent.',
     '    at ServerResponse.OutgoingMessage.setHeader (_http_outgoing.js:357:11)',
     '    at ServerResponse.header (/opt/www/banana/node_modules/express/lib/response.js:730:10)',
     '    at ServerResponse.json (/opt/www/banana/node_modules/express/lib/response.js:253:10)',
     '    at ServerResponse.send (/opt/www/banana/node_modules/express/lib/response.js:158:21)',
     '    at ServerResponse.res.sendApi (/opt/www/banana/common/web_helper.js:75:30)',
     '    at /opt/www/banana/models/naver_shopping_adgroup_model.js:12:21',
     '    at Query._callback (/opt/www/banana/common/db_helper.js:119:21)',
     '    at Query.Sequence.end (/opt/www/banana/node_modules/mysql/lib/protocol/sequences/Sequence.js:88:24)',
     '    at Query._handleFinalResultPacket (/opt/www/banana/node_modules/mysql/lib/protocol/sequences/Query.js:139:8)',
     '    at Query.EofPacket (/opt/www/banana/node_modules/mysql/lib/protocol/sequences/Query.js:123:8)' ] }
2017-09-12 05:53:54.541 [pid:5277] - error: uncaughtException: Can't set headers after they are sent. 
{ date: 'Tue Sep 12 2017 05:53:54 GMT-0400 (EDT)',
  process: 
   { pid: 5277,
     uid: 0,
     gid: 0,
     cwd: '/opt/www/banana',
     execPath: '/usr/bin/node',
     version: 'v6.11.1',
     argv: [ '/usr/bin/node', '/opt/www/banana/bin/www' ],
     memoryUsage: 
      { rss: 44797952,
        heapTotal: 33554432,
        heapUsed: 21542352,
        external: 410417 } },
  os: 
   { loadavg: [ 0.03515625, 0.0546875, 0.0498046875 ],
     uptime: 27126477 },
  trace: 
   [ { column: 11,
       file: '_http_outgoing.js',
       function: 'ServerResponse.OutgoingMessage.setHeader',
       line: 357,
       method: 'setHeader',
       native: false },
     { column: 10,
       file: '/opt/www/banana/node_modules/express/lib/response.js',
       function: 'ServerResponse.header',
       line: 730,
       method: 'header',
       native: false },
     { column: 10,
       file: '/opt/www/banana/node_modules/express/lib/response.js',
       function: 'ServerResponse.json',
       line: 253,
       method: 'json',
       native: false },
     { column: 21,
       file: '/opt/www/banana/node_modules/express/lib/response.js',
       function: 'ServerResponse.send',
       line: 158,
       method: 'send',
       native: false },
     { column: 30,
       file: '/opt/www/banana/common/web_helper.js',
       function: 'ServerResponse.res.sendApi',
       line: 75,
       method: 'sendApi',
       native: false },
     { column: 21,
       file: '/opt/www/banana/models/naver_shopping_adgroup_model.js',
       function: null,
       line: 12,
       method: null,
       native: false },
     { column: 21,
       file: '/opt/www/banana/common/db_helper.js',
       function: 'Query._callback',
       line: 119,
       method: '_callback',
       native: false },
     { column: 24,
       file: '/opt/www/banana/node_modules/mysql/lib/protocol/sequences/Sequence.js',
       function: 'Query.Sequence.end',
       line: 88,
       method: 'end',
       native: false },
     { column: 8,
       file: '/opt/www/banana/node_modules/mysql/lib/protocol/sequences/Query.js',
       function: 'Query._handleFinalResultPacket',
       line: 139,
       method: '_handleFinalResultPacket',
       native: false },
     { column: 8,
       file: '/opt/www/banana/node_modules/mysql/lib/protocol/sequences/Query.js',
       function: 'Query.EofPacket',
       line: 123,
       method: 'EofPacket',
       native: false } ],
  stack: 
   [ 'Error: Can\'t set headers after they are sent.',
     '    at ServerResponse.OutgoingMessage.setHeader (_http_outgoing.js:357:11)',
     '    at ServerResponse.header (/opt/www/banana/node_modules/express/lib/response.js:730:10)',
     '    at ServerResponse.json (/opt/www/banana/node_modules/express/lib/response.js:253:10)',
     '    at ServerResponse.send (/opt/www/banana/node_modules/express/lib/response.js:158:21)',
     '    at ServerResponse.res.sendApi (/opt/www/banana/common/web_helper.js:75:30)',
     '    at /opt/www/banana/models/naver_shopping_adgroup_model.js:12:21',
     '    at Query._callback (/opt/www/banana/common/db_helper.js:119:21)',
     '    at Query.Sequence.end (/opt/www/banana/node_modules/mysql/lib/protocol/sequences/Sequence.js:88:24)',
     '    at Query._handleFinalResultPacket (/opt/www/banana/node_modules/mysql/lib/protocol/sequences/Query.js:139:8)',
     '    at Query.EofPacket (/opt/www/banana/node_modules/mysql/lib/protocol/sequences/Query.js:123:8)' ] }
2017-09-12 05:56:08.292 [pid:9040] - error: uncaughtException: Can't set headers after they are sent. 
{ date: 'Tue Sep 12 2017 05:56:08 GMT-0400 (EDT)',
  process: 
   { pid: 9040,
     uid: 0,
     gid: 0,
     cwd: '/opt/www/banana',
     execPath: '/usr/bin/node',
     version: 'v6.11.1',
     argv: [ '/usr/bin/node', '/opt/www/banana/bin/www' ],
     memoryUsage: 
      { rss: 45150208,
        heapTotal: 33554432,
        heapUsed: 21551168,
        external: 410417 } },
  os: 
   { loadavg: [ 0.08349609375, 0.052734375, 0.05078125 ],
     uptime: 27126611 },
  trace: 
   [ { column: 11,
       file: '_http_outgoing.js',
       function: 'ServerResponse.OutgoingMessage.setHeader',
       line: 357,
       method: 'setHeader',
       native: false },
     { column: 10,
       file: '/opt/www/banana/node_modules/express/lib/response.js',
       function: 'ServerResponse.header',
       line: 730,
       method: 'header',
       native: false },
     { column: 10,
       file: '/opt/www/banana/node_modules/express/lib/response.js',
       function: 'ServerResponse.json',
       line: 253,
       method: 'json',
       native: false },
     { column: 21,
       file: '/opt/www/banana/node_modules/express/lib/response.js',
       function: 'ServerResponse.send',
       line: 158,
       method: 'send',
       native: false },
     { column: 30,
       file: '/opt/www/banana/common/web_helper.js',
       function: 'ServerResponse.res.sendApi',
       line: 75,
       method: 'sendApi',
       native: false },
     { column: 21,
       file: '/opt/www/banana/models/naver_shopping_adgroup_model.js',
       function: null,
       line: 12,
       method: null,
       native: false },
     { column: 21,
       file: '/opt/www/banana/common/db_helper.js',
       function: 'Query._callback',
       line: 119,
       method: '_callback',
       native: false },
     { column: 24,
       file: '/opt/www/banana/node_modules/mysql/lib/protocol/sequences/Sequence.js',
       function: 'Query.Sequence.end',
       line: 88,
       method: 'end',
       native: false },
     { column: 8,
       file: '/opt/www/banana/node_modules/mysql/lib/protocol/sequences/Query.js',
       function: 'Query._handleFinalResultPacket',
       line: 139,
       method: '_handleFinalResultPacket',
       native: false },
     { column: 8,
       file: '/opt/www/banana/node_modules/mysql/lib/protocol/sequences/Query.js',
       function: 'Query.EofPacket',
       line: 123,
       method: 'EofPacket',
       native: false } ],
  stack: 
   [ 'Error: Can\'t set headers after they are sent.',
     '    at ServerResponse.OutgoingMessage.setHeader (_http_outgoing.js:357:11)',
     '    at ServerResponse.header (/opt/www/banana/node_modules/express/lib/response.js:730:10)',
     '    at ServerResponse.json (/opt/www/banana/node_modules/express/lib/response.js:253:10)',
     '    at ServerResponse.send (/opt/www/banana/node_modules/express/lib/response.js:158:21)',
     '    at ServerResponse.res.sendApi (/opt/www/banana/common/web_helper.js:75:30)',
     '    at /opt/www/banana/models/naver_shopping_adgroup_model.js:12:21',
     '    at Query._callback (/opt/www/banana/common/db_helper.js:119:21)',
     '    at Query.Sequence.end (/opt/www/banana/node_modules/mysql/lib/protocol/sequences/Sequence.js:88:24)',
     '    at Query._handleFinalResultPacket (/opt/www/banana/node_modules/mysql/lib/protocol/sequences/Query.js:139:8)',
     '    at Query.EofPacket (/opt/www/banana/node_modules/mysql/lib/protocol/sequences/Query.js:123:8)' ] }
