2017-10-07 10:50:22.421 [pid:8822] - error: uncaughtException: Cannot read property 'release' of undefined 
{ date: 'Sat Oct 07 2017 10:50:22 GMT-0400 (EDT)',
  process: 
   { pid: 8822,
     uid: 0,
     gid: 0,
     cwd: '/opt/www/banana',
     execPath: '/usr/bin/node',
     version: 'v6.11.1',
     argv: [ '/usr/bin/node', '/opt/www/banana/bin/www' ],
     memoryUsage: 
      { rss: 52314112,
        heapTotal: 35651584,
        heapUsed: 17227256,
        external: 4177120 } },
  os: 
   { loadavg: [ 0.2275390625, 0.2197265625, 0.16455078125 ],
     uptime: 29304265 },
  trace: 
   [ { column: 34,
       file: '/opt/www/banana/common/db_helper.js',
       function: null,
       line: 45,
       method: null,
       native: false },
     { column: 9,
       file: '/opt/www/banana/node_modules/mysql/lib/Pool.js',
       function: 'Handshake.onConnect',
       line: 58,
       method: 'onConnect',
       native: false },
     { column: 24,
       file: '/opt/www/banana/node_modules/mysql/lib/protocol/sequences/Sequence.js',
       function: 'Handshake.Sequence.end',
       line: 88,
       method: 'end',
       native: false },
     { column: 14,
       file: '/opt/www/banana/node_modules/mysql/lib/protocol/Protocol.js',
       function: 'Protocol.handleNetworkError',
       line: 363,
       method: 'handleNetworkError',
       native: false },
     { column: 18,
       file: '/opt/www/banana/node_modules/mysql/lib/Connection.js',
       function: 'PoolConnection.Connection._handleNetworkError',
       line: 428,
       method: '_handleNetworkError',
       native: false },
     { column: 8,
       file: '/opt/www/banana/node_modules/mysql/lib/Connection.js',
       function: 'PoolConnection.Connection._handleConnectTimeout',
       line: 424,
       method: '_handleConnectTimeout',
       native: false },
     { column: 16,
       file: 'events.js',
       function: 'Socket.g',
       line: 292,
       method: 'g',
       native: false },
     { column: 13,
       file: 'events.js',
       function: 'emitNone',
       line: 86,
       method: null,
       native: false },
     { column: 7,
       file: 'events.js',
       function: 'Socket.emit',
       line: 185,
       method: 'emit',
       native: false },
     { column: 8,
       file: 'net.js',
       function: 'Socket._onTimeout',
       line: 338,
       method: '_onTimeout',
       native: false } ],
  stack: 
   [ 'TypeError: Cannot read property \'release\' of undefined',
     '    at /opt/www/banana/common/db_helper.js:45:34',
     '    at Handshake.onConnect (/opt/www/banana/node_modules/mysql/lib/Pool.js:58:9)',
     '    at Handshake.Sequence.end (/opt/www/banana/node_modules/mysql/lib/protocol/sequences/Sequence.js:88:24)',
     '    at Protocol.handleNetworkError (/opt/www/banana/node_modules/mysql/lib/protocol/Protocol.js:363:14)',
     '    at PoolConnection.Connection._handleNetworkError (/opt/www/banana/node_modules/mysql/lib/Connection.js:428:18)',
     '    at PoolConnection.Connection._handleConnectTimeout (/opt/www/banana/node_modules/mysql/lib/Connection.js:424:8)',
     '    at Socket.g (events.js:292:16)',
     '    at emitNone (events.js:86:13)',
     '    at Socket.emit (events.js:185:7)',
     '    at Socket._onTimeout (net.js:338:8)' ] }
