2017-10-13 01:11:53.513 [pid:32138] - error: uncaughtException: Cannot read property 'release' of undefined 
{ date: 'Fri Oct 13 2017 01:11:53 GMT-0400 (EDT)',
  process: 
   { pid: 32138,
     uid: 0,
     gid: 0,
     cwd: '/opt/www/banana',
     execPath: '/usr/bin/node',
     version: 'v6.11.1',
     argv: [ '/usr/bin/node', '/opt/www/banana/bin/www' ],
     memoryUsage: 
      { rss: 44388352,
        heapTotal: 32505856,
        heapUsed: 17721336,
        external: 5415636 } },
  os: 
   { loadavg: [ 0.15478515625, 0.12353515625, 0.13525390625 ],
     uptime: 29787956 },
  trace: 
   [ { column: 34,
       file: '/opt/www/banana/common/db_helper.js',
       function: null,
       line: 45,
       method: null,
       native: false },
     { column: 9,
       file: '/opt/www/banana/node_modules/mysql/lib/Pool.js',
       function: 'Handshake.onConnect',
       line: 58,
       method: 'onConnect',
       native: false },
     { column: 24,
       file: '/opt/www/banana/node_modules/mysql/lib/protocol/sequences/Sequence.js',
       function: 'Handshake.Sequence.end',
       line: 88,
       method: 'end',
       native: false },
     { column: 14,
       file: '/opt/www/banana/node_modules/mysql/lib/protocol/Protocol.js',
       function: 'Protocol.handleNetworkError',
       line: 363,
       method: 'handleNetworkError',
       native: false },
     { column: 18,
       file: '/opt/www/banana/node_modules/mysql/lib/Connection.js',
       function: 'PoolConnection.Connection._handleNetworkError',
       line: 428,
       method: '_handleNetworkError',
       native: false },
     { column: 8,
       file: '/opt/www/banana/node_modules/mysql/lib/Connection.js',
       function: 'PoolConnection.Connection._handleConnectTimeout',
       line: 424,
       method: '_handleConnectTimeout',
       native: false },
     { column: 16,
       file: 'events.js',
       function: 'Socket.g',
       line: 292,
       method: 'g',
       native: false },
     { column: 13,
       file: 'events.js',
       function: 'emitNone',
       line: 86,
       method: null,
       native: false },
     { column: 7,
       file: 'events.js',
       function: 'Socket.emit',
       line: 185,
       method: 'emit',
       native: false },
     { column: 8,
       file: 'net.js',
       function: 'Socket._onTimeout',
       line: 338,
       method: '_onTimeout',
       native: false } ],
  stack: 
   [ 'TypeError: Cannot read property \'release\' of undefined',
     '    at /opt/www/banana/common/db_helper.js:45:34',
     '    at Handshake.onConnect (/opt/www/banana/node_modules/mysql/lib/Pool.js:58:9)',
     '    at Handshake.Sequence.end (/opt/www/banana/node_modules/mysql/lib/protocol/sequences/Sequence.js:88:24)',
     '    at Protocol.handleNetworkError (/opt/www/banana/node_modules/mysql/lib/protocol/Protocol.js:363:14)',
     '    at PoolConnection.Connection._handleNetworkError (/opt/www/banana/node_modules/mysql/lib/Connection.js:428:18)',
     '    at PoolConnection.Connection._handleConnectTimeout (/opt/www/banana/node_modules/mysql/lib/Connection.js:424:8)',
     '    at Socket.g (events.js:292:16)',
     '    at emitNone (events.js:86:13)',
     '    at Socket.emit (events.js:185:7)',
     '    at Socket._onTimeout (net.js:338:8)' ] }
2017-10-13 09:48:59.940 [pid:1242] - error: uncaughtException: Cannot read property 'release' of undefined 
{ date: 'Fri Oct 13 2017 09:48:59 GMT-0400 (EDT)',
  process: 
   { pid: 1242,
     uid: 0,
     gid: 0,
     cwd: '/opt/www/banana',
     execPath: '/usr/bin/node',
     version: 'v6.11.1',
     argv: [ '/usr/bin/node', '/opt/www/banana/bin/www' ],
     memoryUsage: 
      { rss: 49786880,
        heapTotal: 35651584,
        heapUsed: 20507800,
        external: 5826333 } },
  os: 
   { loadavg: [ 0.19580078125, 0.2119140625, 0.19677734375 ],
     uptime: 29818983 },
  trace: 
   [ { column: 34,
       file: '/opt/www/banana/common/db_helper.js',
       function: null,
       line: 45,
       method: null,
       native: false },
     { column: 9,
       file: '/opt/www/banana/node_modules/mysql/lib/Pool.js',
       function: 'Handshake.onConnect',
       line: 58,
       method: 'onConnect',
       native: false },
     { column: 24,
       file: '/opt/www/banana/node_modules/mysql/lib/protocol/sequences/Sequence.js',
       function: 'Handshake.Sequence.end',
       line: 88,
       method: 'end',
       native: false },
     { column: 14,
       file: '/opt/www/banana/node_modules/mysql/lib/protocol/Protocol.js',
       function: 'Protocol.handleNetworkError',
       line: 363,
       method: 'handleNetworkError',
       native: false },
     { column: 18,
       file: '/opt/www/banana/node_modules/mysql/lib/Connection.js',
       function: 'PoolConnection.Connection._handleNetworkError',
       line: 428,
       method: '_handleNetworkError',
       native: false },
     { column: 8,
       file: '/opt/www/banana/node_modules/mysql/lib/Connection.js',
       function: 'PoolConnection.Connection._handleConnectTimeout',
       line: 424,
       method: '_handleConnectTimeout',
       native: false },
     { column: 16,
       file: 'events.js',
       function: 'Socket.g',
       line: 292,
       method: 'g',
       native: false },
     { column: 13,
       file: 'events.js',
       function: 'emitNone',
       line: 86,
       method: null,
       native: false },
     { column: 7,
       file: 'events.js',
       function: 'Socket.emit',
       line: 185,
       method: 'emit',
       native: false },
     { column: 8,
       file: 'net.js',
       function: 'Socket._onTimeout',
       line: 338,
       method: '_onTimeout',
       native: false } ],
  stack: 
   [ 'TypeError: Cannot read property \'release\' of undefined',
     '    at /opt/www/banana/common/db_helper.js:45:34',
     '    at Handshake.onConnect (/opt/www/banana/node_modules/mysql/lib/Pool.js:58:9)',
     '    at Handshake.Sequence.end (/opt/www/banana/node_modules/mysql/lib/protocol/sequences/Sequence.js:88:24)',
     '    at Protocol.handleNetworkError (/opt/www/banana/node_modules/mysql/lib/protocol/Protocol.js:363:14)',
     '    at PoolConnection.Connection._handleNetworkError (/opt/www/banana/node_modules/mysql/lib/Connection.js:428:18)',
     '    at PoolConnection.Connection._handleConnectTimeout (/opt/www/banana/node_modules/mysql/lib/Connection.js:424:8)',
     '    at Socket.g (events.js:292:16)',
     '    at emitNone (events.js:86:13)',
     '    at Socket.emit (events.js:185:7)',
     '    at Socket._onTimeout (net.js:338:8)' ] }
2017-10-13 12:12:19.783 [pid:11591] - error: uncaughtException: Cannot read property 'release' of undefined 
{ date: 'Fri Oct 13 2017 12:12:19 GMT-0400 (EDT)',
  process: 
   { pid: 11591,
     uid: 0,
     gid: 0,
     cwd: '/opt/www/banana',
     execPath: '/usr/bin/node',
     version: 'v6.11.1',
     argv: [ '/usr/bin/node', '/opt/www/banana/bin/www' ],
     memoryUsage: 
      { rss: 41115648,
        heapTotal: 23068672,
        heapUsed: 19581960,
        external: 139151 } },
  os: 
   { loadavg: [ 0.26220703125, 0.181640625, 0.18212890625 ],
     uptime: 29827582 },
  trace: 
   [ { column: 34,
       file: '/opt/www/banana/common/db_helper.js',
       function: null,
       line: 45,
       method: null,
       native: false },
     { column: 9,
       file: '/opt/www/banana/node_modules/mysql/lib/Pool.js',
       function: 'Handshake.onConnect',
       line: 58,
       method: 'onConnect',
       native: false },
     { column: 24,
       file: '/opt/www/banana/node_modules/mysql/lib/protocol/sequences/Sequence.js',
       function: 'Handshake.Sequence.end',
       line: 88,
       method: 'end',
       native: false },
     { column: 14,
       file: '/opt/www/banana/node_modules/mysql/lib/protocol/Protocol.js',
       function: 'Protocol.handleNetworkError',
       line: 363,
       method: 'handleNetworkError',
       native: false },
     { column: 18,
       file: '/opt/www/banana/node_modules/mysql/lib/Connection.js',
       function: 'PoolConnection.Connection._handleNetworkError',
       line: 428,
       method: '_handleNetworkError',
       native: false },
     { column: 8,
       file: '/opt/www/banana/node_modules/mysql/lib/Connection.js',
       function: 'PoolConnection.Connection._handleConnectTimeout',
       line: 424,
       method: '_handleConnectTimeout',
       native: false },
     { column: 16,
       file: 'events.js',
       function: 'Socket.g',
       line: 292,
       method: 'g',
       native: false },
     { column: 13,
       file: 'events.js',
       function: 'emitNone',
       line: 86,
       method: null,
       native: false },
     { column: 7,
       file: 'events.js',
       function: 'Socket.emit',
       line: 185,
       method: 'emit',
       native: false },
     { column: 8,
       file: 'net.js',
       function: 'Socket._onTimeout',
       line: 338,
       method: '_onTimeout',
       native: false } ],
  stack: 
   [ 'TypeError: Cannot read property \'release\' of undefined',
     '    at /opt/www/banana/common/db_helper.js:45:34',
     '    at Handshake.onConnect (/opt/www/banana/node_modules/mysql/lib/Pool.js:58:9)',
     '    at Handshake.Sequence.end (/opt/www/banana/node_modules/mysql/lib/protocol/sequences/Sequence.js:88:24)',
     '    at Protocol.handleNetworkError (/opt/www/banana/node_modules/mysql/lib/protocol/Protocol.js:363:14)',
     '    at PoolConnection.Connection._handleNetworkError (/opt/www/banana/node_modules/mysql/lib/Connection.js:428:18)',
     '    at PoolConnection.Connection._handleConnectTimeout (/opt/www/banana/node_modules/mysql/lib/Connection.js:424:8)',
     '    at Socket.g (events.js:292:16)',
     '    at emitNone (events.js:86:13)',
     '    at Socket.emit (events.js:185:7)',
     '    at Socket._onTimeout (net.js:338:8)' ] }
2017-10-13 12:14:00.342 [pid:15486] - error: uncaughtException: Cannot read property 'release' of undefined 
{ date: 'Fri Oct 13 2017 12:14:00 GMT-0400 (EDT)',
  process: 
   { pid: 15486,
     uid: 0,
     gid: 0,
     cwd: '/opt/www/banana',
     execPath: '/usr/bin/node',
     version: 'v6.11.1',
     argv: [ '/usr/bin/node', '/opt/www/banana/bin/www' ],
     memoryUsage: 
      { rss: 53866496,
        heapTotal: 37748736,
        heapUsed: 19388688,
        external: 188984 } },
  os: 
   { loadavg: [ 0.60302734375, 0.3076171875, 0.22607421875 ],
     uptime: 29827683 },
  trace: 
   [ { column: 34,
       file: '/opt/www/banana/common/db_helper.js',
       function: null,
       line: 45,
       method: null,
       native: false },
     { column: 9,
       file: '/opt/www/banana/node_modules/mysql/lib/Pool.js',
       function: 'Handshake.onConnect',
       line: 58,
       method: 'onConnect',
       native: false },
     { column: 24,
       file: '/opt/www/banana/node_modules/mysql/lib/protocol/sequences/Sequence.js',
       function: 'Handshake.Sequence.end',
       line: 88,
       method: 'end',
       native: false },
     { column: 14,
       file: '/opt/www/banana/node_modules/mysql/lib/protocol/Protocol.js',
       function: 'Protocol.handleNetworkError',
       line: 363,
       method: 'handleNetworkError',
       native: false },
     { column: 18,
       file: '/opt/www/banana/node_modules/mysql/lib/Connection.js',
       function: 'PoolConnection.Connection._handleNetworkError',
       line: 428,
       method: '_handleNetworkError',
       native: false },
     { column: 8,
       file: '/opt/www/banana/node_modules/mysql/lib/Connection.js',
       function: 'PoolConnection.Connection._handleConnectTimeout',
       line: 424,
       method: '_handleConnectTimeout',
       native: false },
     { column: 16,
       file: 'events.js',
       function: 'Socket.g',
       line: 292,
       method: 'g',
       native: false },
     { column: 13,
       file: 'events.js',
       function: 'emitNone',
       line: 86,
       method: null,
       native: false },
     { column: 7,
       file: 'events.js',
       function: 'Socket.emit',
       line: 185,
       method: 'emit',
       native: false },
     { column: 8,
       file: 'net.js',
       function: 'Socket._onTimeout',
       line: 338,
       method: '_onTimeout',
       native: false } ],
  stack: 
   [ 'TypeError: Cannot read property \'release\' of undefined',
     '    at /opt/www/banana/common/db_helper.js:45:34',
     '    at Handshake.onConnect (/opt/www/banana/node_modules/mysql/lib/Pool.js:58:9)',
     '    at Handshake.Sequence.end (/opt/www/banana/node_modules/mysql/lib/protocol/sequences/Sequence.js:88:24)',
     '    at Protocol.handleNetworkError (/opt/www/banana/node_modules/mysql/lib/protocol/Protocol.js:363:14)',
     '    at PoolConnection.Connection._handleNetworkError (/opt/www/banana/node_modules/mysql/lib/Connection.js:428:18)',
     '    at PoolConnection.Connection._handleConnectTimeout (/opt/www/banana/node_modules/mysql/lib/Connection.js:424:8)',
     '    at Socket.g (events.js:292:16)',
     '    at emitNone (events.js:86:13)',
     '    at Socket.emit (events.js:185:7)',
     '    at Socket._onTimeout (net.js:338:8)' ] }
