2017-09-24 21:06:35.748 [pid:10429] - error: uncaughtException: Cannot read property 'threadId' of undefined 
{ date: 'Sun Sep 24 2017 21:06:35 GMT-0400 (EDT)',
  process: 
   { pid: 10429,
     uid: 0,
     gid: 0,
     cwd: '/opt/www/banana',
     execPath: '/usr/bin/node',
     version: 'v6.11.1',
     argv: [ '/usr/bin/node', '/opt/www/banana/bin/www' ],
     memoryUsage: 
      { rss: 33816576,
        heapTotal: 20971520,
        heapUsed: 16087384,
        external: 564448 } },
  os: 
   { loadavg: [ 0.10546875, 0.1328125, 0.13525390625 ],
     uptime: 28218038 },
  trace: 
   [ { column: 34,
       file: '/opt/www/banana/common/db_helper.js',
       function: 'Object.query',
       line: 83,
       method: 'query',
       native: false },
     { column: 14,
       file: '/opt/www/banana/models/naver_shopping_adgroup_model.js',
       function: null,
       line: 9,
       method: null,
       native: false },
     { column: 9,
       file: '/opt/www/banana/common/db_helper.js',
       function: null,
       line: 129,
       method: null,
       native: false },
     { column: 21,
       file: '/opt/www/banana/common/db_helper.js',
       function: null,
       line: 51,
       method: null,
       native: false },
     { column: 9,
       file: '/opt/www/banana/node_modules/mysql/lib/Pool.js',
       function: 'Handshake.onConnect',
       line: 58,
       method: 'onConnect',
       native: false },
     { column: 24,
       file: '/opt/www/banana/node_modules/mysql/lib/protocol/sequences/Sequence.js',
       function: 'Handshake.Sequence.end',
       line: 88,
       method: 'end',
       native: false },
     { column: 14,
       file: '/opt/www/banana/node_modules/mysql/lib/protocol/Protocol.js',
       function: 'Protocol.handleNetworkError',
       line: 363,
       method: 'handleNetworkError',
       native: false },
     { column: 18,
       file: '/opt/www/banana/node_modules/mysql/lib/Connection.js',
       function: 'PoolConnection.Connection._handleNetworkError',
       line: 428,
       method: '_handleNetworkError',
       native: false },
     { column: 8,
       file: '/opt/www/banana/node_modules/mysql/lib/Connection.js',
       function: 'PoolConnection.Connection._handleConnectTimeout',
       line: 424,
       method: '_handleConnectTimeout',
       native: false },
     { column: 16,
       file: 'events.js',
       function: 'Socket.g',
       line: 292,
       method: 'g',
       native: false } ],
  stack: 
   [ 'TypeError: Cannot read property \'threadId\' of undefined',
     '    at Object.query (/opt/www/banana/common/db_helper.js:83:34)',
     '    at /opt/www/banana/models/naver_shopping_adgroup_model.js:9:14',
     '    at /opt/www/banana/common/db_helper.js:129:9',
     '    at /opt/www/banana/common/db_helper.js:51:21',
     '    at Handshake.onConnect (/opt/www/banana/node_modules/mysql/lib/Pool.js:58:9)',
     '    at Handshake.Sequence.end (/opt/www/banana/node_modules/mysql/lib/protocol/sequences/Sequence.js:88:24)',
     '    at Protocol.handleNetworkError (/opt/www/banana/node_modules/mysql/lib/protocol/Protocol.js:363:14)',
     '    at PoolConnection.Connection._handleNetworkError (/opt/www/banana/node_modules/mysql/lib/Connection.js:428:18)',
     '    at PoolConnection.Connection._handleConnectTimeout (/opt/www/banana/node_modules/mysql/lib/Connection.js:424:8)',
     '    at Socket.g (events.js:292:16)' ] }
