2017-10-18 00:08:15.341 [pid:18265] - error: uncaughtException: Cannot read property 'release' of undefined 
{ date: 'Wed Oct 18 2017 00:08:15 GMT-0400 (EDT)',
  process: 
   { pid: 18265,
     uid: 0,
     gid: 0,
     cwd: '/opt/www/banana',
     execPath: '/usr/bin/node',
     version: 'v6.11.1',
     argv: [ '/usr/bin/node', '/opt/www/banana/bin/www' ],
     memoryUsage: 
      { rss: 52109312,
        heapTotal: 38797312,
        heapUsed: 20114944,
        external: 2905628 } },
  os: 
   { loadavg: [ 0.1904296875, 0.2119140625, 0.18017578125 ],
     uptime: 30216138 },
  trace: 
   [ { column: 34,
       file: '/opt/www/banana/common/db_helper.js',
       function: null,
       line: 45,
       method: null,
       native: false },
     { column: 9,
       file: '/opt/www/banana/node_modules/mysql/lib/Pool.js',
       function: 'Handshake.onConnect',
       line: 58,
       method: 'onConnect',
       native: false },
     { column: 24,
       file: '/opt/www/banana/node_modules/mysql/lib/protocol/sequences/Sequence.js',
       function: 'Handshake.Sequence.end',
       line: 88,
       method: 'end',
       native: false },
     { column: 14,
       file: '/opt/www/banana/node_modules/mysql/lib/protocol/Protocol.js',
       function: 'Protocol.handleNetworkError',
       line: 363,
       method: 'handleNetworkError',
       native: false },
     { column: 18,
       file: '/opt/www/banana/node_modules/mysql/lib/Connection.js',
       function: 'PoolConnection.Connection._handleNetworkError',
       line: 428,
       method: '_handleNetworkError',
       native: false },
     { column: 8,
       file: '/opt/www/banana/node_modules/mysql/lib/Connection.js',
       function: 'PoolConnection.Connection._handleConnectTimeout',
       line: 424,
       method: '_handleConnectTimeout',
       native: false },
     { column: 16,
       file: 'events.js',
       function: 'Socket.g',
       line: 292,
       method: 'g',
       native: false },
     { column: 13,
       file: 'events.js',
       function: 'emitNone',
       line: 86,
       method: null,
       native: false },
     { column: 7,
       file: 'events.js',
       function: 'Socket.emit',
       line: 185,
       method: 'emit',
       native: false },
     { column: 8,
       file: 'net.js',
       function: 'Socket._onTimeout',
       line: 338,
       method: '_onTimeout',
       native: false } ],
  stack: 
   [ 'TypeError: Cannot read property \'release\' of undefined',
     '    at /opt/www/banana/common/db_helper.js:45:34',
     '    at Handshake.onConnect (/opt/www/banana/node_modules/mysql/lib/Pool.js:58:9)',
     '    at Handshake.Sequence.end (/opt/www/banana/node_modules/mysql/lib/protocol/sequences/Sequence.js:88:24)',
     '    at Protocol.handleNetworkError (/opt/www/banana/node_modules/mysql/lib/protocol/Protocol.js:363:14)',
     '    at PoolConnection.Connection._handleNetworkError (/opt/www/banana/node_modules/mysql/lib/Connection.js:428:18)',
     '    at PoolConnection.Connection._handleConnectTimeout (/opt/www/banana/node_modules/mysql/lib/Connection.js:424:8)',
     '    at Socket.g (events.js:292:16)',
     '    at emitNone (events.js:86:13)',
     '    at Socket.emit (events.js:185:7)',
     '    at Socket._onTimeout (net.js:338:8)' ] }
2017-10-18 03:34:14.764 [pid:836] - error: uncaughtException: Cannot read property 'release' of undefined 
{ date: 'Wed Oct 18 2017 03:34:14 GMT-0400 (EDT)',
  process: 
   { pid: 836,
     uid: 0,
     gid: 0,
     cwd: '/opt/www/banana',
     execPath: '/usr/bin/node',
     version: 'v6.11.1',
     argv: [ '/usr/bin/node', '/opt/www/banana/bin/www' ],
     memoryUsage: 
      { rss: 38256640,
        heapTotal: 22020096,
        heapUsed: 17871992,
        external: 191608 } },
  os: 
   { loadavg: [ 0.26318359375, 0.18896484375, 0.15966796875 ],
     uptime: 30228497 },
  trace: 
   [ { column: 34,
       file: '/opt/www/banana/common/db_helper.js',
       function: null,
       line: 45,
       method: null,
       native: false },
     { column: 9,
       file: '/opt/www/banana/node_modules/mysql/lib/Pool.js',
       function: 'Handshake.onConnect',
       line: 58,
       method: 'onConnect',
       native: false },
     { column: 24,
       file: '/opt/www/banana/node_modules/mysql/lib/protocol/sequences/Sequence.js',
       function: 'Handshake.Sequence.end',
       line: 88,
       method: 'end',
       native: false },
     { column: 14,
       file: '/opt/www/banana/node_modules/mysql/lib/protocol/Protocol.js',
       function: 'Protocol.handleNetworkError',
       line: 363,
       method: 'handleNetworkError',
       native: false },
     { column: 18,
       file: '/opt/www/banana/node_modules/mysql/lib/Connection.js',
       function: 'PoolConnection.Connection._handleNetworkError',
       line: 428,
       method: '_handleNetworkError',
       native: false },
     { column: 8,
       file: '/opt/www/banana/node_modules/mysql/lib/Connection.js',
       function: 'PoolConnection.Connection._handleConnectTimeout',
       line: 424,
       method: '_handleConnectTimeout',
       native: false },
     { column: 16,
       file: 'events.js',
       function: 'Socket.g',
       line: 292,
       method: 'g',
       native: false },
     { column: 13,
       file: 'events.js',
       function: 'emitNone',
       line: 86,
       method: null,
       native: false },
     { column: 7,
       file: 'events.js',
       function: 'Socket.emit',
       line: 185,
       method: 'emit',
       native: false },
     { column: 8,
       file: 'net.js',
       function: 'Socket._onTimeout',
       line: 338,
       method: '_onTimeout',
       native: false } ],
  stack: 
   [ 'TypeError: Cannot read property \'release\' of undefined',
     '    at /opt/www/banana/common/db_helper.js:45:34',
     '    at Handshake.onConnect (/opt/www/banana/node_modules/mysql/lib/Pool.js:58:9)',
     '    at Handshake.Sequence.end (/opt/www/banana/node_modules/mysql/lib/protocol/sequences/Sequence.js:88:24)',
     '    at Protocol.handleNetworkError (/opt/www/banana/node_modules/mysql/lib/protocol/Protocol.js:363:14)',
     '    at PoolConnection.Connection._handleNetworkError (/opt/www/banana/node_modules/mysql/lib/Connection.js:428:18)',
     '    at PoolConnection.Connection._handleConnectTimeout (/opt/www/banana/node_modules/mysql/lib/Connection.js:424:8)',
     '    at Socket.g (events.js:292:16)',
     '    at emitNone (events.js:86:13)',
     '    at Socket.emit (events.js:185:7)',
     '    at Socket._onTimeout (net.js:338:8)' ] }
2017-10-18 04:17:55.705 [pid:22462] - error: uncaughtException: Cannot read property 'release' of undefined 
{ date: 'Wed Oct 18 2017 04:17:55 GMT-0400 (EDT)',
  process: 
   { pid: 22462,
     uid: 0,
     gid: 0,
     cwd: '/opt/www/banana',
     execPath: '/usr/bin/node',
     version: 'v6.11.1',
     argv: [ '/usr/bin/node', '/opt/www/banana/bin/www' ],
     memoryUsage: 
      { rss: 50651136,
        heapTotal: 32505856,
        heapUsed: 22611112,
        external: 5737150 } },
  os: 
   { loadavg: [ 0.3857421875, 0.25048828125, 0.17919921875 ],
     uptime: 30231118 },
  trace: 
   [ { column: 34,
       file: '/opt/www/banana/common/db_helper.js',
       function: null,
       line: 45,
       method: null,
       native: false },
     { column: 9,
       file: '/opt/www/banana/node_modules/mysql/lib/Pool.js',
       function: 'Handshake.onConnect',
       line: 58,
       method: 'onConnect',
       native: false },
     { column: 24,
       file: '/opt/www/banana/node_modules/mysql/lib/protocol/sequences/Sequence.js',
       function: 'Handshake.Sequence.end',
       line: 88,
       method: 'end',
       native: false },
     { column: 14,
       file: '/opt/www/banana/node_modules/mysql/lib/protocol/Protocol.js',
       function: 'Protocol.handleNetworkError',
       line: 363,
       method: 'handleNetworkError',
       native: false },
     { column: 18,
       file: '/opt/www/banana/node_modules/mysql/lib/Connection.js',
       function: 'PoolConnection.Connection._handleNetworkError',
       line: 428,
       method: '_handleNetworkError',
       native: false },
     { column: 8,
       file: '/opt/www/banana/node_modules/mysql/lib/Connection.js',
       function: 'PoolConnection.Connection._handleConnectTimeout',
       line: 424,
       method: '_handleConnectTimeout',
       native: false },
     { column: 16,
       file: 'events.js',
       function: 'Socket.g',
       line: 292,
       method: 'g',
       native: false },
     { column: 13,
       file: 'events.js',
       function: 'emitNone',
       line: 86,
       method: null,
       native: false },
     { column: 7,
       file: 'events.js',
       function: 'Socket.emit',
       line: 185,
       method: 'emit',
       native: false },
     { column: 8,
       file: 'net.js',
       function: 'Socket._onTimeout',
       line: 338,
       method: '_onTimeout',
       native: false } ],
  stack: 
   [ 'TypeError: Cannot read property \'release\' of undefined',
     '    at /opt/www/banana/common/db_helper.js:45:34',
     '    at Handshake.onConnect (/opt/www/banana/node_modules/mysql/lib/Pool.js:58:9)',
     '    at Handshake.Sequence.end (/opt/www/banana/node_modules/mysql/lib/protocol/sequences/Sequence.js:88:24)',
     '    at Protocol.handleNetworkError (/opt/www/banana/node_modules/mysql/lib/protocol/Protocol.js:363:14)',
     '    at PoolConnection.Connection._handleNetworkError (/opt/www/banana/node_modules/mysql/lib/Connection.js:428:18)',
     '    at PoolConnection.Connection._handleConnectTimeout (/opt/www/banana/node_modules/mysql/lib/Connection.js:424:8)',
     '    at Socket.g (events.js:292:16)',
     '    at emitNone (events.js:86:13)',
     '    at Socket.emit (events.js:185:7)',
     '    at Socket._onTimeout (net.js:338:8)' ] }
2017-10-18 04:26:50.806 [pid:3996] - error: uncaughtException: Cannot read property 'release' of undefined 
{ date: 'Wed Oct 18 2017 04:26:50 GMT-0400 (EDT)',
  process: 
   { pid: 3996,
     uid: 0,
     gid: 0,
     cwd: '/opt/www/banana',
     execPath: '/usr/bin/node',
     version: 'v6.11.1',
     argv: [ '/usr/bin/node', '/opt/www/banana/bin/www' ],
     memoryUsage: 
      { rss: 41881600,
        heapTotal: 20971520,
        heapUsed: 16631352,
        external: 634170 } },
  os: 
   { loadavg: [ 0.107421875, 0.12939453125, 0.1357421875 ],
     uptime: 30231653 },
  trace: 
   [ { column: 34,
       file: '/opt/www/banana/common/db_helper.js',
       function: null,
       line: 45,
       method: null,
       native: false },
     { column: 9,
       file: '/opt/www/banana/node_modules/mysql/lib/Pool.js',
       function: 'Handshake.onConnect',
       line: 58,
       method: 'onConnect',
       native: false },
     { column: 24,
       file: '/opt/www/banana/node_modules/mysql/lib/protocol/sequences/Sequence.js',
       function: 'Handshake.Sequence.end',
       line: 88,
       method: 'end',
       native: false },
     { column: 14,
       file: '/opt/www/banana/node_modules/mysql/lib/protocol/Protocol.js',
       function: 'Protocol.handleNetworkError',
       line: 363,
       method: 'handleNetworkError',
       native: false },
     { column: 18,
       file: '/opt/www/banana/node_modules/mysql/lib/Connection.js',
       function: 'PoolConnection.Connection._handleNetworkError',
       line: 428,
       method: '_handleNetworkError',
       native: false },
     { column: 8,
       file: '/opt/www/banana/node_modules/mysql/lib/Connection.js',
       function: 'PoolConnection.Connection._handleConnectTimeout',
       line: 424,
       method: '_handleConnectTimeout',
       native: false },
     { column: 16,
       file: 'events.js',
       function: 'Socket.g',
       line: 292,
       method: 'g',
       native: false },
     { column: 13,
       file: 'events.js',
       function: 'emitNone',
       line: 86,
       method: null,
       native: false },
     { column: 7,
       file: 'events.js',
       function: 'Socket.emit',
       line: 185,
       method: 'emit',
       native: false },
     { column: 8,
       file: 'net.js',
       function: 'Socket._onTimeout',
       line: 338,
       method: '_onTimeout',
       native: false } ],
  stack: 
   [ 'TypeError: Cannot read property \'release\' of undefined',
     '    at /opt/www/banana/common/db_helper.js:45:34',
     '    at Handshake.onConnect (/opt/www/banana/node_modules/mysql/lib/Pool.js:58:9)',
     '    at Handshake.Sequence.end (/opt/www/banana/node_modules/mysql/lib/protocol/sequences/Sequence.js:88:24)',
     '    at Protocol.handleNetworkError (/opt/www/banana/node_modules/mysql/lib/protocol/Protocol.js:363:14)',
     '    at PoolConnection.Connection._handleNetworkError (/opt/www/banana/node_modules/mysql/lib/Connection.js:428:18)',
     '    at PoolConnection.Connection._handleConnectTimeout (/opt/www/banana/node_modules/mysql/lib/Connection.js:424:8)',
     '    at Socket.g (events.js:292:16)',
     '    at emitNone (events.js:86:13)',
     '    at Socket.emit (events.js:185:7)',
     '    at Socket._onTimeout (net.js:338:8)' ] }
2017-10-18 07:39:19.884 [pid:9330] - error: uncaughtException: Cannot read property 'release' of undefined 
{ date: 'Wed Oct 18 2017 07:39:19 GMT-0400 (EDT)',
  process: 
   { pid: 9330,
     uid: 0,
     gid: 0,
     cwd: '/opt/www/banana',
     execPath: '/usr/bin/node',
     version: 'v6.11.1',
     argv: [ '/usr/bin/node', '/opt/www/banana/bin/www' ],
     memoryUsage: 
      { rss: 55820288,
        heapTotal: 35651584,
        heapUsed: 21468016,
        external: 7302683 } },
  os: 
   { loadavg: [ 0.1728515625, 0.1435546875, 0.1259765625 ],
     uptime: 30243202 },
  trace: 
   [ { column: 34,
       file: '/opt/www/banana/common/db_helper.js',
       function: null,
       line: 45,
       method: null,
       native: false },
     { column: 9,
       file: '/opt/www/banana/node_modules/mysql/lib/Pool.js',
       function: 'Handshake.onConnect',
       line: 58,
       method: 'onConnect',
       native: false },
     { column: 24,
       file: '/opt/www/banana/node_modules/mysql/lib/protocol/sequences/Sequence.js',
       function: 'Handshake.Sequence.end',
       line: 88,
       method: 'end',
       native: false },
     { column: 14,
       file: '/opt/www/banana/node_modules/mysql/lib/protocol/Protocol.js',
       function: 'Protocol.handleNetworkError',
       line: 363,
       method: 'handleNetworkError',
       native: false },
     { column: 18,
       file: '/opt/www/banana/node_modules/mysql/lib/Connection.js',
       function: 'PoolConnection.Connection._handleNetworkError',
       line: 428,
       method: '_handleNetworkError',
       native: false },
     { column: 8,
       file: '/opt/www/banana/node_modules/mysql/lib/Connection.js',
       function: 'PoolConnection.Connection._handleConnectTimeout',
       line: 424,
       method: '_handleConnectTimeout',
       native: false },
     { column: 16,
       file: 'events.js',
       function: 'Socket.g',
       line: 292,
       method: 'g',
       native: false },
     { column: 13,
       file: 'events.js',
       function: 'emitNone',
       line: 86,
       method: null,
       native: false },
     { column: 7,
       file: 'events.js',
       function: 'Socket.emit',
       line: 185,
       method: 'emit',
       native: false },
     { column: 8,
       file: 'net.js',
       function: 'Socket._onTimeout',
       line: 338,
       method: '_onTimeout',
       native: false } ],
  stack: 
   [ 'TypeError: Cannot read property \'release\' of undefined',
     '    at /opt/www/banana/common/db_helper.js:45:34',
     '    at Handshake.onConnect (/opt/www/banana/node_modules/mysql/lib/Pool.js:58:9)',
     '    at Handshake.Sequence.end (/opt/www/banana/node_modules/mysql/lib/protocol/sequences/Sequence.js:88:24)',
     '    at Protocol.handleNetworkError (/opt/www/banana/node_modules/mysql/lib/protocol/Protocol.js:363:14)',
     '    at PoolConnection.Connection._handleNetworkError (/opt/www/banana/node_modules/mysql/lib/Connection.js:428:18)',
     '    at PoolConnection.Connection._handleConnectTimeout (/opt/www/banana/node_modules/mysql/lib/Connection.js:424:8)',
     '    at Socket.g (events.js:292:16)',
     '    at emitNone (events.js:86:13)',
     '    at Socket.emit (events.js:185:7)',
     '    at Socket._onTimeout (net.js:338:8)' ] }
2017-10-18 07:57:28.347 [pid:13687] - error: uncaughtException: Cannot read property 'release' of undefined 
{ date: 'Wed Oct 18 2017 07:57:28 GMT-0400 (EDT)',
  process: 
   { pid: 13687,
     uid: 0,
     gid: 0,
     cwd: '/opt/www/banana',
     execPath: '/usr/bin/node',
     version: 'v6.11.1',
     argv: [ '/usr/bin/node', '/opt/www/banana/bin/www' ],
     memoryUsage: 
      { rss: 57303040,
        heapTotal: 35651584,
        heapUsed: 22110200,
        external: 7315608 } },
  os: 
   { loadavg: [ 0.32275390625, 0.25341796875, 0.193359375 ],
     uptime: 30244291 },
  trace: 
   [ { column: 34,
       file: '/opt/www/banana/common/db_helper.js',
       function: null,
       line: 45,
       method: null,
       native: false },
     { column: 9,
       file: '/opt/www/banana/node_modules/mysql/lib/Pool.js',
       function: 'Handshake.onConnect',
       line: 58,
       method: 'onConnect',
       native: false },
     { column: 24,
       file: '/opt/www/banana/node_modules/mysql/lib/protocol/sequences/Sequence.js',
       function: 'Handshake.Sequence.end',
       line: 88,
       method: 'end',
       native: false },
     { column: 14,
       file: '/opt/www/banana/node_modules/mysql/lib/protocol/Protocol.js',
       function: 'Protocol.handleNetworkError',
       line: 363,
       method: 'handleNetworkError',
       native: false },
     { column: 18,
       file: '/opt/www/banana/node_modules/mysql/lib/Connection.js',
       function: 'PoolConnection.Connection._handleNetworkError',
       line: 428,
       method: '_handleNetworkError',
       native: false },
     { column: 8,
       file: '/opt/www/banana/node_modules/mysql/lib/Connection.js',
       function: 'PoolConnection.Connection._handleConnectTimeout',
       line: 424,
       method: '_handleConnectTimeout',
       native: false },
     { column: 16,
       file: 'events.js',
       function: 'Socket.g',
       line: 292,
       method: 'g',
       native: false },
     { column: 13,
       file: 'events.js',
       function: 'emitNone',
       line: 86,
       method: null,
       native: false },
     { column: 7,
       file: 'events.js',
       function: 'Socket.emit',
       line: 185,
       method: 'emit',
       native: false },
     { column: 8,
       file: 'net.js',
       function: 'Socket._onTimeout',
       line: 338,
       method: '_onTimeout',
       native: false } ],
  stack: 
   [ 'TypeError: Cannot read property \'release\' of undefined',
     '    at /opt/www/banana/common/db_helper.js:45:34',
     '    at Handshake.onConnect (/opt/www/banana/node_modules/mysql/lib/Pool.js:58:9)',
     '    at Handshake.Sequence.end (/opt/www/banana/node_modules/mysql/lib/protocol/sequences/Sequence.js:88:24)',
     '    at Protocol.handleNetworkError (/opt/www/banana/node_modules/mysql/lib/protocol/Protocol.js:363:14)',
     '    at PoolConnection.Connection._handleNetworkError (/opt/www/banana/node_modules/mysql/lib/Connection.js:428:18)',
     '    at PoolConnection.Connection._handleConnectTimeout (/opt/www/banana/node_modules/mysql/lib/Connection.js:424:8)',
     '    at Socket.g (events.js:292:16)',
     '    at emitNone (events.js:86:13)',
     '    at Socket.emit (events.js:185:7)',
     '    at Socket._onTimeout (net.js:338:8)' ] }
2017-10-18 07:58:45.670 [pid:16439] - error: uncaughtException: Cannot read property 'release' of undefined 
{ date: 'Wed Oct 18 2017 07:58:45 GMT-0400 (EDT)',
  process: 
   { pid: 16439,
     uid: 0,
     gid: 0,
     cwd: '/opt/www/banana',
     execPath: '/usr/bin/node',
     version: 'v6.11.1',
     argv: [ '/usr/bin/node', '/opt/www/banana/bin/www' ],
     memoryUsage: 
      { rss: 53600256,
        heapTotal: 35651584,
        heapUsed: 20889312,
        external: 7303251 } },
  os: 
   { loadavg: [ 0.2490234375, 0.240234375, 0.19384765625 ],
     uptime: 30244368 },
  trace: 
   [ { column: 34,
       file: '/opt/www/banana/common/db_helper.js',
       function: null,
       line: 45,
       method: null,
       native: false },
     { column: 9,
       file: '/opt/www/banana/node_modules/mysql/lib/Pool.js',
       function: 'Handshake.onConnect',
       line: 58,
       method: 'onConnect',
       native: false },
     { column: 24,
       file: '/opt/www/banana/node_modules/mysql/lib/protocol/sequences/Sequence.js',
       function: 'Handshake.Sequence.end',
       line: 88,
       method: 'end',
       native: false },
     { column: 14,
       file: '/opt/www/banana/node_modules/mysql/lib/protocol/Protocol.js',
       function: 'Protocol.handleNetworkError',
       line: 363,
       method: 'handleNetworkError',
       native: false },
     { column: 18,
       file: '/opt/www/banana/node_modules/mysql/lib/Connection.js',
       function: 'PoolConnection.Connection._handleNetworkError',
       line: 428,
       method: '_handleNetworkError',
       native: false },
     { column: 8,
       file: '/opt/www/banana/node_modules/mysql/lib/Connection.js',
       function: 'PoolConnection.Connection._handleConnectTimeout',
       line: 424,
       method: '_handleConnectTimeout',
       native: false },
     { column: 16,
       file: 'events.js',
       function: 'Socket.g',
       line: 292,
       method: 'g',
       native: false },
     { column: 13,
       file: 'events.js',
       function: 'emitNone',
       line: 86,
       method: null,
       native: false },
     { column: 7,
       file: 'events.js',
       function: 'Socket.emit',
       line: 185,
       method: 'emit',
       native: false },
     { column: 8,
       file: 'net.js',
       function: 'Socket._onTimeout',
       line: 338,
       method: '_onTimeout',
       native: false } ],
  stack: 
   [ 'TypeError: Cannot read property \'release\' of undefined',
     '    at /opt/www/banana/common/db_helper.js:45:34',
     '    at Handshake.onConnect (/opt/www/banana/node_modules/mysql/lib/Pool.js:58:9)',
     '    at Handshake.Sequence.end (/opt/www/banana/node_modules/mysql/lib/protocol/sequences/Sequence.js:88:24)',
     '    at Protocol.handleNetworkError (/opt/www/banana/node_modules/mysql/lib/protocol/Protocol.js:363:14)',
     '    at PoolConnection.Connection._handleNetworkError (/opt/www/banana/node_modules/mysql/lib/Connection.js:428:18)',
     '    at PoolConnection.Connection._handleConnectTimeout (/opt/www/banana/node_modules/mysql/lib/Connection.js:424:8)',
     '    at Socket.g (events.js:292:16)',
     '    at emitNone (events.js:86:13)',
     '    at Socket.emit (events.js:185:7)',
     '    at Socket._onTimeout (net.js:338:8)' ] }
2017-10-18 08:09:57.584 [pid:6744] - error: uncaughtException: Cannot read property 'release' of undefined 
{ date: 'Wed Oct 18 2017 08:09:57 GMT-0400 (EDT)',
  process: 
   { pid: 6744,
     uid: 0,
     gid: 0,
     cwd: '/opt/www/banana',
     execPath: '/usr/bin/node',
     version: 'v6.11.1',
     argv: [ '/usr/bin/node', '/opt/www/banana/bin/www' ],
     memoryUsage: 
      { rss: 39133184,
        heapTotal: 22020096,
        heapUsed: 17926904,
        external: 388048 } },
  os: 
   { loadavg: [ 0.1865234375, 0.20947265625, 0.22021484375 ],
     uptime: 30245040 },
  trace: 
   [ { column: 34,
       file: '/opt/www/banana/common/db_helper.js',
       function: null,
       line: 45,
       method: null,
       native: false },
     { column: 9,
       file: '/opt/www/banana/node_modules/mysql/lib/Pool.js',
       function: 'Handshake.onConnect',
       line: 58,
       method: 'onConnect',
       native: false },
     { column: 24,
       file: '/opt/www/banana/node_modules/mysql/lib/protocol/sequences/Sequence.js',
       function: 'Handshake.Sequence.end',
       line: 88,
       method: 'end',
       native: false },
     { column: 14,
       file: '/opt/www/banana/node_modules/mysql/lib/protocol/Protocol.js',
       function: 'Protocol.handleNetworkError',
       line: 363,
       method: 'handleNetworkError',
       native: false },
     { column: 18,
       file: '/opt/www/banana/node_modules/mysql/lib/Connection.js',
       function: 'PoolConnection.Connection._handleNetworkError',
       line: 428,
       method: '_handleNetworkError',
       native: false },
     { column: 8,
       file: '/opt/www/banana/node_modules/mysql/lib/Connection.js',
       function: 'PoolConnection.Connection._handleConnectTimeout',
       line: 424,
       method: '_handleConnectTimeout',
       native: false },
     { column: 16,
       file: 'events.js',
       function: 'Socket.g',
       line: 292,
       method: 'g',
       native: false },
     { column: 13,
       file: 'events.js',
       function: 'emitNone',
       line: 86,
       method: null,
       native: false },
     { column: 7,
       file: 'events.js',
       function: 'Socket.emit',
       line: 185,
       method: 'emit',
       native: false },
     { column: 8,
       file: 'net.js',
       function: 'Socket._onTimeout',
       line: 338,
       method: '_onTimeout',
       native: false } ],
  stack: 
   [ 'TypeError: Cannot read property \'release\' of undefined',
     '    at /opt/www/banana/common/db_helper.js:45:34',
     '    at Handshake.onConnect (/opt/www/banana/node_modules/mysql/lib/Pool.js:58:9)',
     '    at Handshake.Sequence.end (/opt/www/banana/node_modules/mysql/lib/protocol/sequences/Sequence.js:88:24)',
     '    at Protocol.handleNetworkError (/opt/www/banana/node_modules/mysql/lib/protocol/Protocol.js:363:14)',
     '    at PoolConnection.Connection._handleNetworkError (/opt/www/banana/node_modules/mysql/lib/Connection.js:428:18)',
     '    at PoolConnection.Connection._handleConnectTimeout (/opt/www/banana/node_modules/mysql/lib/Connection.js:424:8)',
     '    at Socket.g (events.js:292:16)',
     '    at emitNone (events.js:86:13)',
     '    at Socket.emit (events.js:185:7)',
     '    at Socket._onTimeout (net.js:338:8)' ] }
2017-10-18 09:14:06.410 [pid:6540] - error: uncaughtException: Cannot read property 'release' of undefined 
{ date: 'Wed Oct 18 2017 09:14:06 GMT-0400 (EDT)',
  process: 
   { pid: 6540,
     uid: 0,
     gid: 0,
     cwd: '/opt/www/banana',
     execPath: '/usr/bin/node',
     version: 'v6.11.1',
     argv: [ '/usr/bin/node', '/opt/www/banana/bin/www' ],
     memoryUsage: 
      { rss: 47104000,
        heapTotal: 20971520,
        heapUsed: 15799488,
        external: 325045 } },
  os: 
   { loadavg: [ 0.30078125, 0.2216796875, 0.216796875 ],
     uptime: 30248889 },
  trace: 
   [ { column: 34,
       file: '/opt/www/banana/common/db_helper.js',
       function: null,
       line: 45,
       method: null,
       native: false },
     { column: 9,
       file: '/opt/www/banana/node_modules/mysql/lib/Pool.js',
       function: 'Handshake.onConnect',
       line: 58,
       method: 'onConnect',
       native: false },
     { column: 24,
       file: '/opt/www/banana/node_modules/mysql/lib/protocol/sequences/Sequence.js',
       function: 'Handshake.Sequence.end',
       line: 88,
       method: 'end',
       native: false },
     { column: 14,
       file: '/opt/www/banana/node_modules/mysql/lib/protocol/Protocol.js',
       function: 'Protocol.handleNetworkError',
       line: 363,
       method: 'handleNetworkError',
       native: false },
     { column: 18,
       file: '/opt/www/banana/node_modules/mysql/lib/Connection.js',
       function: 'PoolConnection.Connection._handleNetworkError',
       line: 428,
       method: '_handleNetworkError',
       native: false },
     { column: 8,
       file: '/opt/www/banana/node_modules/mysql/lib/Connection.js',
       function: 'PoolConnection.Connection._handleConnectTimeout',
       line: 424,
       method: '_handleConnectTimeout',
       native: false },
     { column: 16,
       file: 'events.js',
       function: 'Socket.g',
       line: 292,
       method: 'g',
       native: false },
     { column: 13,
       file: 'events.js',
       function: 'emitNone',
       line: 86,
       method: null,
       native: false },
     { column: 7,
       file: 'events.js',
       function: 'Socket.emit',
       line: 185,
       method: 'emit',
       native: false },
     { column: 8,
       file: 'net.js',
       function: 'Socket._onTimeout',
       line: 338,
       method: '_onTimeout',
       native: false } ],
  stack: 
   [ 'TypeError: Cannot read property \'release\' of undefined',
     '    at /opt/www/banana/common/db_helper.js:45:34',
     '    at Handshake.onConnect (/opt/www/banana/node_modules/mysql/lib/Pool.js:58:9)',
     '    at Handshake.Sequence.end (/opt/www/banana/node_modules/mysql/lib/protocol/sequences/Sequence.js:88:24)',
     '    at Protocol.handleNetworkError (/opt/www/banana/node_modules/mysql/lib/protocol/Protocol.js:363:14)',
     '    at PoolConnection.Connection._handleNetworkError (/opt/www/banana/node_modules/mysql/lib/Connection.js:428:18)',
     '    at PoolConnection.Connection._handleConnectTimeout (/opt/www/banana/node_modules/mysql/lib/Connection.js:424:8)',
     '    at Socket.g (events.js:292:16)',
     '    at emitNone (events.js:86:13)',
     '    at Socket.emit (events.js:185:7)',
     '    at Socket._onTimeout (net.js:338:8)' ] }
2017-10-18 09:16:54.201 [pid:8570] - error: uncaughtException: Cannot read property 'release' of undefined 
{ date: 'Wed Oct 18 2017 09:16:54 GMT-0400 (EDT)',
  process: 
   { pid: 8570,
     uid: 0,
     gid: 0,
     cwd: '/opt/www/banana',
     execPath: '/usr/bin/node',
     version: 'v6.11.1',
     argv: [ '/usr/bin/node', '/opt/www/banana/bin/www' ],
     memoryUsage: 
      { rss: 46133248,
        heapTotal: 22020096,
        heapUsed: 17910504,
        external: 198497 } },
  os: 
   { loadavg: [ 0.3466796875, 0.24609375, 0.23046875 ],
     uptime: 30249057 },
  trace: 
   [ { column: 34,
       file: '/opt/www/banana/common/db_helper.js',
       function: null,
       line: 45,
       method: null,
       native: false },
     { column: 9,
       file: '/opt/www/banana/node_modules/mysql/lib/Pool.js',
       function: 'Handshake.onConnect',
       line: 58,
       method: 'onConnect',
       native: false },
     { column: 24,
       file: '/opt/www/banana/node_modules/mysql/lib/protocol/sequences/Sequence.js',
       function: 'Handshake.Sequence.end',
       line: 88,
       method: 'end',
       native: false },
     { column: 14,
       file: '/opt/www/banana/node_modules/mysql/lib/protocol/Protocol.js',
       function: 'Protocol.handleNetworkError',
       line: 363,
       method: 'handleNetworkError',
       native: false },
     { column: 18,
       file: '/opt/www/banana/node_modules/mysql/lib/Connection.js',
       function: 'PoolConnection.Connection._handleNetworkError',
       line: 428,
       method: '_handleNetworkError',
       native: false },
     { column: 8,
       file: '/opt/www/banana/node_modules/mysql/lib/Connection.js',
       function: 'PoolConnection.Connection._handleConnectTimeout',
       line: 424,
       method: '_handleConnectTimeout',
       native: false },
     { column: 16,
       file: 'events.js',
       function: 'Socket.g',
       line: 292,
       method: 'g',
       native: false },
     { column: 13,
       file: 'events.js',
       function: 'emitNone',
       line: 86,
       method: null,
       native: false },
     { column: 7,
       file: 'events.js',
       function: 'Socket.emit',
       line: 185,
       method: 'emit',
       native: false },
     { column: 8,
       file: 'net.js',
       function: 'Socket._onTimeout',
       line: 338,
       method: '_onTimeout',
       native: false } ],
  stack: 
   [ 'TypeError: Cannot read property \'release\' of undefined',
     '    at /opt/www/banana/common/db_helper.js:45:34',
     '    at Handshake.onConnect (/opt/www/banana/node_modules/mysql/lib/Pool.js:58:9)',
     '    at Handshake.Sequence.end (/opt/www/banana/node_modules/mysql/lib/protocol/sequences/Sequence.js:88:24)',
     '    at Protocol.handleNetworkError (/opt/www/banana/node_modules/mysql/lib/protocol/Protocol.js:363:14)',
     '    at PoolConnection.Connection._handleNetworkError (/opt/www/banana/node_modules/mysql/lib/Connection.js:428:18)',
     '    at PoolConnection.Connection._handleConnectTimeout (/opt/www/banana/node_modules/mysql/lib/Connection.js:424:8)',
     '    at Socket.g (events.js:292:16)',
     '    at emitNone (events.js:86:13)',
     '    at Socket.emit (events.js:185:7)',
     '    at Socket._onTimeout (net.js:338:8)' ] }
2017-10-18 09:17:18.457 [pid:13035] - error: uncaughtException: Cannot read property 'release' of undefined 
{ date: 'Wed Oct 18 2017 09:17:18 GMT-0400 (EDT)',
  process: 
   { pid: 13035,
     uid: 0,
     gid: 0,
     cwd: '/opt/www/banana',
     execPath: '/usr/bin/node',
     version: 'v6.11.1',
     argv: [ '/usr/bin/node', '/opt/www/banana/bin/www' ],
     memoryUsage: 
      { rss: 54042624,
        heapTotal: 36700160,
        heapUsed: 20893504,
        external: 7302683 } },
  os: 
   { loadavg: [ 0.30224609375, 0.2431640625, 0.22900390625 ],
     uptime: 30249081 },
  trace: 
   [ { column: 34,
       file: '/opt/www/banana/common/db_helper.js',
       function: null,
       line: 45,
       method: null,
       native: false },
     { column: 9,
       file: '/opt/www/banana/node_modules/mysql/lib/Pool.js',
       function: 'Handshake.onConnect',
       line: 58,
       method: 'onConnect',
       native: false },
     { column: 24,
       file: '/opt/www/banana/node_modules/mysql/lib/protocol/sequences/Sequence.js',
       function: 'Handshake.Sequence.end',
       line: 88,
       method: 'end',
       native: false },
     { column: 14,
       file: '/opt/www/banana/node_modules/mysql/lib/protocol/Protocol.js',
       function: 'Protocol.handleNetworkError',
       line: 363,
       method: 'handleNetworkError',
       native: false },
     { column: 18,
       file: '/opt/www/banana/node_modules/mysql/lib/Connection.js',
       function: 'PoolConnection.Connection._handleNetworkError',
       line: 428,
       method: '_handleNetworkError',
       native: false },
     { column: 8,
       file: '/opt/www/banana/node_modules/mysql/lib/Connection.js',
       function: 'PoolConnection.Connection._handleConnectTimeout',
       line: 424,
       method: '_handleConnectTimeout',
       native: false },
     { column: 16,
       file: 'events.js',
       function: 'Socket.g',
       line: 292,
       method: 'g',
       native: false },
     { column: 13,
       file: 'events.js',
       function: 'emitNone',
       line: 86,
       method: null,
       native: false },
     { column: 7,
       file: 'events.js',
       function: 'Socket.emit',
       line: 185,
       method: 'emit',
       native: false },
     { column: 8,
       file: 'net.js',
       function: 'Socket._onTimeout',
       line: 338,
       method: '_onTimeout',
       native: false } ],
  stack: 
   [ 'TypeError: Cannot read property \'release\' of undefined',
     '    at /opt/www/banana/common/db_helper.js:45:34',
     '    at Handshake.onConnect (/opt/www/banana/node_modules/mysql/lib/Pool.js:58:9)',
     '    at Handshake.Sequence.end (/opt/www/banana/node_modules/mysql/lib/protocol/sequences/Sequence.js:88:24)',
     '    at Protocol.handleNetworkError (/opt/www/banana/node_modules/mysql/lib/protocol/Protocol.js:363:14)',
     '    at PoolConnection.Connection._handleNetworkError (/opt/www/banana/node_modules/mysql/lib/Connection.js:428:18)',
     '    at PoolConnection.Connection._handleConnectTimeout (/opt/www/banana/node_modules/mysql/lib/Connection.js:424:8)',
     '    at Socket.g (events.js:292:16)',
     '    at emitNone (events.js:86:13)',
     '    at Socket.emit (events.js:185:7)',
     '    at Socket._onTimeout (net.js:338:8)' ] }
