2017-10-05 11:07:08.913 [pid:31753] - debug: ------------ client connection ------------
2017-10-05 11:07:08.914 [pid:31753] - debug: [Process Id] 31753
2017-10-05 11:07:08.915 [pid:31753] - debug: [ip] ::ffff:221.149.194.196
2017-10-05 11:07:08.915 [pid:31753] - debug: [CLIENT INFO] Windows 10.0 / Chrome (61.0.3163.100) / Microsoft Windows
2017-10-05 11:07:08.916 [pid:31753] - debug: [HTTP GET] http://node4.mas-i.com/adgroups
2017-10-05 11:07:08.922 [pid:31753] - debug: ------------ client connection ------------
2017-10-05 11:07:08.923 [pid:31753] - debug: [Process Id] 31753
2017-10-05 11:07:08.923 [pid:31753] - debug: [ip] ::ffff:221.149.194.196
2017-10-05 11:07:08.923 [pid:31753] - debug: [CLIENT INFO] Windows 10.0 / Chrome (61.0.3163.100) / Microsoft Windows
2017-10-05 11:07:08.924 [pid:31753] - debug: [HTTP GET] http://node4.mas-i.com/ads
2017-10-05 11:07:08.927 [pid:31753] - debug: getAdgroupList 컨트롤러 실행
2017-10-05 11:07:08.927 [pid:31753] - debug: SELECTAdgroup 실행
2017-10-05 11:07:08.930 [pid:31753] - debug: getAdList 컨트롤러 실행
2017-10-05 11:07:08.931 [pid:31753] - debug: [HTTP GET PARAMS] adgroup_id=false
2017-10-05 11:07:08.931 [pid:31753] - debug: SELECTAd 실행
2017-10-05 11:07:09.073 [pid:31753] - debug: [DB 접속됨 threadId = 182637]
2017-10-05 11:07:09.074 [pid:31753] - debug: [DB 임대됨 threadId = 182637]
2017-10-05 11:07:09.075 [pid:31753] - debug: 클로즈!
2017-10-05 11:07:09.075 [pid:31753] - debug: [DB 반납됨 threadId = 182637]
2017-10-05 11:07:09.077 [pid:31753] - sql: [threadId=182637] SELECT * FROM naver_shopping_adgroup
2017-10-05 11:07:09.077 [pid:31753] - sql: selected data: 
2017-10-05 11:07:09.078 [pid:31753] - debug: [STATUS 200] OK-SUCCESS
2017-10-05 11:07:09.081 [pid:31753] - debug: ---------- client disconnection ------------
2017-10-05 11:07:09.082 [pid:31753] - debug: runtime=174ms
2017-10-05 11:07:09.082 [pid:31753] - debug: 
2017-10-05 11:07:09.083 [pid:31753] - debug: [DB 접속됨 threadId = 182638]
2017-10-05 11:07:09.083 [pid:31753] - debug: [DB 임대됨 threadId = 182638]
2017-10-05 11:07:09.084 [pid:31753] - debug: 클로즈!
2017-10-05 11:07:09.084 [pid:31753] - debug: [DB 반납됨 threadId = 182638]
2017-10-05 11:07:09.086 [pid:31753] - sql: [threadId=182638] SELECT * FROM naver_shopping_ad WHERE adgroup_id = false
2017-10-05 11:07:09.086 [pid:31753] - sql: selected data: 
2017-10-05 11:07:09.087 [pid:31753] - debug: [STATUS 200] OK-SUCCESS
2017-10-05 11:07:09.088 [pid:31753] - debug: ---------- client disconnection ------------
2017-10-05 11:07:09.088 [pid:31753] - debug: runtime=166ms
2017-10-05 11:07:09.089 [pid:31753] - debug: 
2017-10-05 11:07:09.094 [pid:31753] - debug: ------------ client connection ------------
2017-10-05 11:07:09.094 [pid:31753] - debug: [Process Id] 31753
2017-10-05 11:07:09.095 [pid:31753] - debug: [ip] ::ffff:221.149.194.196
2017-10-05 11:07:09.095 [pid:31753] - debug: [CLIENT INFO] Windows 10.0 / Chrome (61.0.3163.100) / Microsoft Windows
2017-10-05 11:07:09.095 [pid:31753] - debug: [HTTP GET] http://node4.mas-i.com/adgroups
2017-10-05 11:07:09.095 [pid:31753] - debug: getAdgroupList 컨트롤러 실행
2017-10-05 11:07:09.096 [pid:31753] - debug: SELECTAdgroup 실행
2017-10-05 11:07:09.097 [pid:31753] - debug: [DB 임대됨 threadId = 182637]
2017-10-05 11:07:09.097 [pid:31753] - debug: 클로즈!
2017-10-05 11:07:09.097 [pid:31753] - debug: [DB 반납됨 threadId = 182637]
2017-10-05 11:07:09.098 [pid:31753] - sql: [threadId=182637] SELECT * FROM naver_shopping_adgroup
2017-10-05 11:07:09.098 [pid:31753] - sql: selected data: 
2017-10-05 11:07:09.098 [pid:31753] - debug: [STATUS 200] OK-SUCCESS
2017-10-05 11:07:09.099 [pid:31753] - debug: ---------- client disconnection ------------
2017-10-05 11:07:09.099 [pid:31753] - debug: runtime=5ms
2017-10-05 11:07:09.099 [pid:31753] - debug: 
2017-10-05 11:07:15.799 [pid:31753] - debug: ------------ client connection ------------
2017-10-05 11:07:15.800 [pid:31753] - debug: [Process Id] 31753
2017-10-05 11:07:15.800 [pid:31753] - debug: [ip] ::ffff:221.149.194.196
2017-10-05 11:07:15.801 [pid:31753] - debug: [CLIENT INFO] Windows 10.0 / Chrome (61.0.3163.100) / Microsoft Windows
2017-10-05 11:07:15.801 [pid:31753] - debug: [HTTP GET] http://node4.mas-i.com/adgroups
2017-10-05 11:07:15.802 [pid:31753] - debug: getAdgroupList 컨트롤러 실행
2017-10-05 11:07:15.802 [pid:31753] - debug: SELECTAdgroup 실행
2017-10-05 11:07:15.803 [pid:31753] - debug: [DB 임대됨 threadId = 182638]
2017-10-05 11:07:15.803 [pid:31753] - debug: 클로즈!
2017-10-05 11:07:15.804 [pid:31753] - debug: [DB 반납됨 threadId = 182638]
2017-10-05 11:07:15.805 [pid:31753] - sql: [threadId=182638] SELECT * FROM naver_shopping_adgroup
2017-10-05 11:07:15.805 [pid:31753] - sql: selected data: 
2017-10-05 11:07:15.805 [pid:31753] - debug: [STATUS 200] OK-SUCCESS
2017-10-05 11:07:15.806 [pid:31753] - debug: ---------- client disconnection ------------
2017-10-05 11:07:15.810 [pid:31753] - debug: runtime=7ms
2017-10-05 11:07:15.812 [pid:31753] - debug: 
2017-10-05 11:07:15.812 [pid:31753] - debug: ------------ client connection ------------
2017-10-05 11:07:15.812 [pid:31753] - debug: [Process Id] 31753
2017-10-05 11:07:15.812 [pid:31753] - debug: [ip] ::ffff:221.149.194.196
2017-10-05 11:07:15.813 [pid:31753] - debug: [CLIENT INFO] Windows 10.0 / Chrome (61.0.3163.100) / Microsoft Windows
2017-10-05 11:07:15.813 [pid:31753] - debug: [HTTP GET] http://node4.mas-i.com/ads
2017-10-05 11:07:15.813 [pid:31753] - debug: getAdList 컨트롤러 실행
2017-10-05 11:07:15.813 [pid:31753] - debug: [HTTP GET PARAMS] adgroup_id=false
2017-10-05 11:07:15.813 [pid:31753] - debug: SELECTAd 실행
2017-10-05 11:07:15.814 [pid:31753] - debug: [DB 임대됨 threadId = 182637]
2017-10-05 11:07:15.814 [pid:31753] - debug: 클로즈!
2017-10-05 11:07:15.814 [pid:31753] - debug: [DB 반납됨 threadId = 182637]
2017-10-05 11:07:15.815 [pid:31753] - sql: [threadId=182637] SELECT * FROM naver_shopping_ad WHERE adgroup_id = false
2017-10-05 11:07:15.816 [pid:31753] - sql: selected data: 
2017-10-05 11:07:15.816 [pid:31753] - debug: [STATUS 200] OK-SUCCESS
2017-10-05 11:07:15.817 [pid:31753] - debug: ---------- client disconnection ------------
2017-10-05 11:07:15.817 [pid:31753] - debug: runtime=5ms
2017-10-05 11:07:15.818 [pid:31753] - debug: 
2017-10-05 11:07:15.819 [pid:31753] - debug: ------------ client connection ------------
2017-10-05 11:07:15.819 [pid:31753] - debug: [Process Id] 31753
2017-10-05 11:07:15.820 [pid:31753] - debug: [ip] ::ffff:221.149.194.196
2017-10-05 11:07:15.820 [pid:31753] - debug: [CLIENT INFO] Windows 10.0 / Chrome (61.0.3163.100) / Microsoft Windows
2017-10-05 11:07:15.820 [pid:31753] - debug: [HTTP GET] http://node4.mas-i.com/adgroups
2017-10-05 11:07:15.820 [pid:31753] - debug: getAdgroupList 컨트롤러 실행
2017-10-05 11:07:15.820 [pid:31753] - debug: SELECTAdgroup 실행
2017-10-05 11:07:15.821 [pid:31753] - debug: [DB 임대됨 threadId = 182638]
2017-10-05 11:07:15.822 [pid:31753] - debug: 클로즈!
2017-10-05 11:07:15.822 [pid:31753] - debug: [DB 반납됨 threadId = 182638]
2017-10-05 11:07:15.823 [pid:31753] - sql: [threadId=182638] SELECT * FROM naver_shopping_adgroup
2017-10-05 11:07:15.823 [pid:31753] - sql: selected data: 
2017-10-05 11:07:15.823 [pid:31753] - debug: [STATUS 200] OK-SUCCESS
2017-10-05 11:07:15.824 [pid:31753] - debug: ---------- client disconnection ------------
2017-10-05 11:07:15.824 [pid:31753] - debug: runtime=5ms
2017-10-05 11:07:15.824 [pid:31753] - debug: 
2017-10-05 11:07:32.769 [pid:31753] - debug: ------------ client connection ------------
2017-10-05 11:07:32.770 [pid:31753] - debug: [Process Id] 31753
2017-10-05 11:07:32.770 [pid:31753] - debug: [ip] ::ffff:221.149.194.196
2017-10-05 11:07:32.770 [pid:31753] - debug: [CLIENT INFO] Windows 10.0 / Chrome (61.0.3163.100) / Microsoft Windows
2017-10-05 11:07:32.770 [pid:31753] - debug: [HTTP GET] http://node4.mas-i.com/adgroups
2017-10-05 11:07:32.771 [pid:31753] - debug: getAdgroupList 컨트롤러 실행
2017-10-05 11:07:32.771 [pid:31753] - debug: SELECTAdgroup 실행
2017-10-05 11:07:32.772 [pid:31753] - debug: [DB 임대됨 threadId = 182637]
2017-10-05 11:07:32.772 [pid:31753] - debug: 클로즈!
2017-10-05 11:07:32.772 [pid:31753] - debug: [DB 반납됨 threadId = 182637]
2017-10-05 11:07:32.774 [pid:31753] - sql: [threadId=182637] SELECT * FROM naver_shopping_adgroup
2017-10-05 11:07:32.775 [pid:31753] - sql: selected data: 
2017-10-05 11:07:32.775 [pid:31753] - debug: [STATUS 200] OK-SUCCESS
2017-10-05 11:07:32.776 [pid:31753] - debug: ---------- client disconnection ------------
2017-10-05 11:07:32.776 [pid:31753] - debug: runtime=8ms
2017-10-05 11:07:32.776 [pid:31753] - debug: 
2017-10-05 11:07:32.778 [pid:31753] - debug: ------------ client connection ------------
2017-10-05 11:07:32.779 [pid:31753] - debug: [Process Id] 31753
2017-10-05 11:07:32.779 [pid:31753] - debug: [ip] ::ffff:221.149.194.196
2017-10-05 11:07:32.779 [pid:31753] - debug: [CLIENT INFO] Windows 10.0 / Chrome (61.0.3163.100) / Microsoft Windows
2017-10-05 11:07:32.780 [pid:31753] - debug: [HTTP GET] http://node4.mas-i.com/ads
2017-10-05 11:07:32.780 [pid:31753] - debug: getAdList 컨트롤러 실행
2017-10-05 11:07:32.780 [pid:31753] - debug: [HTTP GET PARAMS] adgroup_id=false
2017-10-05 11:07:32.781 [pid:31753] - debug: SELECTAd 실행
2017-10-05 11:07:32.782 [pid:31753] - debug: [DB 임대됨 threadId = 182638]
2017-10-05 11:07:32.782 [pid:31753] - debug: 클로즈!
2017-10-05 11:07:32.782 [pid:31753] - debug: [DB 반납됨 threadId = 182638]
2017-10-05 11:07:32.784 [pid:31753] - sql: [threadId=182638] SELECT * FROM naver_shopping_ad WHERE adgroup_id = false
2017-10-05 11:07:32.784 [pid:31753] - sql: selected data: 
2017-10-05 11:07:32.785 [pid:31753] - debug: [STATUS 200] OK-SUCCESS
2017-10-05 11:07:32.786 [pid:31753] - debug: ---------- client disconnection ------------
2017-10-05 11:07:32.787 [pid:31753] - debug: runtime=8ms
2017-10-05 11:07:32.788 [pid:31753] - debug: 
2017-10-05 11:07:32.813 [pid:31753] - debug: ------------ client connection ------------
2017-10-05 11:07:32.813 [pid:31753] - debug: [Process Id] 31753
2017-10-05 11:07:32.813 [pid:31753] - debug: [ip] ::ffff:221.149.194.196
2017-10-05 11:07:32.814 [pid:31753] - debug: [CLIENT INFO] Windows 10.0 / Chrome (61.0.3163.100) / Microsoft Windows
2017-10-05 11:07:32.814 [pid:31753] - debug: [HTTP GET] http://node4.mas-i.com/adgroups
2017-10-05 11:07:32.815 [pid:31753] - debug: getAdgroupList 컨트롤러 실행
2017-10-05 11:07:32.815 [pid:31753] - debug: SELECTAdgroup 실행
2017-10-05 11:07:32.816 [pid:31753] - debug: [DB 임대됨 threadId = 182637]
2017-10-05 11:07:32.817 [pid:31753] - debug: 클로즈!
2017-10-05 11:07:32.817 [pid:31753] - debug: [DB 반납됨 threadId = 182637]
2017-10-05 11:07:32.819 [pid:31753] - sql: [threadId=182637] SELECT * FROM naver_shopping_adgroup
2017-10-05 11:07:32.819 [pid:31753] - sql: selected data: 
2017-10-05 11:07:32.819 [pid:31753] - debug: [STATUS 200] OK-SUCCESS
2017-10-05 11:07:32.820 [pid:31753] - debug: ---------- client disconnection ------------
2017-10-05 11:07:32.820 [pid:31753] - debug: runtime=8ms
2017-10-05 11:07:32.821 [pid:31753] - debug: 
2017-10-05 11:07:48.788 [pid:31753] - debug: ------------ client connection ------------
2017-10-05 11:07:48.789 [pid:31753] - debug: [Process Id] 31753
2017-10-05 11:07:48.789 [pid:31753] - debug: [ip] ::ffff:221.149.194.196
2017-10-05 11:07:48.790 [pid:31753] - debug: [CLIENT INFO] Windows 10.0 / Chrome (61.0.3163.100) / Microsoft Windows
2017-10-05 11:07:48.790 [pid:31753] - debug: [HTTP OPTIONS] http://node4.mas-i.com/ads
2017-10-05 11:07:48.792 [pid:31753] - debug: ---------- client disconnection ------------
2017-10-05 11:07:48.792 [pid:31753] - debug: runtime=5ms
2017-10-05 11:07:48.793 [pid:31753] - debug: 
2017-10-05 11:07:48.815 [pid:31753] - debug: ------------ client connection ------------
2017-10-05 11:07:48.816 [pid:31753] - debug: [Process Id] 31753
2017-10-05 11:07:48.817 [pid:31753] - debug: [ip] ::ffff:221.149.194.196
2017-10-05 11:07:48.817 [pid:31753] - debug: [CLIENT INFO] Windows 10.0 / Chrome (61.0.3163.100) / Microsoft Windows
2017-10-05 11:07:48.817 [pid:31753] - debug: [HTTP PUT] http://node4.mas-i.com/ads
2017-10-05 11:07:48.829 [pid:31753] - debug: [HTTP PUT PARAMS] data=false
2017-10-05 11:07:48.830 [pid:31753] - debug: putAdgroupBiddingList 컨트롤러 실행
2017-10-05 11:07:48.831 [pid:31753] - error: 에러 :  TypeError: Cannot read property 'map' of undefined
    at Object.module.exports.putAdgroupBiddingList (/opt/www/banana/controllers/adgroup_controller.js:62:36)
    at /opt/www/banana/routes/index.js:93:38
    at process._tickCallback (internal/process/next_tick.js:109:7)
2017-10-05 11:07:48.832 [pid:31753] - error: [STATUS 500] Server Error-TypeError: Cannot read property 'map' of undefined
2017-10-05 11:07:48.833 [pid:31753] - debug: ---------- client disconnection ------------
2017-10-05 11:07:48.833 [pid:31753] - debug: runtime=18ms
2017-10-05 11:07:48.833 [pid:31753] - debug: 
2017-10-05 11:09:42.002 [pid:31753] - debug: ------------ client connection ------------
2017-10-05 11:09:42.002 [pid:31753] - debug: [Process Id] 31753
2017-10-05 11:09:42.002 [pid:31753] - debug: [ip] ::ffff:123.59.78.122
2017-10-05 11:09:42.002 [pid:31753] - debug: [CLIENT INFO] unknown / unknown (undefined) / unknown
2017-10-05 11:09:42.002 [pid:31753] - debug: [HTTP GET] http://121.124.124.178:80/
2017-10-05 11:09:42.006 [pid:31753] - debug: ---------- client disconnection ------------
2017-10-05 11:09:42.007 [pid:31753] - debug: runtime=6ms
2017-10-05 11:09:42.007 [pid:31753] - debug: 
2017-10-05 11:09:52.256 [pid:31753] - debug: ------------ client connection ------------
2017-10-05 11:09:52.257 [pid:31753] - debug: [Process Id] 31753
2017-10-05 11:09:52.257 [pid:31753] - debug: [ip] ::ffff:106.75.2.81
2017-10-05 11:09:52.258 [pid:31753] - debug: [CLIENT INFO] Windows 7 / Chrome (21.0.1180.89) / Microsoft Windows
2017-10-05 11:09:52.258 [pid:31753] - debug: [HTTP GET] http://121.124.124.178/
2017-10-05 11:09:52.260 [pid:31753] - debug: ---------- client disconnection ------------
2017-10-05 11:09:52.261 [pid:31753] - debug: runtime=5ms
2017-10-05 11:09:52.261 [pid:31753] - debug: 
2017-10-05 11:10:24.826 [pid:31753] - debug: ------------ client connection ------------
2017-10-05 11:10:24.827 [pid:31753] - debug: [Process Id] 31753
2017-10-05 11:10:24.827 [pid:31753] - debug: [ip] ::ffff:221.149.194.196
2017-10-05 11:10:24.828 [pid:31753] - debug: [CLIENT INFO] Windows 10.0 / Chrome (61.0.3163.100) / Microsoft Windows
2017-10-05 11:10:24.829 [pid:31753] - debug: [HTTP GET] http://node4.mas-i.com/adgroups
2017-10-05 11:10:24.830 [pid:31753] - debug: ------------ client connection ------------
2017-10-05 11:10:24.831 [pid:31753] - debug: [Process Id] 31753
2017-10-05 11:10:24.831 [pid:31753] - debug: [ip] ::ffff:221.149.194.196
2017-10-05 11:10:24.831 [pid:31753] - debug: [CLIENT INFO] Windows 10.0 / Chrome (61.0.3163.100) / Microsoft Windows
2017-10-05 11:10:24.831 [pid:31753] - debug: [HTTP GET] http://node4.mas-i.com/ads
2017-10-05 11:10:24.833 [pid:31753] - debug: getAdgroupList 컨트롤러 실행
2017-10-05 11:10:24.836 [pid:31753] - debug: SELECTAdgroup 실행
2017-10-05 11:10:24.838 [pid:31753] - debug: getAdList 컨트롤러 실행
2017-10-05 11:10:24.838 [pid:31753] - debug: [HTTP GET PARAMS] adgroup_id=false
2017-10-05 11:10:24.838 [pid:31753] - debug: SELECTAd 실행
2017-10-05 11:10:24.840 [pid:31753] - debug: [DB 임대됨 threadId = 182638]
2017-10-05 11:10:24.840 [pid:31753] - debug: 클로즈!
2017-10-05 11:10:24.841 [pid:31753] - debug: [DB 반납됨 threadId = 182638]
2017-10-05 11:10:24.841 [pid:31753] - debug: [DB 임대됨 threadId = 182637]
2017-10-05 11:10:24.842 [pid:31753] - debug: 클로즈!
2017-10-05 11:10:24.843 [pid:31753] - debug: [DB 반납됨 threadId = 182637]
2017-10-05 11:10:24.845 [pid:31753] - sql: [threadId=182638] SELECT * FROM naver_shopping_adgroup
2017-10-05 11:10:24.845 [pid:31753] - sql: selected data: 
2017-10-05 11:10:24.846 [pid:31753] - debug: [STATUS 200] OK-SUCCESS
2017-10-05 11:10:24.847 [pid:31753] - debug: ---------- client disconnection ------------
2017-10-05 11:10:24.847 [pid:31753] - debug: runtime=22ms
2017-10-05 11:10:24.848 [pid:31753] - debug: 
2017-10-05 11:10:24.849 [pid:31753] - sql: [threadId=182637] SELECT * FROM naver_shopping_ad WHERE adgroup_id = false
2017-10-05 11:10:24.849 [pid:31753] - sql: selected data: 
2017-10-05 11:10:24.850 [pid:31753] - debug: [STATUS 200] OK-SUCCESS
2017-10-05 11:10:24.850 [pid:31753] - debug: ---------- client disconnection ------------
2017-10-05 11:10:24.851 [pid:31753] - debug: runtime=20ms
2017-10-05 11:10:24.851 [pid:31753] - debug: 
2017-10-05 11:10:24.867 [pid:31753] - debug: ------------ client connection ------------
2017-10-05 11:10:24.867 [pid:31753] - debug: [Process Id] 31753
2017-10-05 11:10:24.867 [pid:31753] - debug: [ip] ::ffff:221.149.194.196
2017-10-05 11:10:24.867 [pid:31753] - debug: [CLIENT INFO] Windows 10.0 / Chrome (61.0.3163.100) / Microsoft Windows
2017-10-05 11:10:24.867 [pid:31753] - debug: [HTTP GET] http://node4.mas-i.com/adgroups
2017-10-05 11:10:24.870 [pid:31753] - debug: getAdgroupList 컨트롤러 실행
2017-10-05 11:10:24.870 [pid:31753] - debug: SELECTAdgroup 실행
2017-10-05 11:10:24.871 [pid:31753] - debug: [DB 임대됨 threadId = 182638]
2017-10-05 11:10:24.872 [pid:31753] - debug: 클로즈!
2017-10-05 11:10:24.872 [pid:31753] - debug: [DB 반납됨 threadId = 182638]
2017-10-05 11:10:24.873 [pid:31753] - sql: [threadId=182638] SELECT * FROM naver_shopping_adgroup
2017-10-05 11:10:24.873 [pid:31753] - sql: selected data: 
2017-10-05 11:10:24.873 [pid:31753] - debug: [STATUS 200] OK-SUCCESS
2017-10-05 11:10:24.873 [pid:31753] - debug: ---------- client disconnection ------------
2017-10-05 11:10:24.873 [pid:31753] - debug: runtime=6ms
2017-10-05 11:10:24.873 [pid:31753] - debug: 
2017-10-05 11:10:30.638 [pid:31753] - debug: ------------ client connection ------------
2017-10-05 11:10:30.638 [pid:31753] - debug: [Process Id] 31753
2017-10-05 11:10:30.638 [pid:31753] - debug: [ip] ::ffff:221.149.194.196
2017-10-05 11:10:30.639 [pid:31753] - debug: [CLIENT INFO] Windows 10.0 / Chrome (61.0.3163.100) / Microsoft Windows
2017-10-05 11:10:30.639 [pid:31753] - debug: [HTTP GET] http://node4.mas-i.com/adgroups
2017-10-05 11:10:30.640 [pid:31753] - debug: getAdgroupList 컨트롤러 실행
2017-10-05 11:10:30.640 [pid:31753] - debug: SELECTAdgroup 실행
2017-10-05 11:10:30.641 [pid:31753] - debug: [DB 임대됨 threadId = 182637]
2017-10-05 11:10:30.641 [pid:31753] - debug: 클로즈!
2017-10-05 11:10:30.641 [pid:31753] - debug: [DB 반납됨 threadId = 182637]
2017-10-05 11:10:30.642 [pid:31753] - sql: [threadId=182637] SELECT * FROM naver_shopping_adgroup
2017-10-05 11:10:30.642 [pid:31753] - sql: selected data: 
2017-10-05 11:10:30.642 [pid:31753] - debug: [STATUS 200] OK-SUCCESS
2017-10-05 11:10:30.643 [pid:31753] - debug: ---------- client disconnection ------------
2017-10-05 11:10:30.643 [pid:31753] - debug: runtime=6ms
2017-10-05 11:10:30.643 [pid:31753] - debug: 
2017-10-05 11:10:30.661 [pid:31753] - debug: ------------ client connection ------------
2017-10-05 11:10:30.661 [pid:31753] - debug: [Process Id] 31753
2017-10-05 11:10:30.661 [pid:31753] - debug: [ip] ::ffff:221.149.194.196
2017-10-05 11:10:30.661 [pid:31753] - debug: [CLIENT INFO] Windows 10.0 / Chrome (61.0.3163.100) / Microsoft Windows
2017-10-05 11:10:30.662 [pid:31753] - debug: [HTTP GET] http://node4.mas-i.com/ads
2017-10-05 11:10:30.662 [pid:31753] - debug: ------------ client connection ------------
2017-10-05 11:10:30.663 [pid:31753] - debug: [Process Id] 31753
2017-10-05 11:10:30.663 [pid:31753] - debug: [ip] ::ffff:221.149.194.196
2017-10-05 11:10:30.663 [pid:31753] - debug: [CLIENT INFO] Windows 10.0 / Chrome (61.0.3163.100) / Microsoft Windows
2017-10-05 11:10:30.663 [pid:31753] - debug: [HTTP GET] http://node4.mas-i.com/adgroups
2017-10-05 11:10:30.663 [pid:31753] - debug: getAdList 컨트롤러 실행
2017-10-05 11:10:30.663 [pid:31753] - debug: [HTTP GET PARAMS] adgroup_id=false
2017-10-05 11:10:30.664 [pid:31753] - debug: SELECTAd 실행
2017-10-05 11:10:30.664 [pid:31753] - debug: getAdgroupList 컨트롤러 실행
2017-10-05 11:10:30.665 [pid:31753] - debug: SELECTAdgroup 실행
2017-10-05 11:10:30.665 [pid:31753] - debug: [DB 임대됨 threadId = 182638]
2017-10-05 11:10:30.665 [pid:31753] - debug: 클로즈!
2017-10-05 11:10:30.666 [pid:31753] - debug: [DB 반납됨 threadId = 182638]
2017-10-05 11:10:30.666 [pid:31753] - debug: [DB 임대됨 threadId = 182637]
2017-10-05 11:10:30.666 [pid:31753] - debug: 클로즈!
2017-10-05 11:10:30.666 [pid:31753] - debug: [DB 반납됨 threadId = 182637]
2017-10-05 11:10:30.667 [pid:31753] - sql: [threadId=182638] SELECT * FROM naver_shopping_ad WHERE adgroup_id = false
2017-10-05 11:10:30.667 [pid:31753] - sql: selected data: 
2017-10-05 11:10:30.667 [pid:31753] - debug: [STATUS 200] OK-SUCCESS
2017-10-05 11:10:30.667 [pid:31753] - debug: ---------- client disconnection ------------
2017-10-05 11:10:30.667 [pid:31753] - debug: runtime=6ms
2017-10-05 11:10:30.668 [pid:31753] - debug: 
2017-10-05 11:10:30.668 [pid:31753] - sql: [threadId=182637] SELECT * FROM naver_shopping_adgroup
2017-10-05 11:10:30.668 [pid:31753] - sql: selected data: 
2017-10-05 11:10:30.668 [pid:31753] - debug: [STATUS 200] OK-SUCCESS
2017-10-05 11:10:30.668 [pid:31753] - debug: ---------- client disconnection ------------
2017-10-05 11:10:30.669 [pid:31753] - debug: runtime=7ms
2017-10-05 11:10:30.669 [pid:31753] - debug: 
2017-10-05 11:10:46.135 [pid:31753] - debug: ------------ client connection ------------
2017-10-05 11:10:46.136 [pid:31753] - debug: [Process Id] 31753
2017-10-05 11:10:46.136 [pid:31753] - debug: [ip] ::ffff:221.149.194.196
2017-10-05 11:10:46.136 [pid:31753] - debug: [CLIENT INFO] Windows 10.0 / Chrome (61.0.3163.100) / Microsoft Windows
2017-10-05 11:10:46.137 [pid:31753] - debug: [HTTP GET] http://node4.mas-i.com/adgroups
2017-10-05 11:10:46.137 [pid:31753] - debug: getAdgroupList 컨트롤러 실행
2017-10-05 11:10:46.138 [pid:31753] - debug: SELECTAdgroup 실행
2017-10-05 11:10:46.140 [pid:31753] - debug: [DB 임대됨 threadId = 182638]
2017-10-05 11:10:46.140 [pid:31753] - debug: 클로즈!
2017-10-05 11:10:46.140 [pid:31753] - debug: [DB 반납됨 threadId = 182638]
2017-10-05 11:10:46.142 [pid:31753] - sql: [threadId=182638] SELECT * FROM naver_shopping_adgroup
2017-10-05 11:10:46.142 [pid:31753] - sql: selected data: 
2017-10-05 11:10:46.143 [pid:31753] - debug: [STATUS 200] OK-SUCCESS
2017-10-05 11:10:46.143 [pid:31753] - debug: ---------- client disconnection ------------
2017-10-05 11:10:46.144 [pid:31753] - debug: runtime=9ms
2017-10-05 11:10:46.144 [pid:31753] - debug: 
2017-10-05 11:10:46.145 [pid:31753] - debug: ------------ client connection ------------
2017-10-05 11:10:46.146 [pid:31753] - debug: [Process Id] 31753
2017-10-05 11:10:46.146 [pid:31753] - debug: [ip] ::ffff:221.149.194.196
2017-10-05 11:10:46.146 [pid:31753] - debug: [CLIENT INFO] Windows 10.0 / Chrome (61.0.3163.100) / Microsoft Windows
2017-10-05 11:10:46.146 [pid:31753] - debug: [HTTP GET] http://node4.mas-i.com/ads
2017-10-05 11:10:46.147 [pid:31753] - debug: getAdList 컨트롤러 실행
2017-10-05 11:10:46.147 [pid:31753] - debug: [HTTP GET PARAMS] adgroup_id=false
2017-10-05 11:10:46.147 [pid:31753] - debug: SELECTAd 실행
2017-10-05 11:10:46.148 [pid:31753] - debug: [DB 임대됨 threadId = 182637]
2017-10-05 11:10:46.148 [pid:31753] - debug: 클로즈!
2017-10-05 11:10:46.148 [pid:31753] - debug: [DB 반납됨 threadId = 182637]
2017-10-05 11:10:46.149 [pid:31753] - sql: [threadId=182637] SELECT * FROM naver_shopping_ad WHERE adgroup_id = false
2017-10-05 11:10:46.150 [pid:31753] - sql: selected data: 
2017-10-05 11:10:46.150 [pid:31753] - debug: [STATUS 200] OK-SUCCESS
2017-10-05 11:10:46.150 [pid:31753] - debug: ---------- client disconnection ------------
2017-10-05 11:10:46.150 [pid:31753] - debug: runtime=5ms
2017-10-05 11:10:46.150 [pid:31753] - debug: 
2017-10-05 11:10:46.157 [pid:31753] - debug: ------------ client connection ------------
2017-10-05 11:10:46.157 [pid:31753] - debug: [Process Id] 31753
2017-10-05 11:10:46.157 [pid:31753] - debug: [ip] ::ffff:221.149.194.196
2017-10-05 11:10:46.157 [pid:31753] - debug: [CLIENT INFO] Windows 10.0 / Chrome (61.0.3163.100) / Microsoft Windows
2017-10-05 11:10:46.157 [pid:31753] - debug: [HTTP GET] http://node4.mas-i.com/adgroups
2017-10-05 11:10:46.157 [pid:31753] - debug: getAdgroupList 컨트롤러 실행
2017-10-05 11:10:46.157 [pid:31753] - debug: SELECTAdgroup 실행
2017-10-05 11:10:46.158 [pid:31753] - debug: [DB 임대됨 threadId = 182638]
2017-10-05 11:10:46.158 [pid:31753] - debug: 클로즈!
2017-10-05 11:10:46.158 [pid:31753] - debug: [DB 반납됨 threadId = 182638]
2017-10-05 11:10:46.160 [pid:31753] - sql: [threadId=182638] SELECT * FROM naver_shopping_adgroup
2017-10-05 11:10:46.161 [pid:31753] - sql: selected data: 
2017-10-05 11:10:46.162 [pid:31753] - debug: [STATUS 200] OK-SUCCESS
2017-10-05 11:10:46.162 [pid:31753] - debug: ---------- client disconnection ------------
2017-10-05 11:10:46.162 [pid:31753] - debug: runtime=5ms
2017-10-05 11:10:46.163 [pid:31753] - debug: 
2017-10-05 11:13:19.042 [pid:31753] - debug: ------------ client connection ------------
2017-10-05 11:13:19.042 [pid:31753] - debug: [Process Id] 31753
2017-10-05 11:13:19.043 [pid:31753] - debug: [ip] ::ffff:221.149.194.196
2017-10-05 11:13:19.043 [pid:31753] - debug: [CLIENT INFO] Windows 10.0 / Chrome (61.0.3163.100) / Microsoft Windows
2017-10-05 11:13:19.044 [pid:31753] - debug: [HTTP GET] http://node4.mas-i.com/adgroups
2017-10-05 11:13:19.044 [pid:31753] - debug: getAdgroupList 컨트롤러 실행
2017-10-05 11:13:19.045 [pid:31753] - debug: SELECTAdgroup 실행
2017-10-05 11:13:19.046 [pid:31753] - debug: ------------ client connection ------------
2017-10-05 11:13:19.046 [pid:31753] - debug: [Process Id] 31753
2017-10-05 11:13:19.046 [pid:31753] - debug: [ip] ::ffff:221.149.194.196
2017-10-05 11:13:19.046 [pid:31753] - debug: [CLIENT INFO] Windows 10.0 / Chrome (61.0.3163.100) / Microsoft Windows
2017-10-05 11:13:19.046 [pid:31753] - debug: [HTTP GET] http://node4.mas-i.com/ads
2017-10-05 11:13:19.047 [pid:31753] - debug: [DB 임대됨 threadId = 182637]
2017-10-05 11:13:19.047 [pid:31753] - debug: 클로즈!
2017-10-05 11:13:19.047 [pid:31753] - debug: [DB 반납됨 threadId = 182637]
2017-10-05 11:13:19.047 [pid:31753] - debug: getAdList 컨트롤러 실행
2017-10-05 11:13:19.047 [pid:31753] - debug: [HTTP GET PARAMS] adgroup_id=false
2017-10-05 11:13:19.047 [pid:31753] - debug: SELECTAd 실행
2017-10-05 11:13:19.048 [pid:31753] - debug: [DB 임대됨 threadId = 182638]
2017-10-05 11:13:19.048 [pid:31753] - debug: 클로즈!
2017-10-05 11:13:19.048 [pid:31753] - debug: [DB 반납됨 threadId = 182638]
2017-10-05 11:13:19.048 [pid:31753] - sql: [threadId=182637] SELECT * FROM naver_shopping_adgroup
2017-10-05 11:13:19.048 [pid:31753] - sql: selected data: 
2017-10-05 11:13:19.048 [pid:31753] - debug: [STATUS 200] OK-SUCCESS
2017-10-05 11:13:19.049 [pid:31753] - debug: ---------- client disconnection ------------
2017-10-05 11:13:19.049 [pid:31753] - debug: runtime=7ms
2017-10-05 11:13:19.049 [pid:31753] - debug: 
2017-10-05 11:13:19.049 [pid:31753] - sql: [threadId=182638] SELECT * FROM naver_shopping_ad WHERE adgroup_id = false
2017-10-05 11:13:19.049 [pid:31753] - sql: selected data: 
2017-10-05 11:13:19.049 [pid:31753] - debug: [STATUS 200] OK-SUCCESS
2017-10-05 11:13:19.049 [pid:31753] - debug: ---------- client disconnection ------------
2017-10-05 11:13:19.050 [pid:31753] - debug: runtime=3ms
2017-10-05 11:13:19.050 [pid:31753] - debug: 
2017-10-05 11:13:19.081 [pid:31753] - debug: ------------ client connection ------------
2017-10-05 11:13:19.081 [pid:31753] - debug: [Process Id] 31753
2017-10-05 11:13:19.081 [pid:31753] - debug: [ip] ::ffff:221.149.194.196
2017-10-05 11:13:19.082 [pid:31753] - debug: [CLIENT INFO] Windows 10.0 / Chrome (61.0.3163.100) / Microsoft Windows
2017-10-05 11:13:19.082 [pid:31753] - debug: [HTTP GET] http://node4.mas-i.com/adgroups
2017-10-05 11:13:19.082 [pid:31753] - debug: getAdgroupList 컨트롤러 실행
2017-10-05 11:13:19.082 [pid:31753] - debug: SELECTAdgroup 실행
2017-10-05 11:13:19.084 [pid:31753] - debug: [DB 임대됨 threadId = 182637]
2017-10-05 11:13:19.084 [pid:31753] - debug: 클로즈!
2017-10-05 11:13:19.084 [pid:31753] - debug: [DB 반납됨 threadId = 182637]
2017-10-05 11:13:19.086 [pid:31753] - sql: [threadId=182637] SELECT * FROM naver_shopping_adgroup
2017-10-05 11:13:19.086 [pid:31753] - sql: selected data: 
2017-10-05 11:13:19.087 [pid:31753] - debug: [STATUS 200] OK-SUCCESS
2017-10-05 11:13:19.088 [pid:31753] - debug: ---------- client disconnection ------------
2017-10-05 11:13:19.088 [pid:31753] - debug: runtime=7ms
2017-10-05 11:13:19.089 [pid:31753] - debug: 
2017-10-05 11:16:03.362 [pid:31753] - debug: ------------ client connection ------------
2017-10-05 11:16:03.362 [pid:31753] - debug: [Process Id] 31753
2017-10-05 11:16:03.362 [pid:31753] - debug: [ip] ::ffff:221.149.194.196
2017-10-05 11:16:03.363 [pid:31753] - debug: [CLIENT INFO] Windows 10.0 / Chrome (61.0.3163.100) / Microsoft Windows
2017-10-05 11:16:03.363 [pid:31753] - debug: [HTTP GET] http://node4.mas-i.com/adgroups
2017-10-05 11:16:03.364 [pid:31753] - debug: ------------ client connection ------------
2017-10-05 11:16:03.365 [pid:31753] - debug: [Process Id] 31753
2017-10-05 11:16:03.365 [pid:31753] - debug: [ip] ::ffff:221.149.194.196
2017-10-05 11:16:03.365 [pid:31753] - debug: [CLIENT INFO] Windows 10.0 / Chrome (61.0.3163.100) / Microsoft Windows
2017-10-05 11:16:03.365 [pid:31753] - debug: [HTTP GET] http://node4.mas-i.com/ads
2017-10-05 11:16:03.366 [pid:31753] - debug: getAdgroupList 컨트롤러 실행
2017-10-05 11:16:03.366 [pid:31753] - debug: SELECTAdgroup 실행
2017-10-05 11:16:03.367 [pid:31753] - debug: getAdList 컨트롤러 실행
2017-10-05 11:16:03.367 [pid:31753] - debug: [HTTP GET PARAMS] adgroup_id=false
2017-10-05 11:16:03.368 [pid:31753] - debug: SELECTAd 실행
2017-10-05 11:16:03.368 [pid:31753] - debug: [DB 임대됨 threadId = 182638]
2017-10-05 11:16:03.368 [pid:31753] - debug: 클로즈!
2017-10-05 11:16:03.368 [pid:31753] - debug: [DB 반납됨 threadId = 182638]
2017-10-05 11:16:03.368 [pid:31753] - debug: [DB 임대됨 threadId = 182637]
2017-10-05 11:16:03.368 [pid:31753] - debug: 클로즈!
2017-10-05 11:16:03.369 [pid:31753] - debug: [DB 반납됨 threadId = 182637]
2017-10-05 11:16:03.369 [pid:31753] - sql: [threadId=182638] SELECT * FROM naver_shopping_adgroup
2017-10-05 11:16:03.369 [pid:31753] - sql: selected data: 
2017-10-05 11:16:03.370 [pid:31753] - debug: [STATUS 200] OK-SUCCESS
2017-10-05 11:16:03.370 [pid:31753] - debug: ---------- client disconnection ------------
2017-10-05 11:16:03.370 [pid:31753] - debug: runtime=9ms
2017-10-05 11:16:03.370 [pid:31753] - debug: 
2017-10-05 11:16:03.371 [pid:31753] - sql: [threadId=182637] SELECT * FROM naver_shopping_ad WHERE adgroup_id = false
2017-10-05 11:16:03.371 [pid:31753] - sql: selected data: 
2017-10-05 11:16:03.371 [pid:31753] - debug: [STATUS 200] OK-SUCCESS
2017-10-05 11:16:03.371 [pid:31753] - debug: ---------- client disconnection ------------
2017-10-05 11:16:03.372 [pid:31753] - debug: runtime=8ms
2017-10-05 11:16:03.372 [pid:31753] - debug: 
2017-10-05 11:16:03.401 [pid:31753] - debug: ------------ client connection ------------
2017-10-05 11:16:03.401 [pid:31753] - debug: [Process Id] 31753
2017-10-05 11:16:03.401 [pid:31753] - debug: [ip] ::ffff:221.149.194.196
2017-10-05 11:16:03.401 [pid:31753] - debug: [CLIENT INFO] Windows 10.0 / Chrome (61.0.3163.100) / Microsoft Windows
2017-10-05 11:16:03.402 [pid:31753] - debug: [HTTP GET] http://node4.mas-i.com/adgroups
2017-10-05 11:16:03.402 [pid:31753] - debug: getAdgroupList 컨트롤러 실행
2017-10-05 11:16:03.402 [pid:31753] - debug: SELECTAdgroup 실행
2017-10-05 11:16:03.403 [pid:31753] - debug: [DB 임대됨 threadId = 182638]
2017-10-05 11:16:03.403 [pid:31753] - debug: 클로즈!
2017-10-05 11:16:03.403 [pid:31753] - debug: [DB 반납됨 threadId = 182638]
2017-10-05 11:16:03.404 [pid:31753] - sql: [threadId=182638] SELECT * FROM naver_shopping_adgroup
2017-10-05 11:16:03.404 [pid:31753] - sql: selected data: 
2017-10-05 11:16:03.405 [pid:31753] - debug: [STATUS 200] OK-SUCCESS
2017-10-05 11:16:03.405 [pid:31753] - debug: ---------- client disconnection ------------
2017-10-05 11:16:03.405 [pid:31753] - debug: runtime=4ms
2017-10-05 11:16:03.405 [pid:31753] - debug: 
2017-10-05 11:16:11.492 [pid:31753] - debug: ------------ client connection ------------
2017-10-05 11:16:11.492 [pid:31753] - debug: [Process Id] 31753
2017-10-05 11:16:11.493 [pid:31753] - debug: [ip] ::ffff:221.149.194.196
2017-10-05 11:16:11.493 [pid:31753] - debug: [CLIENT INFO] Windows 10.0 / Chrome (61.0.3163.100) / Microsoft Windows
2017-10-05 11:16:11.494 [pid:31753] - debug: [HTTP GET] http://node4.mas-i.com/adgroups
2017-10-05 11:16:11.495 [pid:31753] - debug: getAdgroupList 컨트롤러 실행
2017-10-05 11:16:11.496 [pid:31753] - debug: SELECTAdgroup 실행
2017-10-05 11:16:11.496 [pid:31753] - debug: ------------ client connection ------------
2017-10-05 11:16:11.496 [pid:31753] - debug: [Process Id] 31753
2017-10-05 11:16:11.496 [pid:31753] - debug: [ip] ::ffff:221.149.194.196
2017-10-05 11:16:11.496 [pid:31753] - debug: [CLIENT INFO] Windows 10.0 / Chrome (61.0.3163.100) / Microsoft Windows
2017-10-05 11:16:11.497 [pid:31753] - debug: [HTTP GET] http://node4.mas-i.com/ads
2017-10-05 11:16:11.497 [pid:31753] - debug: getAdList 컨트롤러 실행
2017-10-05 11:16:11.497 [pid:31753] - debug: [HTTP GET PARAMS] adgroup_id=false
2017-10-05 11:16:11.497 [pid:31753] - debug: SELECTAd 실행
2017-10-05 11:16:11.497 [pid:31753] - debug: [DB 임대됨 threadId = 182637]
2017-10-05 11:16:11.497 [pid:31753] - debug: 클로즈!
2017-10-05 11:16:11.497 [pid:31753] - debug: [DB 반납됨 threadId = 182637]
2017-10-05 11:16:11.498 [pid:31753] - debug: [DB 임대됨 threadId = 182638]
2017-10-05 11:16:11.498 [pid:31753] - debug: 클로즈!
2017-10-05 11:16:11.498 [pid:31753] - debug: [DB 반납됨 threadId = 182638]
2017-10-05 11:16:11.498 [pid:31753] - sql: [threadId=182637] SELECT * FROM naver_shopping_adgroup
2017-10-05 11:16:11.498 [pid:31753] - sql: selected data: 
2017-10-05 11:16:11.498 [pid:31753] - debug: [STATUS 200] OK-SUCCESS
2017-10-05 11:16:11.499 [pid:31753] - debug: ---------- client disconnection ------------
2017-10-05 11:16:11.499 [pid:31753] - debug: runtime=8ms
2017-10-05 11:16:11.499 [pid:31753] - debug: 
2017-10-05 11:16:11.499 [pid:31753] - sql: [threadId=182638] SELECT * FROM naver_shopping_ad WHERE adgroup_id = false
2017-10-05 11:16:11.499 [pid:31753] - sql: selected data: 
2017-10-05 11:16:11.499 [pid:31753] - debug: [STATUS 200] OK-SUCCESS
2017-10-05 11:16:11.499 [pid:31753] - debug: ---------- client disconnection ------------
2017-10-05 11:16:11.499 [pid:31753] - debug: runtime=3ms
2017-10-05 11:16:11.499 [pid:31753] - debug: 
2017-10-05 11:16:11.513 [pid:31753] - debug: ------------ client connection ------------
2017-10-05 11:16:11.514 [pid:31753] - debug: [Process Id] 31753
2017-10-05 11:16:11.514 [pid:31753] - debug: [ip] ::ffff:221.149.194.196
2017-10-05 11:16:11.514 [pid:31753] - debug: [CLIENT INFO] Windows 10.0 / Chrome (61.0.3163.100) / Microsoft Windows
2017-10-05 11:16:11.514 [pid:31753] - debug: [HTTP GET] http://node4.mas-i.com/adgroups
2017-10-05 11:16:11.514 [pid:31753] - debug: getAdgroupList 컨트롤러 실행
2017-10-05 11:16:11.515 [pid:31753] - debug: SELECTAdgroup 실행
2017-10-05 11:16:11.515 [pid:31753] - debug: [DB 임대됨 threadId = 182637]
2017-10-05 11:16:11.515 [pid:31753] - debug: 클로즈!
2017-10-05 11:16:11.516 [pid:31753] - debug: [DB 반납됨 threadId = 182637]
2017-10-05 11:16:11.517 [pid:31753] - sql: [threadId=182637] SELECT * FROM naver_shopping_adgroup
2017-10-05 11:16:11.517 [pid:31753] - sql: selected data: 
2017-10-05 11:16:11.517 [pid:31753] - debug: [STATUS 200] OK-SUCCESS
2017-10-05 11:16:11.517 [pid:31753] - debug: ---------- client disconnection ------------
2017-10-05 11:16:11.517 [pid:31753] - debug: runtime=4ms
2017-10-05 11:16:11.517 [pid:31753] - debug: 
2017-10-05 11:16:18.266 [pid:31753] - debug: ------------ client connection ------------
2017-10-05 11:16:18.266 [pid:31753] - debug: [Process Id] 31753
2017-10-05 11:16:18.267 [pid:31753] - debug: [ip] ::ffff:221.149.194.196
2017-10-05 11:16:18.267 [pid:31753] - debug: [CLIENT INFO] Windows 10.0 / Chrome (61.0.3163.100) / Microsoft Windows
2017-10-05 11:16:18.267 [pid:31753] - debug: [HTTP GET] http://node4.mas-i.com/adgroups
2017-10-05 11:16:18.268 [pid:31753] - debug: getAdgroupList 컨트롤러 실행
2017-10-05 11:16:18.268 [pid:31753] - debug: SELECTAdgroup 실행
2017-10-05 11:16:18.271 [pid:31753] - debug: [DB 임대됨 threadId = 182638]
2017-10-05 11:16:18.271 [pid:31753] - debug: 클로즈!
2017-10-05 11:16:18.271 [pid:31753] - debug: [DB 반납됨 threadId = 182638]
2017-10-05 11:16:18.271 [pid:31753] - debug: ------------ client connection ------------
2017-10-05 11:16:18.272 [pid:31753] - debug: [Process Id] 31753
2017-10-05 11:16:18.272 [pid:31753] - debug: [ip] ::ffff:221.149.194.196
2017-10-05 11:16:18.272 [pid:31753] - debug: [CLIENT INFO] Windows 10.0 / Chrome (61.0.3163.100) / Microsoft Windows
2017-10-05 11:16:18.272 [pid:31753] - debug: [HTTP GET] http://node4.mas-i.com/ads
2017-10-05 11:16:18.272 [pid:31753] - sql: [threadId=182638] SELECT * FROM naver_shopping_adgroup
2017-10-05 11:16:18.272 [pid:31753] - sql: selected data: 
2017-10-05 11:16:18.272 [pid:31753] - debug: [STATUS 200] OK-SUCCESS
2017-10-05 11:16:18.273 [pid:31753] - debug: ---------- client disconnection ------------
2017-10-05 11:16:18.273 [pid:31753] - debug: runtime=8ms
2017-10-05 11:16:18.273 [pid:31753] - debug: 
2017-10-05 11:16:18.273 [pid:31753] - debug: getAdList 컨트롤러 실행
2017-10-05 11:16:18.273 [pid:31753] - debug: [HTTP GET PARAMS] adgroup_id=false
2017-10-05 11:16:18.273 [pid:31753] - debug: SELECTAd 실행
2017-10-05 11:16:18.273 [pid:31753] - debug: [DB 임대됨 threadId = 182637]
2017-10-05 11:16:18.274 [pid:31753] - debug: 클로즈!
2017-10-05 11:16:18.274 [pid:31753] - debug: [DB 반납됨 threadId = 182637]
2017-10-05 11:16:18.275 [pid:31753] - sql: [threadId=182637] SELECT * FROM naver_shopping_ad WHERE adgroup_id = false
2017-10-05 11:16:18.275 [pid:31753] - sql: selected data: 
2017-10-05 11:16:18.275 [pid:31753] - debug: [STATUS 200] OK-SUCCESS
2017-10-05 11:16:18.276 [pid:31753] - debug: ---------- client disconnection ------------
2017-10-05 11:16:18.276 [pid:31753] - debug: runtime=5ms
2017-10-05 11:16:18.276 [pid:31753] - debug: 
2017-10-05 11:16:18.311 [pid:31753] - debug: ------------ client connection ------------
2017-10-05 11:16:18.311 [pid:31753] - debug: [Process Id] 31753
2017-10-05 11:16:18.312 [pid:31753] - debug: [ip] ::ffff:221.149.194.196
2017-10-05 11:16:18.312 [pid:31753] - debug: [CLIENT INFO] Windows 10.0 / Chrome (61.0.3163.100) / Microsoft Windows
2017-10-05 11:16:18.313 [pid:31753] - debug: [HTTP GET] http://node4.mas-i.com/adgroups
2017-10-05 11:16:18.313 [pid:31753] - debug: getAdgroupList 컨트롤러 실행
2017-10-05 11:16:18.313 [pid:31753] - debug: SELECTAdgroup 실행
2017-10-05 11:16:18.314 [pid:31753] - debug: [DB 임대됨 threadId = 182638]
2017-10-05 11:16:18.315 [pid:31753] - debug: 클로즈!
2017-10-05 11:16:18.315 [pid:31753] - debug: [DB 반납됨 threadId = 182638]
2017-10-05 11:16:18.316 [pid:31753] - sql: [threadId=182638] SELECT * FROM naver_shopping_adgroup
2017-10-05 11:16:18.317 [pid:31753] - sql: selected data: 
2017-10-05 11:16:18.317 [pid:31753] - debug: [STATUS 200] OK-SUCCESS
2017-10-05 11:16:18.318 [pid:31753] - debug: ---------- client disconnection ------------
2017-10-05 11:16:18.318 [pid:31753] - debug: runtime=7ms
2017-10-05 11:16:18.319 [pid:31753] - debug: 
2017-10-05 11:16:35.151 [pid:31753] - debug: ------------ client connection ------------
2017-10-05 11:16:35.152 [pid:31753] - debug: [Process Id] 31753
2017-10-05 11:16:35.152 [pid:31753] - debug: [ip] ::ffff:221.149.194.196
2017-10-05 11:16:35.153 [pid:31753] - debug: [CLIENT INFO] Windows 10.0 / Chrome (61.0.3163.100) / Microsoft Windows
2017-10-05 11:16:35.153 [pid:31753] - debug: [HTTP GET] http://node4.mas-i.com/adgroups
2017-10-05 11:16:35.154 [pid:31753] - debug: getAdgroupList 컨트롤러 실행
2017-10-05 11:16:35.154 [pid:31753] - debug: SELECTAdgroup 실행
2017-10-05 11:16:35.156 [pid:31753] - debug: [DB 임대됨 threadId = 182637]
2017-10-05 11:16:35.156 [pid:31753] - debug: 클로즈!
2017-10-05 11:16:35.157 [pid:31753] - debug: [DB 반납됨 threadId = 182637]
2017-10-05 11:16:35.161 [pid:31753] - sql: [threadId=182637] SELECT * FROM naver_shopping_adgroup
2017-10-05 11:16:35.162 [pid:31753] - sql: selected data: 
2017-10-05 11:16:35.162 [pid:31753] - debug: [STATUS 200] OK-SUCCESS
2017-10-05 11:16:35.164 [pid:31753] - debug: ---------- client disconnection ------------
2017-10-05 11:16:35.164 [pid:31753] - debug: runtime=13ms
2017-10-05 11:16:35.164 [pid:31753] - debug: 
2017-10-05 11:16:35.164 [pid:31753] - debug: ------------ client connection ------------
2017-10-05 11:16:35.164 [pid:31753] - debug: [Process Id] 31753
2017-10-05 11:16:35.164 [pid:31753] - debug: [ip] ::ffff:221.149.194.196
2017-10-05 11:16:35.164 [pid:31753] - debug: [CLIENT INFO] Windows 10.0 / Chrome (61.0.3163.100) / Microsoft Windows
2017-10-05 11:16:35.164 [pid:31753] - debug: [HTTP GET] http://node4.mas-i.com/adgroups
2017-10-05 11:16:35.165 [pid:31753] - debug: getAdgroupList 컨트롤러 실행
2017-10-05 11:16:35.165 [pid:31753] - debug: SELECTAdgroup 실행
2017-10-05 11:16:35.166 [pid:31753] - debug: [DB 임대됨 threadId = 182638]
2017-10-05 11:16:35.166 [pid:31753] - debug: 클로즈!
2017-10-05 11:16:35.166 [pid:31753] - debug: [DB 반납됨 threadId = 182638]
2017-10-05 11:16:35.167 [pid:31753] - sql: [threadId=182638] SELECT * FROM naver_shopping_adgroup
2017-10-05 11:16:35.167 [pid:31753] - sql: selected data: 
2017-10-05 11:16:35.167 [pid:31753] - debug: [STATUS 200] OK-SUCCESS
2017-10-05 11:16:35.167 [pid:31753] - debug: ---------- client disconnection ------------
2017-10-05 11:16:35.167 [pid:31753] - debug: runtime=3ms
2017-10-05 11:16:35.168 [pid:31753] - debug: 
2017-10-05 11:16:35.173 [pid:31753] - debug: ------------ client connection ------------
2017-10-05 11:16:35.173 [pid:31753] - debug: [Process Id] 31753
2017-10-05 11:16:35.173 [pid:31753] - debug: [ip] ::ffff:221.149.194.196
2017-10-05 11:16:35.173 [pid:31753] - debug: [CLIENT INFO] Windows 10.0 / Chrome (61.0.3163.100) / Microsoft Windows
2017-10-05 11:16:35.173 [pid:31753] - debug: [HTTP GET] http://node4.mas-i.com/ads
2017-10-05 11:16:35.174 [pid:31753] - debug: getAdList 컨트롤러 실행
2017-10-05 11:16:35.174 [pid:31753] - debug: [HTTP GET PARAMS] adgroup_id=false
2017-10-05 11:16:35.174 [pid:31753] - debug: SELECTAd 실행
2017-10-05 11:16:35.174 [pid:31753] - debug: [DB 임대됨 threadId = 182637]
2017-10-05 11:16:35.175 [pid:31753] - debug: 클로즈!
2017-10-05 11:16:35.175 [pid:31753] - debug: [DB 반납됨 threadId = 182637]
2017-10-05 11:16:35.176 [pid:31753] - sql: [threadId=182637] SELECT * FROM naver_shopping_ad WHERE adgroup_id = false
2017-10-05 11:16:35.176 [pid:31753] - sql: selected data: 
2017-10-05 11:16:35.176 [pid:31753] - debug: [STATUS 200] OK-SUCCESS
2017-10-05 11:16:35.177 [pid:31753] - debug: ---------- client disconnection ------------
2017-10-05 11:16:35.177 [pid:31753] - debug: runtime=4ms
2017-10-05 11:16:35.177 [pid:31753] - debug: 
2017-10-05 11:16:54.502 [pid:31753] - debug: ------------ client connection ------------
2017-10-05 11:16:54.502 [pid:31753] - debug: [Process Id] 31753
2017-10-05 11:16:54.503 [pid:31753] - debug: [ip] ::ffff:221.149.194.196
2017-10-05 11:16:54.503 [pid:31753] - debug: [CLIENT INFO] Windows 10.0 / Chrome (61.0.3163.100) / Microsoft Windows
2017-10-05 11:16:54.503 [pid:31753] - debug: [HTTP GET] http://node4.mas-i.com/adgroups
2017-10-05 11:16:54.505 [pid:31753] - debug: getAdgroupList 컨트롤러 실행
2017-10-05 11:16:54.505 [pid:31753] - debug: SELECTAdgroup 실행
2017-10-05 11:16:54.506 [pid:31753] - debug: [DB 임대됨 threadId = 182638]
2017-10-05 11:16:54.506 [pid:31753] - debug: 클로즈!
2017-10-05 11:16:54.506 [pid:31753] - debug: [DB 반납됨 threadId = 182638]
2017-10-05 11:16:54.507 [pid:31753] - sql: [threadId=182638] SELECT * FROM naver_shopping_adgroup
2017-10-05 11:16:54.507 [pid:31753] - sql: selected data: 
2017-10-05 11:16:54.507 [pid:31753] - debug: [STATUS 200] OK-SUCCESS
2017-10-05 11:16:54.507 [pid:31753] - debug: ---------- client disconnection ------------
2017-10-05 11:16:54.508 [pid:31753] - debug: runtime=6ms
2017-10-05 11:16:54.508 [pid:31753] - debug: 
2017-10-05 11:16:54.508 [pid:31753] - debug: ------------ client connection ------------
2017-10-05 11:16:54.508 [pid:31753] - debug: [Process Id] 31753
2017-10-05 11:16:54.508 [pid:31753] - debug: [ip] ::ffff:221.149.194.196
2017-10-05 11:16:54.508 [pid:31753] - debug: [CLIENT INFO] Windows 10.0 / Chrome (61.0.3163.100) / Microsoft Windows
2017-10-05 11:16:54.508 [pid:31753] - debug: [HTTP GET] http://node4.mas-i.com/adgroups
2017-10-05 11:16:54.509 [pid:31753] - debug: getAdgroupList 컨트롤러 실행
2017-10-05 11:16:54.509 [pid:31753] - debug: SELECTAdgroup 실행
2017-10-05 11:16:54.509 [pid:31753] - debug: [DB 임대됨 threadId = 182637]
2017-10-05 11:16:54.509 [pid:31753] - debug: 클로즈!
2017-10-05 11:16:54.509 [pid:31753] - debug: [DB 반납됨 threadId = 182637]
2017-10-05 11:16:54.510 [pid:31753] - sql: [threadId=182637] SELECT * FROM naver_shopping_adgroup
2017-10-05 11:16:54.510 [pid:31753] - sql: selected data: 
2017-10-05 11:16:54.510 [pid:31753] - debug: [STATUS 200] OK-SUCCESS
2017-10-05 11:16:54.511 [pid:31753] - debug: ---------- client disconnection ------------
2017-10-05 11:16:54.511 [pid:31753] - debug: runtime=3ms
2017-10-05 11:16:54.511 [pid:31753] - debug: 
2017-10-05 11:16:54.518 [pid:31753] - debug: ------------ client connection ------------
2017-10-05 11:16:54.519 [pid:31753] - debug: [Process Id] 31753
2017-10-05 11:16:54.520 [pid:31753] - debug: [ip] ::ffff:221.149.194.196
2017-10-05 11:16:54.520 [pid:31753] - debug: [CLIENT INFO] Windows 10.0 / Chrome (61.0.3163.100) / Microsoft Windows
2017-10-05 11:16:54.520 [pid:31753] - debug: [HTTP GET] http://node4.mas-i.com/ads
2017-10-05 11:16:54.521 [pid:31753] - debug: getAdList 컨트롤러 실행
2017-10-05 11:16:54.521 [pid:31753] - debug: [HTTP GET PARAMS] adgroup_id=false
2017-10-05 11:16:54.522 [pid:31753] - debug: SELECTAd 실행
2017-10-05 11:16:54.523 [pid:31753] - debug: [DB 임대됨 threadId = 182638]
2017-10-05 11:16:54.523 [pid:31753] - debug: 클로즈!
2017-10-05 11:16:54.523 [pid:31753] - debug: [DB 반납됨 threadId = 182638]
2017-10-05 11:16:54.524 [pid:31753] - sql: [threadId=182638] SELECT * FROM naver_shopping_ad WHERE adgroup_id = false
2017-10-05 11:16:54.524 [pid:31753] - sql: selected data: 
2017-10-05 11:16:54.524 [pid:31753] - debug: [STATUS 200] OK-SUCCESS
2017-10-05 11:16:54.524 [pid:31753] - debug: ---------- client disconnection ------------
2017-10-05 11:16:54.525 [pid:31753] - debug: runtime=7ms
2017-10-05 11:16:54.525 [pid:31753] - debug: 
2017-10-05 11:20:02.220 [pid:31753] - debug: ------------ client connection ------------
2017-10-05 11:20:02.220 [pid:31753] - debug: [Process Id] 31753
2017-10-05 11:20:02.221 [pid:31753] - debug: [ip] ::ffff:221.149.194.196
2017-10-05 11:20:02.221 [pid:31753] - debug: [CLIENT INFO] Windows 10.0 / Chrome (61.0.3163.100) / Microsoft Windows
2017-10-05 11:20:02.221 [pid:31753] - debug: [HTTP GET] http://node4.mas-i.com/adgroups
2017-10-05 11:20:02.222 [pid:31753] - debug: ------------ client connection ------------
2017-10-05 11:20:02.223 [pid:31753] - debug: [Process Id] 31753
2017-10-05 11:20:02.223 [pid:31753] - debug: [ip] ::ffff:221.149.194.196
2017-10-05 11:20:02.223 [pid:31753] - debug: [CLIENT INFO] Windows 10.0 / Chrome (61.0.3163.100) / Microsoft Windows
2017-10-05 11:20:02.224 [pid:31753] - debug: [HTTP GET] http://node4.mas-i.com/ads
2017-10-05 11:20:02.225 [pid:31753] - debug: getAdgroupList 컨트롤러 실행
2017-10-05 11:20:02.225 [pid:31753] - debug: SELECTAdgroup 실행
2017-10-05 11:20:02.225 [pid:31753] - debug: getAdList 컨트롤러 실행
2017-10-05 11:20:02.225 [pid:31753] - debug: [HTTP GET PARAMS] adgroup_id=false
2017-10-05 11:20:02.225 [pid:31753] - debug: SELECTAd 실행
2017-10-05 11:20:02.225 [pid:31753] - debug: [DB 임대됨 threadId = 182637]
2017-10-05 11:20:02.225 [pid:31753] - debug: 클로즈!
2017-10-05 11:20:02.225 [pid:31753] - debug: [DB 반납됨 threadId = 182637]
2017-10-05 11:20:02.226 [pid:31753] - debug: [DB 임대됨 threadId = 182638]
2017-10-05 11:20:02.226 [pid:31753] - debug: 클로즈!
2017-10-05 11:20:02.226 [pid:31753] - debug: [DB 반납됨 threadId = 182638]
2017-10-05 11:20:02.226 [pid:31753] - sql: [threadId=182637] SELECT * FROM naver_shopping_adgroup
2017-10-05 11:20:02.226 [pid:31753] - sql: selected data: 
2017-10-05 11:20:02.226 [pid:31753] - debug: [STATUS 200] OK-SUCCESS
2017-10-05 11:20:02.226 [pid:31753] - debug: ---------- client disconnection ------------
2017-10-05 11:20:02.227 [pid:31753] - debug: runtime=7ms
2017-10-05 11:20:02.227 [pid:31753] - debug: 
2017-10-05 11:20:02.227 [pid:31753] - sql: [threadId=182638] SELECT * FROM naver_shopping_ad WHERE adgroup_id = false
2017-10-05 11:20:02.227 [pid:31753] - sql: selected data: 
2017-10-05 11:20:02.227 [pid:31753] - debug: [STATUS 200] OK-SUCCESS
2017-10-05 11:20:02.227 [pid:31753] - debug: ---------- client disconnection ------------
2017-10-05 11:20:02.227 [pid:31753] - debug: runtime=5ms
2017-10-05 11:20:02.228 [pid:31753] - debug: 
2017-10-05 11:20:02.266 [pid:31753] - debug: ------------ client connection ------------
2017-10-05 11:20:02.267 [pid:31753] - debug: [Process Id] 31753
2017-10-05 11:20:02.267 [pid:31753] - debug: [ip] ::ffff:221.149.194.196
2017-10-05 11:20:02.267 [pid:31753] - debug: [CLIENT INFO] Windows 10.0 / Chrome (61.0.3163.100) / Microsoft Windows
2017-10-05 11:20:02.267 [pid:31753] - debug: [HTTP GET] http://node4.mas-i.com/adgroups
2017-10-05 11:20:02.268 [pid:31753] - debug: getAdgroupList 컨트롤러 실행
2017-10-05 11:20:02.268 [pid:31753] - debug: SELECTAdgroup 실행
2017-10-05 11:20:02.269 [pid:31753] - debug: [DB 임대됨 threadId = 182637]
2017-10-05 11:20:02.269 [pid:31753] - debug: 클로즈!
2017-10-05 11:20:02.270 [pid:31753] - debug: [DB 반납됨 threadId = 182637]
2017-10-05 11:20:02.271 [pid:31753] - sql: [threadId=182637] SELECT * FROM naver_shopping_adgroup
2017-10-05 11:20:02.271 [pid:31753] - sql: selected data: 
2017-10-05 11:20:02.271 [pid:31753] - debug: [STATUS 200] OK-SUCCESS
2017-10-05 11:20:02.272 [pid:31753] - debug: ---------- client disconnection ------------
2017-10-05 11:20:02.272 [pid:31753] - debug: runtime=6ms
2017-10-05 11:20:02.272 [pid:31753] - debug: 
2017-10-05 11:20:04.364 [pid:31753] - debug: ------------ client connection ------------
2017-10-05 11:20:04.364 [pid:31753] - debug: [Process Id] 31753
2017-10-05 11:20:04.364 [pid:31753] - debug: [ip] ::ffff:221.149.194.196
2017-10-05 11:20:04.365 [pid:31753] - debug: [CLIENT INFO] Windows 10.0 / Chrome (61.0.3163.100) / Microsoft Windows
2017-10-05 11:20:04.365 [pid:31753] - debug: [HTTP GET] http://node4.mas-i.com/adgroups
2017-10-05 11:20:04.368 [pid:31753] - debug: getAdgroupList 컨트롤러 실행
2017-10-05 11:20:04.368 [pid:31753] - debug: SELECTAdgroup 실행
2017-10-05 11:20:04.369 [pid:31753] - debug: [DB 임대됨 threadId = 182638]
2017-10-05 11:20:04.369 [pid:31753] - debug: 클로즈!
2017-10-05 11:20:04.369 [pid:31753] - debug: [DB 반납됨 threadId = 182638]
2017-10-05 11:20:04.370 [pid:31753] - sql: [threadId=182638] SELECT * FROM naver_shopping_adgroup
2017-10-05 11:20:04.370 [pid:31753] - sql: selected data: 
2017-10-05 11:20:04.370 [pid:31753] - debug: [STATUS 200] OK-SUCCESS
2017-10-05 11:20:04.370 [pid:31753] - debug: ---------- client disconnection ------------
2017-10-05 11:20:04.370 [pid:31753] - debug: runtime=7ms
2017-10-05 11:20:04.370 [pid:31753] - debug: 
2017-10-05 11:20:04.373 [pid:31753] - debug: ------------ client connection ------------
2017-10-05 11:20:04.373 [pid:31753] - debug: [Process Id] 31753
2017-10-05 11:20:04.374 [pid:31753] - debug: [ip] ::ffff:221.149.194.196
2017-10-05 11:20:04.374 [pid:31753] - debug: [CLIENT INFO] Windows 10.0 / Chrome (61.0.3163.100) / Microsoft Windows
2017-10-05 11:20:04.374 [pid:31753] - debug: [HTTP GET] http://node4.mas-i.com/ads
2017-10-05 11:20:04.374 [pid:31753] - debug: getAdList 컨트롤러 실행
2017-10-05 11:20:04.374 [pid:31753] - debug: [HTTP GET PARAMS] adgroup_id=false
2017-10-05 11:20:04.374 [pid:31753] - debug: SELECTAd 실행
2017-10-05 11:20:04.374 [pid:31753] - debug: [DB 임대됨 threadId = 182637]
2017-10-05 11:20:04.375 [pid:31753] - debug: 클로즈!
2017-10-05 11:20:04.375 [pid:31753] - debug: [DB 반납됨 threadId = 182637]
2017-10-05 11:20:04.375 [pid:31753] - sql: [threadId=182637] SELECT * FROM naver_shopping_ad WHERE adgroup_id = false
2017-10-05 11:20:04.376 [pid:31753] - sql: selected data: 
2017-10-05 11:20:04.376 [pid:31753] - debug: [STATUS 200] OK-SUCCESS
2017-10-05 11:20:04.376 [pid:31753] - debug: ---------- client disconnection ------------
2017-10-05 11:20:04.376 [pid:31753] - debug: runtime=3ms
2017-10-05 11:20:04.376 [pid:31753] - debug: 
2017-10-05 11:20:04.388 [pid:31753] - debug: ------------ client connection ------------
2017-10-05 11:20:04.388 [pid:31753] - debug: [Process Id] 31753
2017-10-05 11:20:04.389 [pid:31753] - debug: [ip] ::ffff:221.149.194.196
2017-10-05 11:20:04.389 [pid:31753] - debug: [CLIENT INFO] Windows 10.0 / Chrome (61.0.3163.100) / Microsoft Windows
2017-10-05 11:20:04.389 [pid:31753] - debug: [HTTP GET] http://node4.mas-i.com/adgroups
2017-10-05 11:20:04.389 [pid:31753] - debug: getAdgroupList 컨트롤러 실행
2017-10-05 11:20:04.389 [pid:31753] - debug: SELECTAdgroup 실행
2017-10-05 11:20:04.390 [pid:31753] - debug: [DB 임대됨 threadId = 182638]
2017-10-05 11:20:04.390 [pid:31753] - debug: 클로즈!
2017-10-05 11:20:04.390 [pid:31753] - debug: [DB 반납됨 threadId = 182638]
2017-10-05 11:20:04.391 [pid:31753] - sql: [threadId=182638] SELECT * FROM naver_shopping_adgroup
2017-10-05 11:20:04.391 [pid:31753] - sql: selected data: 
2017-10-05 11:20:04.391 [pid:31753] - debug: [STATUS 200] OK-SUCCESS
2017-10-05 11:20:04.392 [pid:31753] - debug: ---------- client disconnection ------------
2017-10-05 11:20:04.392 [pid:31753] - debug: runtime=4ms
2017-10-05 11:20:04.392 [pid:31753] - debug: 
2017-10-05 11:22:04.531 [pid:31753] - debug: ------------ client connection ------------
2017-10-05 11:22:04.531 [pid:31753] - debug: [Process Id] 31753
2017-10-05 11:22:04.531 [pid:31753] - debug: [ip] ::ffff:221.149.194.196
2017-10-05 11:22:04.532 [pid:31753] - debug: [CLIENT INFO] Windows 10.0 / Chrome (61.0.3163.100) / Microsoft Windows
2017-10-05 11:22:04.532 [pid:31753] - debug: [HTTP GET] http://node4.mas-i.com/adgroups
2017-10-05 11:22:04.533 [pid:31753] - debug: getAdgroupList 컨트롤러 실행
2017-10-05 11:22:04.534 [pid:31753] - debug: SELECTAdgroup 실행
2017-10-05 11:22:04.536 [pid:31753] - debug: [DB 임대됨 threadId = 182637]
2017-10-05 11:22:04.536 [pid:31753] - debug: 클로즈!
2017-10-05 11:22:04.536 [pid:31753] - debug: [DB 반납됨 threadId = 182637]
2017-10-05 11:22:04.537 [pid:31753] - sql: [threadId=182637] SELECT * FROM naver_shopping_adgroup
2017-10-05 11:22:04.537 [pid:31753] - sql: selected data: 
2017-10-05 11:22:04.537 [pid:31753] - debug: [STATUS 200] OK-SUCCESS
2017-10-05 11:22:04.537 [pid:31753] - debug: ---------- client disconnection ------------
2017-10-05 11:22:04.537 [pid:31753] - debug: runtime=7ms
2017-10-05 11:22:04.537 [pid:31753] - debug: 
2017-10-05 11:22:38.978 [pid:31753] - debug: ------------ client connection ------------
2017-10-05 11:22:38.978 [pid:31753] - debug: [Process Id] 31753
2017-10-05 11:22:38.978 [pid:31753] - debug: [ip] ::ffff:221.149.194.196
2017-10-05 11:22:38.979 [pid:31753] - debug: [CLIENT INFO] Windows 10.0 / Chrome (61.0.3163.100) / Microsoft Windows
2017-10-05 11:22:38.979 [pid:31753] - debug: [HTTP GET] http://node4.mas-i.com/ads
2017-10-05 11:22:38.980 [pid:31753] - debug: getAdList 컨트롤러 실행
2017-10-05 11:22:38.980 [pid:31753] - debug: [HTTP GET PARAMS] adgroup_id=false
2017-10-05 11:22:38.981 [pid:31753] - debug: SELECTAd 실행
2017-10-05 11:22:38.982 [pid:31753] - debug: [DB 임대됨 threadId = 182638]
2017-10-05 11:22:38.983 [pid:31753] - debug: 클로즈!
2017-10-05 11:22:38.985 [pid:31753] - debug: [DB 반납됨 threadId = 182638]
2017-10-05 11:22:38.987 [pid:31753] - sql: [threadId=182638] SELECT * FROM naver_shopping_ad WHERE adgroup_id = false
2017-10-05 11:22:38.987 [pid:31753] - sql: selected data: 
2017-10-05 11:22:38.988 [pid:31753] - debug: [STATUS 200] OK-SUCCESS
2017-10-05 11:22:38.989 [pid:31753] - debug: ---------- client disconnection ------------
2017-10-05 11:22:38.989 [pid:31753] - debug: runtime=12ms
2017-10-05 11:22:38.989 [pid:31753] - debug: 
2017-10-05 11:29:06.628 [pid:32374] - debug: ------------ client connection ------------
2017-10-05 11:29:06.629 [pid:32374] - debug: [Process Id] 32374
2017-10-05 11:29:06.630 [pid:32374] - debug: [ip] ::ffff:221.149.194.196
2017-10-05 11:29:06.633 [pid:32374] - debug: [CLIENT INFO] Windows 10.0 / Chrome (61.0.3163.100) / Microsoft Windows
2017-10-05 11:29:06.633 [pid:32374] - debug: [HTTP GET] http://node4.mas-i.com/
2017-10-05 11:29:06.642 [pid:32374] - debug: ---------- client disconnection ------------
2017-10-05 11:29:06.642 [pid:32374] - debug: runtime=19ms
2017-10-05 11:29:06.643 [pid:32374] - debug: 
2017-10-05 11:29:06.756 [pid:32374] - debug: ------------ client connection ------------
2017-10-05 11:29:06.758 [pid:32374] - debug: [Process Id] 32374
2017-10-05 11:29:06.760 [pid:32374] - debug: [ip] ::ffff:221.149.194.196
2017-10-05 11:29:06.762 [pid:32374] - debug: [CLIENT INFO] Windows 10.0 / Chrome (61.0.3163.100) / Microsoft Windows
2017-10-05 11:29:06.762 [pid:32374] - debug: [HTTP GET] http://node4.mas-i.com/inline.bundle.js
2017-10-05 11:29:06.767 [pid:32374] - debug: ------------ client connection ------------
2017-10-05 11:29:06.767 [pid:32374] - debug: [Process Id] 32374
2017-10-05 11:29:06.769 [pid:32374] - debug: [ip] ::ffff:221.149.194.196
2017-10-05 11:29:06.770 [pid:32374] - debug: [CLIENT INFO] Windows 10.0 / Chrome (61.0.3163.100) / Microsoft Windows
2017-10-05 11:29:06.772 [pid:32374] - debug: [HTTP GET] http://node4.mas-i.com/polyfills.bundle.js
2017-10-05 11:29:06.774 [pid:32374] - debug: ------------ client connection ------------
2017-10-05 11:29:06.775 [pid:32374] - debug: [Process Id] 32374
2017-10-05 11:29:06.776 [pid:32374] - debug: [ip] ::ffff:221.149.194.196
2017-10-05 11:29:06.776 [pid:32374] - debug: [CLIENT INFO] Windows 10.0 / Chrome (61.0.3163.100) / Microsoft Windows
2017-10-05 11:29:06.777 [pid:32374] - debug: [HTTP GET] http://node4.mas-i.com/styles.bundle.js
2017-10-05 11:29:06.788 [pid:32374] - debug: ------------ client connection ------------
2017-10-05 11:29:06.788 [pid:32374] - debug: [Process Id] 32374
2017-10-05 11:29:06.789 [pid:32374] - debug: [ip] ::ffff:221.149.194.196
2017-10-05 11:29:06.789 [pid:32374] - debug: [CLIENT INFO] Windows 10.0 / Chrome (61.0.3163.100) / Microsoft Windows
2017-10-05 11:29:06.789 [pid:32374] - debug: [HTTP GET] http://node4.mas-i.com/vendor.bundle.js
2017-10-05 11:29:06.790 [pid:32374] - debug: ------------ client connection ------------
2017-10-05 11:29:06.791 [pid:32374] - debug: [Process Id] 32374
2017-10-05 11:29:06.791 [pid:32374] - debug: [ip] ::ffff:221.149.194.196
2017-10-05 11:29:06.792 [pid:32374] - debug: [CLIENT INFO] Windows 10.0 / Chrome (61.0.3163.100) / Microsoft Windows
2017-10-05 11:29:06.792 [pid:32374] - debug: [HTTP GET] http://node4.mas-i.com/main.bundle.js
2017-10-05 11:29:06.795 [pid:32374] - debug: ---------- client disconnection ------------
2017-10-05 11:29:06.796 [pid:32374] - debug: runtime=40ms
2017-10-05 11:29:06.796 [pid:32374] - debug: 
2017-10-05 11:29:06.799 [pid:32374] - debug: ---------- client disconnection ------------
2017-10-05 11:29:06.799 [pid:32374] - debug: runtime=9ms
2017-10-05 11:29:06.799 [pid:32374] - debug: 
2017-10-05 11:29:07.018 [pid:32374] - debug: ---------- client disconnection ------------
2017-10-05 11:29:07.018 [pid:32374] - debug: runtime=245ms
2017-10-05 11:29:07.019 [pid:32374] - debug: 
2017-10-05 11:29:07.065 [pid:32374] - debug: ---------- client disconnection ------------
2017-10-05 11:29:07.066 [pid:32374] - debug: runtime=299ms
2017-10-05 11:29:07.066 [pid:32374] - debug: 
2017-10-05 11:29:09.454 [pid:32374] - debug: ---------- client disconnection ------------
2017-10-05 11:29:09.454 [pid:32374] - debug: runtime=2666ms
2017-10-05 11:29:09.454 [pid:32374] - debug: 
2017-10-05 11:29:09.805 [pid:32374] - debug: ------------ client connection ------------
2017-10-05 11:29:09.806 [pid:32374] - debug: [Process Id] 32374
2017-10-05 11:29:09.806 [pid:32374] - debug: [ip] ::ffff:221.149.194.196
2017-10-05 11:29:09.807 [pid:32374] - debug: [CLIENT INFO] Windows 10.0 / Chrome (61.0.3163.100) / Microsoft Windows
2017-10-05 11:29:09.807 [pid:32374] - debug: [HTTP GET] http://node4.mas-i.com/adgroups
2017-10-05 11:29:09.809 [pid:32374] - debug: getAdgroupList 컨트롤러 실행
2017-10-05 11:29:09.809 [pid:32374] - debug: SELECTAdgroup 실행
2017-10-05 11:29:09.984 [pid:32374] - debug: [DB 접속됨 threadId = 182749]
2017-10-05 11:29:09.984 [pid:32374] - debug: [DB 임대됨 threadId = 182749]
2017-10-05 11:29:09.985 [pid:32374] - debug: 클로즈!
2017-10-05 11:29:09.985 [pid:32374] - debug: [DB 반납됨 threadId = 182749]
2017-10-05 11:29:09.988 [pid:32374] - sql: [threadId=182749] SELECT * FROM naver_shopping_adgroup
2017-10-05 11:29:09.988 [pid:32374] - sql: selected data: 
2017-10-05 11:29:09.988 [pid:32374] - debug: [STATUS 200] OK-SUCCESS
2017-10-05 11:29:09.990 [pid:32374] - debug: ---------- client disconnection ------------
2017-10-05 11:29:09.990 [pid:32374] - debug: runtime=185ms
2017-10-05 11:29:09.990 [pid:32374] - debug: 
