2017-09-13 20:31:54.791 [pid:30116] - debug: ------------ client connection ------------
2017-09-13 20:31:54.794 [pid:30116] - debug: [Process Id] 30116
2017-09-13 20:31:54.796 [pid:30116] - debug: [ip] ::ffff:125.131.99.75
2017-09-13 20:31:54.800 [pid:30116] - debug: [CLIENT INFO] Windows 10.0 / Chrome (60.0.3112.113) / Microsoft Windows
2017-09-13 20:31:54.800 [pid:30116] - debug: [HTTP GET] http://121.124.124.178/
2017-09-13 20:31:54.812 [pid:30116] - debug: ---------- client disconnection ------------
2017-09-13 20:31:54.813 [pid:30116] - debug: runtime=37ms
2017-09-13 20:31:54.813 [pid:30116] - debug: 
2017-09-13 20:31:54.815 [pid:30116] - debug: transferred : /opt/www/banana/src/index.html
2017-09-13 21:10:06.687 [pid:12005] - debug: ------------ client connection ------------
2017-09-13 21:10:06.691 [pid:12005] - debug: [Process Id] 12005
2017-09-13 21:10:06.692 [pid:12005] - debug: [ip] ::ffff:125.131.99.75
2017-09-13 21:10:06.693 [pid:12005] - debug: [CLIENT INFO] Windows 10.0 / Chrome (60.0.3112.113) / Microsoft Windows
2017-09-13 21:10:06.693 [pid:12005] - debug: [HTTP GET] http://121.124.124.178/
2017-09-13 21:10:06.707 [pid:12005] - debug: ---------- client disconnection ------------
2017-09-13 21:10:06.707 [pid:12005] - debug: runtime=34ms
2017-09-13 21:10:06.707 [pid:12005] - debug: 
2017-09-13 21:10:06.709 [pid:12005] - debug: transferred : /opt/www/banana/src/index.html
2017-09-13 21:17:58.665 [pid:27935] - debug: ------------ client connection ------------
2017-09-13 21:17:58.667 [pid:27935] - debug: [Process Id] 27935
2017-09-13 21:17:58.668 [pid:27935] - debug: [ip] ::ffff:125.131.99.75
2017-09-13 21:17:58.668 [pid:27935] - debug: [CLIENT INFO] Windows 10.0 / Chrome (60.0.3112.113) / Microsoft Windows
2017-09-13 21:17:58.668 [pid:27935] - debug: [HTTP GET] http://121.124.124.178/
2017-09-13 21:17:58.678 [pid:27935] - debug: ---------- client disconnection ------------
2017-09-13 21:17:58.678 [pid:27935] - debug: runtime=17ms
2017-09-13 21:17:58.678 [pid:27935] - debug: 
2017-09-13 21:17:58.749 [pid:27935] - debug: ------------ client connection ------------
2017-09-13 21:17:58.752 [pid:27935] - debug: [Process Id] 27935
2017-09-13 21:17:58.754 [pid:27935] - debug: [ip] ::ffff:125.131.99.75
2017-09-13 21:17:58.756 [pid:27935] - debug: [CLIENT INFO] Windows 10.0 / Chrome (60.0.3112.113) / Microsoft Windows
2017-09-13 21:17:58.758 [pid:27935] - debug: [HTTP GET] http://121.124.124.178/inline.bundle.js
2017-09-13 21:17:58.764 [pid:27935] - debug: ------------ client connection ------------
2017-09-13 21:17:58.765 [pid:27935] - debug: [Process Id] 27935
2017-09-13 21:17:58.766 [pid:27935] - debug: [ip] ::ffff:125.131.99.75
2017-09-13 21:17:58.767 [pid:27935] - debug: [CLIENT INFO] Windows 10.0 / Chrome (60.0.3112.113) / Microsoft Windows
2017-09-13 21:17:58.769 [pid:27935] - debug: [HTTP GET] http://121.124.124.178/polyfills.bundle.js
2017-09-13 21:17:58.775 [pid:27935] - debug: ------------ client connection ------------
2017-09-13 21:17:58.776 [pid:27935] - debug: [Process Id] 27935
2017-09-13 21:17:58.778 [pid:27935] - debug: [ip] ::ffff:125.131.99.75
2017-09-13 21:17:58.778 [pid:27935] - debug: [CLIENT INFO] Windows 10.0 / Chrome (60.0.3112.113) / Microsoft Windows
2017-09-13 21:17:58.779 [pid:27935] - debug: [HTTP GET] http://121.124.124.178/styles.bundle.js
2017-09-13 21:17:58.781 [pid:27935] - debug: ------------ client connection ------------
2017-09-13 21:17:58.781 [pid:27935] - debug: [Process Id] 27935
2017-09-13 21:17:58.782 [pid:27935] - debug: [ip] ::ffff:125.131.99.75
2017-09-13 21:17:58.782 [pid:27935] - debug: [CLIENT INFO] Windows 10.0 / Chrome (60.0.3112.113) / Microsoft Windows
2017-09-13 21:17:58.782 [pid:27935] - debug: [HTTP GET] http://121.124.124.178/vendor.bundle.js
2017-09-13 21:17:58.783 [pid:27935] - debug: ------------ client connection ------------
2017-09-13 21:17:58.784 [pid:27935] - debug: [Process Id] 27935
2017-09-13 21:17:58.784 [pid:27935] - debug: [ip] ::ffff:125.131.99.75
2017-09-13 21:17:58.784 [pid:27935] - debug: [CLIENT INFO] Windows 10.0 / Chrome (60.0.3112.113) / Microsoft Windows
2017-09-13 21:17:58.785 [pid:27935] - debug: [HTTP GET] http://121.124.124.178/main.bundle.js
2017-09-13 21:17:58.788 [pid:27935] - debug: ---------- client disconnection ------------
2017-09-13 21:17:58.789 [pid:27935] - debug: runtime=39ms
2017-09-13 21:17:58.789 [pid:27935] - debug: 
2017-09-13 21:17:58.792 [pid:27935] - debug: ---------- client disconnection ------------
2017-09-13 21:17:58.793 [pid:27935] - debug: runtime=18ms
2017-09-13 21:17:58.793 [pid:27935] - debug: 
2017-09-13 21:17:58.795 [pid:27935] - debug: ---------- client disconnection ------------
2017-09-13 21:17:58.795 [pid:27935] - debug: runtime=12ms
2017-09-13 21:17:58.795 [pid:27935] - debug: 
2017-09-13 21:17:58.982 [pid:27935] - debug: ---------- client disconnection ------------
2017-09-13 21:17:58.982 [pid:27935] - debug: runtime=219ms
2017-09-13 21:17:58.983 [pid:27935] - debug: 
2017-09-13 21:18:00.619 [pid:27935] - debug: ---------- client disconnection ------------
2017-09-13 21:18:00.620 [pid:27935] - debug: runtime=1840ms
2017-09-13 21:18:00.620 [pid:27935] - debug: 
2017-09-13 21:18:08.478 [pid:27935] - debug: ------------ client connection ------------
2017-09-13 21:18:08.478 [pid:27935] - debug: [Process Id] 27935
2017-09-13 21:18:08.479 [pid:27935] - debug: [ip] ::ffff:125.131.99.75
2017-09-13 21:18:08.479 [pid:27935] - debug: [CLIENT INFO] Windows 10.0 / Chrome (60.0.3112.113) / Microsoft Windows
2017-09-13 21:18:08.480 [pid:27935] - debug: [HTTP GET] http://121.124.124.178/inline.bundle.js.map
2017-09-13 21:18:08.486 [pid:27935] - debug: ---------- client disconnection ------------
2017-09-13 21:18:08.486 [pid:27935] - debug: runtime=9ms
2017-09-13 21:18:08.486 [pid:27935] - debug: 
2017-09-13 21:18:08.487 [pid:27935] - debug: ------------ client connection ------------
2017-09-13 21:18:08.487 [pid:27935] - debug: [Process Id] 27935
2017-09-13 21:18:08.487 [pid:27935] - debug: [ip] ::ffff:125.131.99.75
2017-09-13 21:18:08.487 [pid:27935] - debug: [CLIENT INFO] Windows 10.0 / Chrome (60.0.3112.113) / Microsoft Windows
2017-09-13 21:18:08.487 [pid:27935] - debug: [HTTP GET] http://121.124.124.178/styles.bundle.js.map
2017-09-13 21:18:08.488 [pid:27935] - debug: ------------ client connection ------------
2017-09-13 21:18:08.488 [pid:27935] - debug: [Process Id] 27935
2017-09-13 21:18:08.492 [pid:27935] - debug: [ip] ::ffff:125.131.99.75
2017-09-13 21:18:08.492 [pid:27935] - debug: [CLIENT INFO] Windows 10.0 / Chrome (60.0.3112.113) / Microsoft Windows
2017-09-13 21:18:08.494 [pid:27935] - debug: [HTTP GET] http://121.124.124.178/polyfills.bundle.js.map
2017-09-13 21:18:08.496 [pid:27935] - debug: ------------ client connection ------------
2017-09-13 21:18:08.496 [pid:27935] - debug: [Process Id] 27935
2017-09-13 21:18:08.496 [pid:27935] - debug: [ip] ::ffff:125.131.99.75
2017-09-13 21:18:08.496 [pid:27935] - debug: [CLIENT INFO] Windows 10.0 / Chrome (60.0.3112.113) / Microsoft Windows
2017-09-13 21:18:08.497 [pid:27935] - debug: [HTTP GET] http://121.124.124.178/main.bundle.js.map
2017-09-13 21:18:08.497 [pid:27935] - debug: ------------ client connection ------------
2017-09-13 21:18:08.497 [pid:27935] - debug: [Process Id] 27935
2017-09-13 21:18:08.497 [pid:27935] - debug: [ip] ::ffff:125.131.99.75
2017-09-13 21:18:08.498 [pid:27935] - debug: [CLIENT INFO] Windows 10.0 / Chrome (60.0.3112.113) / Microsoft Windows
2017-09-13 21:18:08.498 [pid:27935] - debug: [HTTP GET] http://121.124.124.178/vendor.bundle.js.map
2017-09-13 21:18:08.498 [pid:27935] - debug: ---------- client disconnection ------------
2017-09-13 21:18:08.498 [pid:27935] - debug: runtime=12ms
2017-09-13 21:18:08.498 [pid:27935] - debug: 
2017-09-13 21:18:08.499 [pid:27935] - debug: ---------- client disconnection ------------
2017-09-13 21:18:08.499 [pid:27935] - debug: runtime=3ms
2017-09-13 21:18:08.499 [pid:27935] - debug: 
2017-09-13 21:18:08.886 [pid:27935] - debug: ---------- client disconnection ------------
2017-09-13 21:18:08.887 [pid:27935] - debug: runtime=399ms
2017-09-13 21:18:08.887 [pid:27935] - debug: 
2017-09-13 21:18:14.065 [pid:27935] - debug: ---------- client disconnection ------------
2017-09-13 21:18:14.066 [pid:27935] - debug: runtime=5568ms
2017-09-13 21:18:14.066 [pid:27935] - debug: 
2017-09-13 22:49:47.673 [pid:5058] - debug: ------------ client connection ------------
2017-09-13 22:49:47.675 [pid:5058] - debug: [Process Id] 5058
2017-09-13 22:49:47.676 [pid:5058] - debug: [ip] ::ffff:125.131.99.75
2017-09-13 22:49:47.676 [pid:5058] - debug: [CLIENT INFO] unknown / insomnia (5.8.3) / unknown
2017-09-13 22:49:47.680 [pid:5058] - debug: [HTTP PUT] http://node4.mas-i.com/adgroup_list
2017-09-13 22:49:47.694 [pid:5058] - debug: 애드그룹 PUT 컨트롤러 실행
2017-09-13 22:49:47.695 [pid:5058] - debug: [HTTP PUT PARAMS] adgroup_id=grp-a001-02-000000002977906,grp-a001-02-000000002977929
2017-09-13 22:49:47.695 [pid:5058] - debug: [HTTP PUT PARAMS] is_on_stage=false
2017-09-13 22:49:47.695 [pid:5058] - debug: [HTTP PUT PARAMS] is_bidding=1,1
2017-09-13 22:49:47.695 [pid:5058] - debug: UPDATEAdgroupIsOnStage 실행
2017-09-13 22:49:47.699 [pid:5058] - debug: UPDATEAdgroupIsBidding 실행
2017-09-13 22:49:47.888 [pid:5058] - debug: [DB 접속됨 threadId = 499034]
2017-09-13 22:49:47.889 [pid:5058] - debug: [DB 임대됨 threadId = 499034]
2017-09-13 22:49:47.906 [pid:5058] - sql: [threadId=499034] UPDATE naver_shopping_adgroup SET is_on_stage = CASE WHEN id = 'grp-a001-02-000000002977906' THEN undefined ELSE is_on_stage END, is_on_stage = CASE WHEN id = 'grp-a001-02-000000002977929' THEN undefined ELSE is_on_stage END WHERE id IN ('grp-a001-02-000000002977906', 'grp-a001-02-000000002977929')
2017-09-13 22:49:47.906 [pid:5058] - error: [threadId=499034] Error1054: ER_BAD_FIELD_ERROR: Unknown column 'undefined' in 'field list'
2017-09-13 22:49:47.907 [pid:5058] - error: [STATUS 500] Server Error-UPDATEAdgroupIsOnStage 데이터조회 실패
2017-09-13 22:49:47.914 [pid:5058] - debug: 클로즈!
2017-09-13 22:49:47.915 [pid:5058] - debug: [DB 반납됨 threadId = 499034]
2017-09-13 22:49:47.915 [pid:5058] - debug: ---------- client disconnection ------------
2017-09-13 22:49:47.915 [pid:5058] - debug: runtime=249ms
2017-09-13 22:49:47.916 [pid:5058] - debug: 
2017-09-13 22:49:47.919 [pid:5058] - debug: [DB 접속됨 threadId = 499035]
2017-09-13 22:49:47.920 [pid:5058] - debug: [DB 임대됨 threadId = 499035]
2017-09-13 22:49:47.972 [pid:5058] - sql: [threadId=499035] UPDATE naver_shopping_adgroup SET is_bidding = CASE WHEN id = 'grp-a001-02-000000002977906' THEN 1 ELSE is_bidding END, is_bidding = CASE WHEN id = 'grp-a001-02-000000002977929' THEN 1 ELSE is_bidding END WHERE id IN ('grp-a001-02-000000002977906', 'grp-a001-02-000000002977929')
2017-09-13 22:49:47.972 [pid:5058] - sql: affectedRows: 2
2017-09-13 22:49:47.973 [pid:5058] - debug: [STATUS 200] OK-SUCCESS
2017-09-13 22:49:48.007 [pid:5058] - debug:  >> 모든 DATABASE 접속이 해제됨
2017-09-13 22:51:34.839 [pid:10558] - debug: ------------ client connection ------------
2017-09-13 22:51:34.841 [pid:10558] - debug: [Process Id] 10558
2017-09-13 22:51:34.842 [pid:10558] - debug: [ip] ::ffff:125.131.99.75
2017-09-13 22:51:34.842 [pid:10558] - debug: [CLIENT INFO] unknown / insomnia (5.8.3) / unknown
2017-09-13 22:51:34.842 [pid:10558] - debug: [HTTP PUT] http://node4.mas-i.com/adgroup_list
2017-09-13 22:51:34.856 [pid:10558] - debug: 애드그룹 PUT 컨트롤러 실행
2017-09-13 22:51:34.857 [pid:10558] - debug: [HTTP PUT PARAMS] adgroup_id=grp-a001-02-000000002977906,grp-a001-02-000000002977929
2017-09-13 22:51:34.857 [pid:10558] - debug: [HTTP PUT PARAMS] is_on_stage=false
2017-09-13 22:51:34.857 [pid:10558] - debug: [HTTP PUT PARAMS] is_bidding=1,1
2017-09-13 22:51:34.858 [pid:10558] - debug: UPDATEAdgroupIsOnStage 실행
2017-09-13 22:51:34.861 [pid:10558] - debug: UPDATEAdgroupIsBidding 실행
2017-09-13 22:51:35.038 [pid:10558] - debug: [DB 접속됨 threadId = 499039]
2017-09-13 22:51:35.039 [pid:10558] - debug: [DB 임대됨 threadId = 499039]
2017-09-13 22:51:35.054 [pid:10558] - sql: [threadId=499039] UPDATE naver_shopping_adgroup SET is_on_stage = CASE WHEN id = 'grp-a001-02-000000002977906' THEN undefined ELSE is_on_stage END, is_on_stage = CASE WHEN id = 'grp-a001-02-000000002977929' THEN undefined ELSE is_on_stage END WHERE id IN ('grp-a001-02-000000002977906', 'grp-a001-02-000000002977929')
2017-09-13 22:51:35.055 [pid:10558] - error: [threadId=499039] Error1054: ER_BAD_FIELD_ERROR: Unknown column 'undefined' in 'field list'
2017-09-13 22:51:35.056 [pid:10558] - error: [STATUS 500] Server Error-UPDATEAdgroupIsOnStage 데이터조회 실패
2017-09-13 22:51:35.064 [pid:10558] - debug: 클로즈!
2017-09-13 22:51:35.065 [pid:10558] - debug: [DB 반납됨 threadId = 499039]
2017-09-13 22:51:35.066 [pid:10558] - debug: ---------- client disconnection ------------
2017-09-13 22:51:35.066 [pid:10558] - debug: runtime=231ms
2017-09-13 22:51:35.067 [pid:10558] - debug: 
2017-09-13 22:51:35.218 [pid:10558] - debug: [DB 접속됨 threadId = 499040]
2017-09-13 22:51:35.219 [pid:10558] - debug: [DB 임대됨 threadId = 499040]
2017-09-13 22:51:35.279 [pid:10558] - sql: [threadId=499040] UPDATE naver_shopping_adgroup SET is_bidding = CASE WHEN id = 'grp-a001-02-000000002977906' THEN 1 ELSE is_bidding END, is_bidding = CASE WHEN id = 'grp-a001-02-000000002977929' THEN 1 ELSE is_bidding END WHERE id IN ('grp-a001-02-000000002977906', 'grp-a001-02-000000002977929')
2017-09-13 22:51:35.279 [pid:10558] - sql: affectedRows: 2
2017-09-13 22:51:35.280 [pid:10558] - debug: [STATUS 200] OK-SUCCESS
2017-09-13 22:51:35.321 [pid:10558] - debug:  >> 모든 DATABASE 접속이 해제됨
2017-09-13 22:52:30.551 [pid:12734] - debug: ------------ client connection ------------
2017-09-13 22:52:30.553 [pid:12734] - debug: [Process Id] 12734
2017-09-13 22:52:30.553 [pid:12734] - debug: [ip] ::ffff:125.131.99.75
2017-09-13 22:52:30.554 [pid:12734] - debug: [CLIENT INFO] unknown / insomnia (5.8.3) / unknown
2017-09-13 22:52:30.554 [pid:12734] - debug: [HTTP PUT] http://node4.mas-i.com/adgroup_list
2017-09-13 22:52:30.568 [pid:12734] - debug: 애드그룹 PUT 컨트롤러 실행
2017-09-13 22:52:30.568 [pid:12734] - debug: [HTTP PUT PARAMS] adgroup_id=grp-a001-02-000000002977906,grp-a001-02-000000002977929
2017-09-13 22:52:30.568 [pid:12734] - debug: [HTTP PUT PARAMS] is_on_stage=false
2017-09-13 22:52:30.569 [pid:12734] - debug: [HTTP PUT PARAMS] is_bidding=1,1
2017-09-13 22:52:30.569 [pid:12734] - debug: is_on_stage_arr :  false
2017-09-13 22:52:30.571 [pid:12734] - debug: is_bidding_arr :  
{ '0': '1', '1': '1' }
2017-09-13 22:52:30.571 [pid:12734] - debug: UPDATEAdgroupIsOnStage 실행
2017-09-13 22:52:30.574 [pid:12734] - debug: UPDATEAdgroupIsBidding 실행
2017-09-13 22:52:30.669 [pid:12734] - debug: [DB 접속됨 threadId = 499041]
2017-09-13 22:52:30.670 [pid:12734] - debug: [DB 임대됨 threadId = 499041]
2017-09-13 22:52:30.683 [pid:12734] - sql: [threadId=499041] UPDATE naver_shopping_adgroup SET is_on_stage = CASE WHEN id = 'grp-a001-02-000000002977906' THEN undefined ELSE is_on_stage END, is_on_stage = CASE WHEN id = 'grp-a001-02-000000002977929' THEN undefined ELSE is_on_stage END WHERE id IN ('grp-a001-02-000000002977906', 'grp-a001-02-000000002977929')
2017-09-13 22:52:30.684 [pid:12734] - error: [threadId=499041] Error1054: ER_BAD_FIELD_ERROR: Unknown column 'undefined' in 'field list'
2017-09-13 22:52:30.685 [pid:12734] - error: [STATUS 500] Server Error-UPDATEAdgroupIsOnStage 데이터조회 실패
2017-09-13 22:52:30.691 [pid:12734] - debug: 클로즈!
2017-09-13 22:52:30.692 [pid:12734] - debug: [DB 반납됨 threadId = 499041]
2017-09-13 22:52:30.693 [pid:12734] - debug: ---------- client disconnection ------------
2017-09-13 22:52:30.693 [pid:12734] - debug: runtime=146ms
2017-09-13 22:52:30.694 [pid:12734] - debug: 
2017-09-13 22:52:30.697 [pid:12734] - debug: [DB 접속됨 threadId = 499042]
2017-09-13 22:52:30.698 [pid:12734] - debug: [DB 임대됨 threadId = 499042]
2017-09-13 22:52:30.700 [pid:12734] - sql: [threadId=499042] UPDATE naver_shopping_adgroup SET is_bidding = CASE WHEN id = 'grp-a001-02-000000002977906' THEN 1 ELSE is_bidding END, is_bidding = CASE WHEN id = 'grp-a001-02-000000002977929' THEN 1 ELSE is_bidding END WHERE id IN ('grp-a001-02-000000002977906', 'grp-a001-02-000000002977929')
2017-09-13 22:52:30.700 [pid:12734] - sql: affectedRows: 2
2017-09-13 22:52:30.700 [pid:12734] - debug: [STATUS 200] OK-SUCCESS
2017-09-13 22:52:30.710 [pid:12734] - debug:  >> 모든 DATABASE 접속이 해제됨
2017-09-13 22:54:04.985 [pid:17283] - debug: ------------ client connection ------------
2017-09-13 22:54:04.987 [pid:17283] - debug: [Process Id] 17283
2017-09-13 22:54:04.988 [pid:17283] - debug: [ip] ::ffff:125.131.99.75
2017-09-13 22:54:04.988 [pid:17283] - debug: [CLIENT INFO] unknown / insomnia (5.8.3) / unknown
2017-09-13 22:54:04.992 [pid:17283] - debug: [HTTP PUT] http://node4.mas-i.com/adgroup_list
2017-09-13 22:54:05.006 [pid:17283] - debug: 애드그룹 PUT 컨트롤러 실행
2017-09-13 22:54:05.007 [pid:17283] - debug: [HTTP PUT PARAMS] adgroup_id=grp-a001-02-000000002977906,grp-a001-02-000000002977929
2017-09-13 22:54:05.007 [pid:17283] - debug: [HTTP PUT PARAMS] is_on_stage=false
2017-09-13 22:54:05.007 [pid:17283] - debug: [HTTP PUT PARAMS] is_bidding=1,1
2017-09-13 22:54:05.008 [pid:17283] - debug: is_on_stage_arr :  false
2017-09-13 22:54:05.010 [pid:17283] - debug: is_bidding_arr :  
{ '0': '1', '1': '1' }
2017-09-13 22:54:05.010 [pid:17283] - debug: UPDATEAdgroupIsBidding 실행
2017-09-13 22:54:05.093 [pid:17283] - debug: [DB 접속됨 threadId = 499044]
2017-09-13 22:54:05.094 [pid:17283] - debug: [DB 임대됨 threadId = 499044]
2017-09-13 22:54:05.133 [pid:17283] - sql: [threadId=499044] UPDATE naver_shopping_adgroup SET is_bidding = CASE WHEN id = 'grp-a001-02-000000002977906' THEN 1 ELSE is_bidding END, is_bidding = CASE WHEN id = 'grp-a001-02-000000002977929' THEN 1 ELSE is_bidding END WHERE id IN ('grp-a001-02-000000002977906', 'grp-a001-02-000000002977929')
2017-09-13 22:54:05.133 [pid:17283] - sql: affectedRows: 2
2017-09-13 22:54:05.135 [pid:17283] - debug: [STATUS 200] OK-SUCCESS
2017-09-13 22:54:05.138 [pid:17283] - debug: 클로즈!
2017-09-13 22:54:05.139 [pid:17283] - debug: [DB 반납됨 threadId = 499044]
2017-09-13 22:54:05.139 [pid:17283] - debug: ---------- client disconnection ------------
2017-09-13 22:54:05.139 [pid:17283] - debug: runtime=161ms
2017-09-13 22:54:05.140 [pid:17283] - debug: 
2017-09-13 23:22:08.416 [pid:17283] - debug: ------------ client connection ------------
2017-09-13 23:22:08.419 [pid:17283] - debug: [Process Id] 17283
2017-09-13 23:22:08.420 [pid:17283] - debug: [ip] ::ffff:139.99.104.209
2017-09-13 23:22:08.420 [pid:17283] - debug: [CLIENT INFO] unknown / unknown (undefined) / unknown
2017-09-13 23:22:08.420 [pid:17283] - debug: [HTTP GET] http://121.124.124.178/muieblackcat
2017-09-13 23:22:08.426 [pid:17283] - debug: ---------- client disconnection ------------
2017-09-13 23:22:08.426 [pid:17283] - debug: runtime=10ms
2017-09-13 23:22:08.427 [pid:17283] - debug: 
2017-09-13 23:22:08.936 [pid:17283] - debug: ------------ client connection ------------
2017-09-13 23:22:08.937 [pid:17283] - debug: [Process Id] 17283
2017-09-13 23:22:08.938 [pid:17283] - debug: [ip] ::ffff:139.99.104.209
2017-09-13 23:22:08.939 [pid:17283] - debug: [CLIENT INFO] unknown / unknown (undefined) / unknown
2017-09-13 23:22:08.939 [pid:17283] - debug: [HTTP GET] http://121.124.124.178//phpMyAdmin/scripts/setup.php
2017-09-13 23:22:08.941 [pid:17283] - debug: ---------- client disconnection ------------
2017-09-13 23:22:08.941 [pid:17283] - debug: runtime=5ms
2017-09-13 23:22:08.941 [pid:17283] - debug: 
2017-09-13 23:22:09.503 [pid:17283] - debug: ------------ client connection ------------
2017-09-13 23:22:09.504 [pid:17283] - debug: [Process Id] 17283
2017-09-13 23:22:09.506 [pid:17283] - debug: [ip] ::ffff:139.99.104.209
2017-09-13 23:22:09.506 [pid:17283] - debug: [CLIENT INFO] unknown / unknown (undefined) / unknown
2017-09-13 23:22:09.507 [pid:17283] - debug: [HTTP GET] http://121.124.124.178//phpmyadmin/scripts/setup.php
2017-09-13 23:22:09.508 [pid:17283] - debug: ---------- client disconnection ------------
2017-09-13 23:22:09.508 [pid:17283] - debug: runtime=5ms
2017-09-13 23:22:09.508 [pid:17283] - debug: 
2017-09-13 23:22:10.057 [pid:17283] - debug: ------------ client connection ------------
2017-09-13 23:22:10.060 [pid:17283] - debug: [Process Id] 17283
2017-09-13 23:22:10.061 [pid:17283] - debug: [ip] ::ffff:139.99.104.209
2017-09-13 23:22:10.061 [pid:17283] - debug: [CLIENT INFO] unknown / unknown (undefined) / unknown
2017-09-13 23:22:10.061 [pid:17283] - debug: [HTTP GET] http://121.124.124.178//pma/scripts/setup.php
2017-09-13 23:22:10.062 [pid:17283] - debug: ---------- client disconnection ------------
2017-09-13 23:22:10.062 [pid:17283] - debug: runtime=5ms
2017-09-13 23:22:10.062 [pid:17283] - debug: 
2017-09-13 23:22:10.976 [pid:17283] - debug: ------------ client connection ------------
2017-09-13 23:22:10.977 [pid:17283] - debug: [Process Id] 17283
2017-09-13 23:22:10.978 [pid:17283] - debug: [ip] ::ffff:139.99.104.209
2017-09-13 23:22:10.978 [pid:17283] - debug: [CLIENT INFO] unknown / unknown (undefined) / unknown
2017-09-13 23:22:10.979 [pid:17283] - debug: [HTTP GET] http://121.124.124.178//myadmin/scripts/setup.php
2017-09-13 23:22:10.981 [pid:17283] - debug: ---------- client disconnection ------------
2017-09-13 23:22:10.981 [pid:17283] - debug: runtime=5ms
2017-09-13 23:22:10.981 [pid:17283] - debug: 
2017-09-13 23:22:11.502 [pid:17283] - debug: ------------ client connection ------------
2017-09-13 23:22:11.502 [pid:17283] - debug: [Process Id] 17283
2017-09-13 23:22:11.503 [pid:17283] - debug: [ip] ::ffff:139.99.104.209
2017-09-13 23:22:11.507 [pid:17283] - debug: [CLIENT INFO] unknown / unknown (undefined) / unknown
2017-09-13 23:22:11.509 [pid:17283] - debug: [HTTP GET] http://121.124.124.178//MyAdmin/scripts/setup.php
2017-09-13 23:22:11.510 [pid:17283] - debug: ---------- client disconnection ------------
2017-09-13 23:22:11.510 [pid:17283] - debug: runtime=9ms
2017-09-13 23:22:11.510 [pid:17283] - debug: 
