2017-09-14 21:22:54.969 [pid:1955] - debug: ------------ client connection ------------
2017-09-14 21:22:54.971 [pid:1955] - debug: [Process Id] 1955
2017-09-14 21:22:54.972 [pid:1955] - debug: [ip] ::ffff:95.108.181.100
2017-09-14 21:22:54.972 [pid:1955] - debug: [CLIENT INFO] unknown / unknown (undefined) / unknown
2017-09-14 21:22:54.972 [pid:1955] - debug: [HTTP GET] http://node4.mas-i.com/robots.txt
2017-09-14 21:22:54.985 [pid:1955] - debug: ---------- client disconnection ------------
2017-09-14 21:22:54.986 [pid:1955] - debug: runtime=20ms
2017-09-14 21:22:54.986 [pid:1955] - debug: 
2017-09-14 21:22:59.336 [pid:1955] - debug: ------------ client connection ------------
2017-09-14 21:22:59.337 [pid:1955] - debug: [Process Id] 1955
2017-09-14 21:22:59.339 [pid:1955] - debug: [ip] ::ffff:5.45.207.11
2017-09-14 21:22:59.341 [pid:1955] - debug: [CLIENT INFO] unknown / unknown (undefined) / unknown
2017-09-14 21:22:59.342 [pid:1955] - debug: [HTTP GET] http://node4.mas-i.com/
2017-09-14 21:22:59.356 [pid:1955] - debug: ---------- client disconnection ------------
2017-09-14 21:22:59.359 [pid:1955] - debug: runtime=22ms
2017-09-14 21:22:59.359 [pid:1955] - debug: 
2017-09-14 22:42:46.089 [pid:1955] - debug: ------------ client connection ------------
2017-09-14 22:42:46.090 [pid:1955] - debug: [Process Id] 1955
2017-09-14 22:42:46.091 [pid:1955] - debug: [ip] ::ffff:35.182.42.43
2017-09-14 22:42:46.092 [pid:1955] - debug: [CLIENT INFO] Windows 10.0 / Chrome (58.0.3029.110) / Microsoft Windows
2017-09-14 22:42:46.093 [pid:1955] - debug: [HTTP GET] http://121.124.124.178/
2017-09-14 22:42:46.103 [pid:1955] - debug: ---------- client disconnection ------------
2017-09-14 22:42:46.105 [pid:1955] - debug: runtime=18ms
2017-09-14 22:42:46.106 [pid:1955] - debug: 
2017-09-14 23:05:19.818 [pid:1955] - debug: ------------ client connection ------------
2017-09-14 23:05:19.819 [pid:1955] - debug: [Process Id] 1955
2017-09-14 23:05:19.819 [pid:1955] - debug: [ip] ::ffff:169.53.184.5
2017-09-14 23:05:19.820 [pid:1955] - debug: [CLIENT INFO] Windows 7 / Firefox (31.0) / Microsoft Windows
2017-09-14 23:05:19.820 [pid:1955] - debug: [HTTP GET] http:/
2017-09-14 23:05:19.822 [pid:1955] - debug: ---------- client disconnection ------------
2017-09-14 23:05:19.822 [pid:1955] - debug: runtime=5ms
2017-09-14 23:05:19.822 [pid:1955] - debug: 
